[2020-05-08 06:14:09] local.INFO: done  
[2020-05-08 06:16:49] local.INFO: done  
[2020-05-08 06:19:38] local.INFO: done  
[2020-05-08 06:21:54] local.INFO: done  
[2020-05-08 06:23:36] local.INFO: done  
[2020-05-08 06:31:03] local.INFO: done  
[2020-05-08 06:34:12] local.INFO: done  
[2020-05-08 06:40:18] local.INFO: done  
[2020-05-08 07:09:22] local.INFO: done  
[2020-05-08 07:43:58] local.INFO: done  
[2020-05-08 07:48:46] local.INFO: done  
[2020-05-08 07:57:02] local.INFO: done  
[2020-05-08 07:59:27] local.INFO: done  
[2020-05-08 08:33:36] local.INFO: done  
[2020-05-08 11:40:15] local.INFO: done  
[2020-05-08 11:43:57] local.INFO: done  
[2020-05-08 11:53:23] local.INFO: done  
[2020-05-08 12:03:49] local.INFO: done  
[2020-05-08 12:05:53] local.INFO: done  
[2020-05-08 12:17:21] local.INFO: Trying to get property 'email' of non-object  
[2020-05-08 12:18:24] local.INFO: Trying to get property 'email' of non-object  
[2020-05-08 12:19:33] local.INFO: done  
[2020-05-08 12:20:39] local.INFO: Trying to get property 'email' of non-object  
[2020-05-08 12:22:46] local.INFO: done  
[2020-05-08 12:29:13] local.INFO: done  
[2020-05-08 13:07:45] local.INFO: done  
[2020-05-08 13:08:43] local.ERROR: log() expects parameter 1 to be float, string given {"exception":"[object] (ErrorException(code: 0): log() expects parameter 1 to be float, string given at /home/ali/Window/Coding Sight/PhpstormProjects/Project/api-web-auth/app/Jobs/SendPhoneVerificationMessageJob.php:42)
[stacktrace]
#0 [internal function]: Illuminate\\Foundation\\Bootstrap\\HandleExceptions->handleError(2, 'log() expects p...', '/home/ali/Windo...', 42, Array)
#1 /home/ali/Window/Coding Sight/PhpstormProjects/Project/api-web-auth/app/Jobs/SendPhoneVerificationMessageJob.php(42): log('Undefined prope...')
#2 [internal function]: App\\Jobs\\SendPhoneVerificationMessageJob->handle()
#3 /home/ali/Window/Coding Sight/PhpstormProjects/Project/api-web-auth/vendor/laravel/framework/src/Illuminate/Container/BoundMethod.php(32): call_user_func_array(Array, Array)
#4 /home/ali/Window/Coding Sight/PhpstormProjects/Project/api-web-auth/vendor/laravel/framework/src/Illuminate/Container/BoundMethod.php(90): Illuminate\\Container\\BoundMethod::Illuminate\\Container\\{closure}()
#5 /home/ali/Window/Coding Sight/PhpstormProjects/Project/api-web-auth/vendor/laravel/framework/src/Illuminate/Container/BoundMethod.php(34): Illuminate\\Container\\BoundMethod::callBoundMethod(Object(Illuminate\\Foundation\\Application), Array, Object(Closure))
#6 /home/ali/Window/Coding Sight/PhpstormProjects/Project/api-web-auth/vendor/laravel/framework/src/Illuminate/Container/Container.php(576): Illuminate\\Container\\BoundMethod::call(Object(Illuminate\\Foundation\\Application), Array, Array, NULL)
#7 /home/ali/Window/Coding Sight/PhpstormProjects/Project/api-web-auth/vendor/laravel/framework/src/Illuminate/Bus/Dispatcher.php(94): Illuminate\\Container\\Container->call(Array)
#8 /home/ali/Window/Coding Sight/PhpstormProjects/Project/api-web-auth/vendor/laravel/framework/src/Illuminate/Pipeline/Pipeline.php(128): Illuminate\\Bus\\Dispatcher->Illuminate\\Bus\\{closure}(Object(App\\Jobs\\SendPhoneVerificationMessageJob))
#9 /home/ali/Window/Coding Sight/PhpstormProjects/Project/api-web-auth/vendor/laravel/framework/src/Illuminate/Pipeline/Pipeline.php(104): Illuminate\\Pipeline\\Pipeline->Illuminate\\Pipeline\\{closure}(Object(App\\Jobs\\SendPhoneVerificationMessageJob))
#10 /home/ali/Window/Coding Sight/PhpstormProjects/Project/api-web-auth/vendor/laravel/framework/src/Illuminate/Bus/Dispatcher.php(98): Illuminate\\Pipeline\\Pipeline->then(Object(Closure))
#11 /home/ali/Window/Coding Sight/PhpstormProjects/Project/api-web-auth/vendor/laravel/framework/src/Illuminate/Queue/CallQueuedHandler.php(49): Illuminate\\Bus\\Dispatcher->dispatchNow(Object(App\\Jobs\\SendPhoneVerificationMessageJob), false)
#12 /home/ali/Window/Coding Sight/PhpstormProjects/Project/api-web-auth/vendor/laravel/framework/src/Illuminate/Queue/Jobs/Job.php(88): Illuminate\\Queue\\CallQueuedHandler->call(Object(Illuminate\\Queue\\Jobs\\RedisJob), Array)
#13 /home/ali/Window/Coding Sight/PhpstormProjects/Project/api-web-auth/vendor/laravel/framework/src/Illuminate/Queue/Worker.php(327): Illuminate\\Queue\\Jobs\\Job->fire()
#14 /home/ali/Window/Coding Sight/PhpstormProjects/Project/api-web-auth/vendor/laravel/framework/src/Illuminate/Queue/Worker.php(277): Illuminate\\Queue\\Worker->process('redis', Object(Illuminate\\Queue\\Jobs\\RedisJob), Object(Illuminate\\Queue\\WorkerOptions))
#15 /home/ali/Window/Coding Sight/PhpstormProjects/Project/api-web-auth/vendor/laravel/framework/src/Illuminate/Queue/Worker.php(118): Illuminate\\Queue\\Worker->runJob(Object(Illuminate\\Queue\\Jobs\\RedisJob), 'redis', Object(Illuminate\\Queue\\WorkerOptions))
#16 /home/ali/Window/Coding Sight/PhpstormProjects/Project/api-web-auth/vendor/laravel/framework/src/Illuminate/Queue/Console/WorkCommand.php(102): Illuminate\\Queue\\Worker->daemon('redis', 'sms-send', Object(Illuminate\\Queue\\WorkerOptions))
#17 /home/ali/Window/Coding Sight/PhpstormProjects/Project/api-web-auth/vendor/laravel/framework/src/Illuminate/Queue/Console/WorkCommand.php(86): Illuminate\\Queue\\Console\\WorkCommand->runWorker('redis', 'sms-send')
#18 /home/ali/Window/Coding Sight/PhpstormProjects/Project/api-web-auth/vendor/laravel/horizon/src/Console/WorkCommand.php(46): Illuminate\\Queue\\Console\\WorkCommand->handle()
#19 [internal function]: Laravel\\Horizon\\Console\\WorkCommand->handle()
#20 /home/ali/Window/Coding Sight/PhpstormProjects/Project/api-web-auth/vendor/laravel/framework/src/Illuminate/Container/BoundMethod.php(32): call_user_func_array(Array, Array)
#21 /home/ali/Window/Coding Sight/PhpstormProjects/Project/api-web-auth/vendor/laravel/framework/src/Illuminate/Container/BoundMethod.php(90): Illuminate\\Container\\BoundMethod::Illuminate\\Container\\{closure}()
#22 /home/ali/Window/Coding Sight/PhpstormProjects/Project/api-web-auth/vendor/laravel/framework/src/Illuminate/Container/BoundMethod.php(34): Illuminate\\Container\\BoundMethod::callBoundMethod(Object(Illuminate\\Foundation\\Application), Array, Object(Closure))
#23 /home/ali/Window/Coding Sight/PhpstormProjects/Project/api-web-auth/vendor/laravel/framework/src/Illuminate/Container/Container.php(576): Illuminate\\Container\\BoundMethod::call(Object(Illuminate\\Foundation\\Application), Array, Array, NULL)
#24 /home/ali/Window/Coding Sight/PhpstormProjects/Project/api-web-auth/vendor/laravel/framework/src/Illuminate/Console/Command.php(183): Illuminate\\Container\\Container->call(Array)
#25 /home/ali/Window/Coding Sight/PhpstormProjects/Project/api-web-auth/vendor/symfony/console/Command/Command.php(255): Illuminate\\Console\\Command->execute(Object(Symfony\\Component\\Console\\Input\\ArgvInput), Object(Illuminate\\Console\\OutputStyle))
#26 /home/ali/Window/Coding Sight/PhpstormProjects/Project/api-web-auth/vendor/laravel/framework/src/Illuminate/Console/Command.php(170): Symfony\\Component\\Console\\Command\\Command->run(Object(Symfony\\Component\\Console\\Input\\ArgvInput), Object(Illuminate\\Console\\OutputStyle))
#27 /home/ali/Window/Coding Sight/PhpstormProjects/Project/api-web-auth/vendor/symfony/console/Application.php(921): Illuminate\\Console\\Command->run(Object(Symfony\\Component\\Console\\Input\\ArgvInput), Object(Symfony\\Component\\Console\\Output\\ConsoleOutput))
#28 /home/ali/Window/Coding Sight/PhpstormProjects/Project/api-web-auth/vendor/symfony/console/Application.php(273): Symfony\\Component\\Console\\Application->doRunCommand(Object(Laravel\\Horizon\\Console\\WorkCommand), Object(Symfony\\Component\\Console\\Input\\ArgvInput), Object(Symfony\\Component\\Console\\Output\\ConsoleOutput))
#29 /home/ali/Window/Coding Sight/PhpstormProjects/Project/api-web-auth/vendor/symfony/console/Application.php(149): Symfony\\Component\\Console\\Application->doRun(Object(Symfony\\Component\\Console\\Input\\ArgvInput), Object(Symfony\\Component\\Console\\Output\\ConsoleOutput))
#30 /home/ali/Window/Coding Sight/PhpstormProjects/Project/api-web-auth/vendor/laravel/framework/src/Illuminate/Console/Application.php(90): Symfony\\Component\\Console\\Application->run(Object(Symfony\\Component\\Console\\Input\\ArgvInput), Object(Symfony\\Component\\Console\\Output\\ConsoleOutput))
#31 /home/ali/Window/Coding Sight/PhpstormProjects/Project/api-web-auth/vendor/laravel/framework/src/Illuminate/Foundation/Console/Kernel.php(133): Illuminate\\Console\\Application->run(Object(Symfony\\Component\\Console\\Input\\ArgvInput), Object(Symfony\\Component\\Console\\Output\\ConsoleOutput))
#32 /home/ali/Window/Coding Sight/PhpstormProjects/Project/api-web-auth/artisan(37): Illuminate\\Foundation\\Console\\Kernel->handle(Object(Symfony\\Component\\Console\\Input\\ArgvInput), Object(Symfony\\Component\\Console\\Output\\ConsoleOutput))
#33 {main}
"} 
[2020-05-08 13:08:43] local.ERROR: log() expects parameter 1 to be float, string given {"exception":"[object] (ErrorException(code: 0): log() expects parameter 1 to be float, string given at /home/ali/Window/Coding Sight/PhpstormProjects/Project/api-web-auth/app/Jobs/SendPhoneVerificationMessageJob.php:42)
[stacktrace]
#0 [internal function]: Illuminate\\Foundation\\Bootstrap\\HandleExceptions->handleError(2, 'log() expects p...', '/home/ali/Windo...', 42, Array)
#1 /home/ali/Window/Coding Sight/PhpstormProjects/Project/api-web-auth/app/Jobs/SendPhoneVerificationMessageJob.php(42): log('Undefined prope...')
#2 [internal function]: App\\Jobs\\SendPhoneVerificationMessageJob->handle()
#3 /home/ali/Window/Coding Sight/PhpstormProjects/Project/api-web-auth/vendor/laravel/framework/src/Illuminate/Container/BoundMethod.php(32): call_user_func_array(Array, Array)
#4 /home/ali/Window/Coding Sight/PhpstormProjects/Project/api-web-auth/vendor/laravel/framework/src/Illuminate/Container/BoundMethod.php(90): Illuminate\\Container\\BoundMethod::Illuminate\\Container\\{closure}()
#5 /home/ali/Window/Coding Sight/PhpstormProjects/Project/api-web-auth/vendor/laravel/framework/src/Illuminate/Container/BoundMethod.php(34): Illuminate\\Container\\BoundMethod::callBoundMethod(Object(Illuminate\\Foundation\\Application), Array, Object(Closure))
#6 /home/ali/Window/Coding Sight/PhpstormProjects/Project/api-web-auth/vendor/laravel/framework/src/Illuminate/Container/Container.php(576): Illuminate\\Container\\BoundMethod::call(Object(Illuminate\\Foundation\\Application), Array, Array, NULL)
#7 /home/ali/Window/Coding Sight/PhpstormProjects/Project/api-web-auth/vendor/laravel/framework/src/Illuminate/Bus/Dispatcher.php(94): Illuminate\\Container\\Container->call(Array)
#8 /home/ali/Window/Coding Sight/PhpstormProjects/Project/api-web-auth/vendor/laravel/framework/src/Illuminate/Pipeline/Pipeline.php(128): Illuminate\\Bus\\Dispatcher->Illuminate\\Bus\\{closure}(Object(App\\Jobs\\SendPhoneVerificationMessageJob))
#9 /home/ali/Window/Coding Sight/PhpstormProjects/Project/api-web-auth/vendor/laravel/framework/src/Illuminate/Pipeline/Pipeline.php(104): Illuminate\\Pipeline\\Pipeline->Illuminate\\Pipeline\\{closure}(Object(App\\Jobs\\SendPhoneVerificationMessageJob))
#10 /home/ali/Window/Coding Sight/PhpstormProjects/Project/api-web-auth/vendor/laravel/framework/src/Illuminate/Bus/Dispatcher.php(98): Illuminate\\Pipeline\\Pipeline->then(Object(Closure))
#11 /home/ali/Window/Coding Sight/PhpstormProjects/Project/api-web-auth/vendor/laravel/framework/src/Illuminate/Queue/CallQueuedHandler.php(49): Illuminate\\Bus\\Dispatcher->dispatchNow(Object(App\\Jobs\\SendPhoneVerificationMessageJob), false)
#12 /home/ali/Window/Coding Sight/PhpstormProjects/Project/api-web-auth/vendor/laravel/framework/src/Illuminate/Queue/Jobs/Job.php(88): Illuminate\\Queue\\CallQueuedHandler->call(Object(Illuminate\\Queue\\Jobs\\RedisJob), Array)
#13 /home/ali/Window/Coding Sight/PhpstormProjects/Project/api-web-auth/vendor/laravel/framework/src/Illuminate/Queue/Worker.php(327): Illuminate\\Queue\\Jobs\\Job->fire()
#14 /home/ali/Window/Coding Sight/PhpstormProjects/Project/api-web-auth/vendor/laravel/framework/src/Illuminate/Queue/Worker.php(277): Illuminate\\Queue\\Worker->process('redis', Object(Illuminate\\Queue\\Jobs\\RedisJob), Object(Illuminate\\Queue\\WorkerOptions))
#15 /home/ali/Window/Coding Sight/PhpstormProjects/Project/api-web-auth/vendor/laravel/framework/src/Illuminate/Queue/Worker.php(118): Illuminate\\Queue\\Worker->runJob(Object(Illuminate\\Queue\\Jobs\\RedisJob), 'redis', Object(Illuminate\\Queue\\WorkerOptions))
#16 /home/ali/Window/Coding Sight/PhpstormProjects/Project/api-web-auth/vendor/laravel/framework/src/Illuminate/Queue/Console/WorkCommand.php(102): Illuminate\\Queue\\Worker->daemon('redis', 'sms-send', Object(Illuminate\\Queue\\WorkerOptions))
#17 /home/ali/Window/Coding Sight/PhpstormProjects/Project/api-web-auth/vendor/laravel/framework/src/Illuminate/Queue/Console/WorkCommand.php(86): Illuminate\\Queue\\Console\\WorkCommand->runWorker('redis', 'sms-send')
#18 /home/ali/Window/Coding Sight/PhpstormProjects/Project/api-web-auth/vendor/laravel/horizon/src/Console/WorkCommand.php(46): Illuminate\\Queue\\Console\\WorkCommand->handle()
#19 [internal function]: Laravel\\Horizon\\Console\\WorkCommand->handle()
#20 /home/ali/Window/Coding Sight/PhpstormProjects/Project/api-web-auth/vendor/laravel/framework/src/Illuminate/Container/BoundMethod.php(32): call_user_func_array(Array, Array)
#21 /home/ali/Window/Coding Sight/PhpstormProjects/Project/api-web-auth/vendor/laravel/framework/src/Illuminate/Container/BoundMethod.php(90): Illuminate\\Container\\BoundMethod::Illuminate\\Container\\{closure}()
#22 /home/ali/Window/Coding Sight/PhpstormProjects/Project/api-web-auth/vendor/laravel/framework/src/Illuminate/Container/BoundMethod.php(34): Illuminate\\Container\\BoundMethod::callBoundMethod(Object(Illuminate\\Foundation\\Application), Array, Object(Closure))
#23 /home/ali/Window/Coding Sight/PhpstormProjects/Project/api-web-auth/vendor/laravel/framework/src/Illuminate/Container/Container.php(576): Illuminate\\Container\\BoundMethod::call(Object(Illuminate\\Foundation\\Application), Array, Array, NULL)
#24 /home/ali/Window/Coding Sight/PhpstormProjects/Project/api-web-auth/vendor/laravel/framework/src/Illuminate/Console/Command.php(183): Illuminate\\Container\\Container->call(Array)
#25 /home/ali/Window/Coding Sight/PhpstormProjects/Project/api-web-auth/vendor/symfony/console/Command/Command.php(255): Illuminate\\Console\\Command->execute(Object(Symfony\\Component\\Console\\Input\\ArgvInput), Object(Illuminate\\Console\\OutputStyle))
#26 /home/ali/Window/Coding Sight/PhpstormProjects/Project/api-web-auth/vendor/laravel/framework/src/Illuminate/Console/Command.php(170): Symfony\\Component\\Console\\Command\\Command->run(Object(Symfony\\Component\\Console\\Input\\ArgvInput), Object(Illuminate\\Console\\OutputStyle))
#27 /home/ali/Window/Coding Sight/PhpstormProjects/Project/api-web-auth/vendor/symfony/console/Application.php(921): Illuminate\\Console\\Command->run(Object(Symfony\\Component\\Console\\Input\\ArgvInput), Object(Symfony\\Component\\Console\\Output\\ConsoleOutput))
#28 /home/ali/Window/Coding Sight/PhpstormProjects/Project/api-web-auth/vendor/symfony/console/Application.php(273): Symfony\\Component\\Console\\Application->doRunCommand(Object(Laravel\\Horizon\\Console\\WorkCommand), Object(Symfony\\Component\\Console\\Input\\ArgvInput), Object(Symfony\\Component\\Console\\Output\\ConsoleOutput))
#29 /home/ali/Window/Coding Sight/PhpstormProjects/Project/api-web-auth/vendor/symfony/console/Application.php(149): Symfony\\Component\\Console\\Application->doRun(Object(Symfony\\Component\\Console\\Input\\ArgvInput), Object(Symfony\\Component\\Console\\Output\\ConsoleOutput))
#30 /home/ali/Window/Coding Sight/PhpstormProjects/Project/api-web-auth/vendor/laravel/framework/src/Illuminate/Console/Application.php(90): Symfony\\Component\\Console\\Application->run(Object(Symfony\\Component\\Console\\Input\\ArgvInput), Object(Symfony\\Component\\Console\\Output\\ConsoleOutput))
#31 /home/ali/Window/Coding Sight/PhpstormProjects/Project/api-web-auth/vendor/laravel/framework/src/Illuminate/Foundation/Console/Kernel.php(133): Illuminate\\Console\\Application->run(Object(Symfony\\Component\\Console\\Input\\ArgvInput), Object(Symfony\\Component\\Console\\Output\\ConsoleOutput))
#32 /home/ali/Window/Coding Sight/PhpstormProjects/Project/api-web-auth/artisan(37): Illuminate\\Foundation\\Console\\Kernel->handle(Object(Symfony\\Component\\Console\\Input\\ArgvInput), Object(Symfony\\Component\\Console\\Output\\ConsoleOutput))
#33 {main}
"} 
[2020-05-08 13:08:43] local.ERROR: log() expects parameter 1 to be float, string given {"exception":"[object] (ErrorException(code: 0): log() expects parameter 1 to be float, string given at /home/ali/Window/Coding Sight/PhpstormProjects/Project/api-web-auth/app/Jobs/SendPhoneVerificationMessageJob.php:42)
[stacktrace]
#0 [internal function]: Illuminate\\Foundation\\Bootstrap\\HandleExceptions->handleError(2, 'log() expects p...', '/home/ali/Windo...', 42, Array)
#1 /home/ali/Window/Coding Sight/PhpstormProjects/Project/api-web-auth/app/Jobs/SendPhoneVerificationMessageJob.php(42): log('Undefined prope...')
#2 [internal function]: App\\Jobs\\SendPhoneVerificationMessageJob->handle()
#3 /home/ali/Window/Coding Sight/PhpstormProjects/Project/api-web-auth/vendor/laravel/framework/src/Illuminate/Container/BoundMethod.php(32): call_user_func_array(Array, Array)
#4 /home/ali/Window/Coding Sight/PhpstormProjects/Project/api-web-auth/vendor/laravel/framework/src/Illuminate/Container/BoundMethod.php(90): Illuminate\\Container\\BoundMethod::Illuminate\\Container\\{closure}()
#5 /home/ali/Window/Coding Sight/PhpstormProjects/Project/api-web-auth/vendor/laravel/framework/src/Illuminate/Container/BoundMethod.php(34): Illuminate\\Container\\BoundMethod::callBoundMethod(Object(Illuminate\\Foundation\\Application), Array, Object(Closure))
#6 /home/ali/Window/Coding Sight/PhpstormProjects/Project/api-web-auth/vendor/laravel/framework/src/Illuminate/Container/Container.php(576): Illuminate\\Container\\BoundMethod::call(Object(Illuminate\\Foundation\\Application), Array, Array, NULL)
#7 /home/ali/Window/Coding Sight/PhpstormProjects/Project/api-web-auth/vendor/laravel/framework/src/Illuminate/Bus/Dispatcher.php(94): Illuminate\\Container\\Container->call(Array)
#8 /home/ali/Window/Coding Sight/PhpstormProjects/Project/api-web-auth/vendor/laravel/framework/src/Illuminate/Pipeline/Pipeline.php(128): Illuminate\\Bus\\Dispatcher->Illuminate\\Bus\\{closure}(Object(App\\Jobs\\SendPhoneVerificationMessageJob))
#9 /home/ali/Window/Coding Sight/PhpstormProjects/Project/api-web-auth/vendor/laravel/framework/src/Illuminate/Pipeline/Pipeline.php(104): Illuminate\\Pipeline\\Pipeline->Illuminate\\Pipeline\\{closure}(Object(App\\Jobs\\SendPhoneVerificationMessageJob))
#10 /home/ali/Window/Coding Sight/PhpstormProjects/Project/api-web-auth/vendor/laravel/framework/src/Illuminate/Bus/Dispatcher.php(98): Illuminate\\Pipeline\\Pipeline->then(Object(Closure))
#11 /home/ali/Window/Coding Sight/PhpstormProjects/Project/api-web-auth/vendor/laravel/framework/src/Illuminate/Queue/CallQueuedHandler.php(49): Illuminate\\Bus\\Dispatcher->dispatchNow(Object(App\\Jobs\\SendPhoneVerificationMessageJob), false)
#12 /home/ali/Window/Coding Sight/PhpstormProjects/Project/api-web-auth/vendor/laravel/framework/src/Illuminate/Queue/Jobs/Job.php(88): Illuminate\\Queue\\CallQueuedHandler->call(Object(Illuminate\\Queue\\Jobs\\RedisJob), Array)
#13 /home/ali/Window/Coding Sight/PhpstormProjects/Project/api-web-auth/vendor/laravel/framework/src/Illuminate/Queue/Worker.php(327): Illuminate\\Queue\\Jobs\\Job->fire()
#14 /home/ali/Window/Coding Sight/PhpstormProjects/Project/api-web-auth/vendor/laravel/framework/src/Illuminate/Queue/Worker.php(277): Illuminate\\Queue\\Worker->process('redis', Object(Illuminate\\Queue\\Jobs\\RedisJob), Object(Illuminate\\Queue\\WorkerOptions))
#15 /home/ali/Window/Coding Sight/PhpstormProjects/Project/api-web-auth/vendor/laravel/framework/src/Illuminate/Queue/Worker.php(118): Illuminate\\Queue\\Worker->runJob(Object(Illuminate\\Queue\\Jobs\\RedisJob), 'redis', Object(Illuminate\\Queue\\WorkerOptions))
#16 /home/ali/Window/Coding Sight/PhpstormProjects/Project/api-web-auth/vendor/laravel/framework/src/Illuminate/Queue/Console/WorkCommand.php(102): Illuminate\\Queue\\Worker->daemon('redis', 'sms-send', Object(Illuminate\\Queue\\WorkerOptions))
#17 /home/ali/Window/Coding Sight/PhpstormProjects/Project/api-web-auth/vendor/laravel/framework/src/Illuminate/Queue/Console/WorkCommand.php(86): Illuminate\\Queue\\Console\\WorkCommand->runWorker('redis', 'sms-send')
#18 /home/ali/Window/Coding Sight/PhpstormProjects/Project/api-web-auth/vendor/laravel/horizon/src/Console/WorkCommand.php(46): Illuminate\\Queue\\Console\\WorkCommand->handle()
#19 [internal function]: Laravel\\Horizon\\Console\\WorkCommand->handle()
#20 /home/ali/Window/Coding Sight/PhpstormProjects/Project/api-web-auth/vendor/laravel/framework/src/Illuminate/Container/BoundMethod.php(32): call_user_func_array(Array, Array)
#21 /home/ali/Window/Coding Sight/PhpstormProjects/Project/api-web-auth/vendor/laravel/framework/src/Illuminate/Container/BoundMethod.php(90): Illuminate\\Container\\BoundMethod::Illuminate\\Container\\{closure}()
#22 /home/ali/Window/Coding Sight/PhpstormProjects/Project/api-web-auth/vendor/laravel/framework/src/Illuminate/Container/BoundMethod.php(34): Illuminate\\Container\\BoundMethod::callBoundMethod(Object(Illuminate\\Foundation\\Application), Array, Object(Closure))
#23 /home/ali/Window/Coding Sight/PhpstormProjects/Project/api-web-auth/vendor/laravel/framework/src/Illuminate/Container/Container.php(576): Illuminate\\Container\\BoundMethod::call(Object(Illuminate\\Foundation\\Application), Array, Array, NULL)
#24 /home/ali/Window/Coding Sight/PhpstormProjects/Project/api-web-auth/vendor/laravel/framework/src/Illuminate/Console/Command.php(183): Illuminate\\Container\\Container->call(Array)
#25 /home/ali/Window/Coding Sight/PhpstormProjects/Project/api-web-auth/vendor/symfony/console/Command/Command.php(255): Illuminate\\Console\\Command->execute(Object(Symfony\\Component\\Console\\Input\\ArgvInput), Object(Illuminate\\Console\\OutputStyle))
#26 /home/ali/Window/Coding Sight/PhpstormProjects/Project/api-web-auth/vendor/laravel/framework/src/Illuminate/Console/Command.php(170): Symfony\\Component\\Console\\Command\\Command->run(Object(Symfony\\Component\\Console\\Input\\ArgvInput), Object(Illuminate\\Console\\OutputStyle))
#27 /home/ali/Window/Coding Sight/PhpstormProjects/Project/api-web-auth/vendor/symfony/console/Application.php(921): Illuminate\\Console\\Command->run(Object(Symfony\\Component\\Console\\Input\\ArgvInput), Object(Symfony\\Component\\Console\\Output\\ConsoleOutput))
#28 /home/ali/Window/Coding Sight/PhpstormProjects/Project/api-web-auth/vendor/symfony/console/Application.php(273): Symfony\\Component\\Console\\Application->doRunCommand(Object(Laravel\\Horizon\\Console\\WorkCommand), Object(Symfony\\Component\\Console\\Input\\ArgvInput), Object(Symfony\\Component\\Console\\Output\\ConsoleOutput))
#29 /home/ali/Window/Coding Sight/PhpstormProjects/Project/api-web-auth/vendor/symfony/console/Application.php(149): Symfony\\Component\\Console\\Application->doRun(Object(Symfony\\Component\\Console\\Input\\ArgvInput), Object(Symfony\\Component\\Console\\Output\\ConsoleOutput))
#30 /home/ali/Window/Coding Sight/PhpstormProjects/Project/api-web-auth/vendor/laravel/framework/src/Illuminate/Console/Application.php(90): Symfony\\Component\\Console\\Application->run(Object(Symfony\\Component\\Console\\Input\\ArgvInput), Object(Symfony\\Component\\Console\\Output\\ConsoleOutput))
#31 /home/ali/Window/Coding Sight/PhpstormProjects/Project/api-web-auth/vendor/laravel/framework/src/Illuminate/Foundation/Console/Kernel.php(133): Illuminate\\Console\\Application->run(Object(Symfony\\Component\\Console\\Input\\ArgvInput), Object(Symfony\\Component\\Console\\Output\\ConsoleOutput))
#32 /home/ali/Window/Coding Sight/PhpstormProjects/Project/api-web-auth/artisan(37): Illuminate\\Foundation\\Console\\Kernel->handle(Object(Symfony\\Component\\Console\\Input\\ArgvInput), Object(Symfony\\Component\\Console\\Output\\ConsoleOutput))
#33 {main}
"} 
[2020-05-08 13:11:16] local.ERROR: log() expects parameter 1 to be float, string given {"exception":"[object] (ErrorException(code: 0): log() expects parameter 1 to be float, string given at /home/ali/Window/Coding Sight/PhpstormProjects/Project/api-web-auth/app/Jobs/SendPhoneVerificationMessageJob.php:42)
[stacktrace]
#0 [internal function]: Illuminate\\Foundation\\Bootstrap\\HandleExceptions->handleError(2, 'log() expects p...', '/home/ali/Windo...', 42, Array)
#1 /home/ali/Window/Coding Sight/PhpstormProjects/Project/api-web-auth/app/Jobs/SendPhoneVerificationMessageJob.php(42): log('Undefined prope...')
#2 [internal function]: App\\Jobs\\SendPhoneVerificationMessageJob->handle()
#3 /home/ali/Window/Coding Sight/PhpstormProjects/Project/api-web-auth/vendor/laravel/framework/src/Illuminate/Container/BoundMethod.php(32): call_user_func_array(Array, Array)
#4 /home/ali/Window/Coding Sight/PhpstormProjects/Project/api-web-auth/vendor/laravel/framework/src/Illuminate/Container/BoundMethod.php(90): Illuminate\\Container\\BoundMethod::Illuminate\\Container\\{closure}()
#5 /home/ali/Window/Coding Sight/PhpstormProjects/Project/api-web-auth/vendor/laravel/framework/src/Illuminate/Container/BoundMethod.php(34): Illuminate\\Container\\BoundMethod::callBoundMethod(Object(Illuminate\\Foundation\\Application), Array, Object(Closure))
#6 /home/ali/Window/Coding Sight/PhpstormProjects/Project/api-web-auth/vendor/laravel/framework/src/Illuminate/Container/Container.php(576): Illuminate\\Container\\BoundMethod::call(Object(Illuminate\\Foundation\\Application), Array, Array, NULL)
#7 /home/ali/Window/Coding Sight/PhpstormProjects/Project/api-web-auth/vendor/laravel/framework/src/Illuminate/Bus/Dispatcher.php(94): Illuminate\\Container\\Container->call(Array)
#8 /home/ali/Window/Coding Sight/PhpstormProjects/Project/api-web-auth/vendor/laravel/framework/src/Illuminate/Pipeline/Pipeline.php(128): Illuminate\\Bus\\Dispatcher->Illuminate\\Bus\\{closure}(Object(App\\Jobs\\SendPhoneVerificationMessageJob))
#9 /home/ali/Window/Coding Sight/PhpstormProjects/Project/api-web-auth/vendor/laravel/framework/src/Illuminate/Pipeline/Pipeline.php(104): Illuminate\\Pipeline\\Pipeline->Illuminate\\Pipeline\\{closure}(Object(App\\Jobs\\SendPhoneVerificationMessageJob))
#10 /home/ali/Window/Coding Sight/PhpstormProjects/Project/api-web-auth/vendor/laravel/framework/src/Illuminate/Bus/Dispatcher.php(98): Illuminate\\Pipeline\\Pipeline->then(Object(Closure))
#11 /home/ali/Window/Coding Sight/PhpstormProjects/Project/api-web-auth/vendor/laravel/framework/src/Illuminate/Queue/CallQueuedHandler.php(49): Illuminate\\Bus\\Dispatcher->dispatchNow(Object(App\\Jobs\\SendPhoneVerificationMessageJob), false)
#12 /home/ali/Window/Coding Sight/PhpstormProjects/Project/api-web-auth/vendor/laravel/framework/src/Illuminate/Queue/Jobs/Job.php(88): Illuminate\\Queue\\CallQueuedHandler->call(Object(Illuminate\\Queue\\Jobs\\RedisJob), Array)
#13 /home/ali/Window/Coding Sight/PhpstormProjects/Project/api-web-auth/vendor/laravel/framework/src/Illuminate/Queue/Worker.php(327): Illuminate\\Queue\\Jobs\\Job->fire()
#14 /home/ali/Window/Coding Sight/PhpstormProjects/Project/api-web-auth/vendor/laravel/framework/src/Illuminate/Queue/Worker.php(277): Illuminate\\Queue\\Worker->process('redis', Object(Illuminate\\Queue\\Jobs\\RedisJob), Object(Illuminate\\Queue\\WorkerOptions))
#15 /home/ali/Window/Coding Sight/PhpstormProjects/Project/api-web-auth/vendor/laravel/framework/src/Illuminate/Queue/Worker.php(118): Illuminate\\Queue\\Worker->runJob(Object(Illuminate\\Queue\\Jobs\\RedisJob), 'redis', Object(Illuminate\\Queue\\WorkerOptions))
#16 /home/ali/Window/Coding Sight/PhpstormProjects/Project/api-web-auth/vendor/laravel/framework/src/Illuminate/Queue/Console/WorkCommand.php(102): Illuminate\\Queue\\Worker->daemon('redis', 'sms-send', Object(Illuminate\\Queue\\WorkerOptions))
#17 /home/ali/Window/Coding Sight/PhpstormProjects/Project/api-web-auth/vendor/laravel/framework/src/Illuminate/Queue/Console/WorkCommand.php(86): Illuminate\\Queue\\Console\\WorkCommand->runWorker('redis', 'sms-send')
#18 /home/ali/Window/Coding Sight/PhpstormProjects/Project/api-web-auth/vendor/laravel/horizon/src/Console/WorkCommand.php(46): Illuminate\\Queue\\Console\\WorkCommand->handle()
#19 [internal function]: Laravel\\Horizon\\Console\\WorkCommand->handle()
#20 /home/ali/Window/Coding Sight/PhpstormProjects/Project/api-web-auth/vendor/laravel/framework/src/Illuminate/Container/BoundMethod.php(32): call_user_func_array(Array, Array)
#21 /home/ali/Window/Coding Sight/PhpstormProjects/Project/api-web-auth/vendor/laravel/framework/src/Illuminate/Container/BoundMethod.php(90): Illuminate\\Container\\BoundMethod::Illuminate\\Container\\{closure}()
#22 /home/ali/Window/Coding Sight/PhpstormProjects/Project/api-web-auth/vendor/laravel/framework/src/Illuminate/Container/BoundMethod.php(34): Illuminate\\Container\\BoundMethod::callBoundMethod(Object(Illuminate\\Foundation\\Application), Array, Object(Closure))
#23 /home/ali/Window/Coding Sight/PhpstormProjects/Project/api-web-auth/vendor/laravel/framework/src/Illuminate/Container/Container.php(576): Illuminate\\Container\\BoundMethod::call(Object(Illuminate\\Foundation\\Application), Array, Array, NULL)
#24 /home/ali/Window/Coding Sight/PhpstormProjects/Project/api-web-auth/vendor/laravel/framework/src/Illuminate/Console/Command.php(183): Illuminate\\Container\\Container->call(Array)
#25 /home/ali/Window/Coding Sight/PhpstormProjects/Project/api-web-auth/vendor/symfony/console/Command/Command.php(255): Illuminate\\Console\\Command->execute(Object(Symfony\\Component\\Console\\Input\\ArgvInput), Object(Illuminate\\Console\\OutputStyle))
#26 /home/ali/Window/Coding Sight/PhpstormProjects/Project/api-web-auth/vendor/laravel/framework/src/Illuminate/Console/Command.php(170): Symfony\\Component\\Console\\Command\\Command->run(Object(Symfony\\Component\\Console\\Input\\ArgvInput), Object(Illuminate\\Console\\OutputStyle))
#27 /home/ali/Window/Coding Sight/PhpstormProjects/Project/api-web-auth/vendor/symfony/console/Application.php(921): Illuminate\\Console\\Command->run(Object(Symfony\\Component\\Console\\Input\\ArgvInput), Object(Symfony\\Component\\Console\\Output\\ConsoleOutput))
#28 /home/ali/Window/Coding Sight/PhpstormProjects/Project/api-web-auth/vendor/symfony/console/Application.php(273): Symfony\\Component\\Console\\Application->doRunCommand(Object(Laravel\\Horizon\\Console\\WorkCommand), Object(Symfony\\Component\\Console\\Input\\ArgvInput), Object(Symfony\\Component\\Console\\Output\\ConsoleOutput))
#29 /home/ali/Window/Coding Sight/PhpstormProjects/Project/api-web-auth/vendor/symfony/console/Application.php(149): Symfony\\Component\\Console\\Application->doRun(Object(Symfony\\Component\\Console\\Input\\ArgvInput), Object(Symfony\\Component\\Console\\Output\\ConsoleOutput))
#30 /home/ali/Window/Coding Sight/PhpstormProjects/Project/api-web-auth/vendor/laravel/framework/src/Illuminate/Console/Application.php(90): Symfony\\Component\\Console\\Application->run(Object(Symfony\\Component\\Console\\Input\\ArgvInput), Object(Symfony\\Component\\Console\\Output\\ConsoleOutput))
#31 /home/ali/Window/Coding Sight/PhpstormProjects/Project/api-web-auth/vendor/laravel/framework/src/Illuminate/Foundation/Console/Kernel.php(133): Illuminate\\Console\\Application->run(Object(Symfony\\Component\\Console\\Input\\ArgvInput), Object(Symfony\\Component\\Console\\Output\\ConsoleOutput))
#32 /home/ali/Window/Coding Sight/PhpstormProjects/Project/api-web-auth/artisan(37): Illuminate\\Foundation\\Console\\Kernel->handle(Object(Symfony\\Component\\Console\\Input\\ArgvInput), Object(Symfony\\Component\\Console\\Output\\ConsoleOutput))
#33 {main}
"} 
[2020-05-08 13:11:16] local.ERROR: log() expects parameter 1 to be float, string given {"exception":"[object] (ErrorException(code: 0): log() expects parameter 1 to be float, string given at /home/ali/Window/Coding Sight/PhpstormProjects/Project/api-web-auth/app/Jobs/SendPhoneVerificationMessageJob.php:42)
[stacktrace]
#0 [internal function]: Illuminate\\Foundation\\Bootstrap\\HandleExceptions->handleError(2, 'log() expects p...', '/home/ali/Windo...', 42, Array)
#1 /home/ali/Window/Coding Sight/PhpstormProjects/Project/api-web-auth/app/Jobs/SendPhoneVerificationMessageJob.php(42): log('Undefined prope...')
#2 [internal function]: App\\Jobs\\SendPhoneVerificationMessageJob->handle()
#3 /home/ali/Window/Coding Sight/PhpstormProjects/Project/api-web-auth/vendor/laravel/framework/src/Illuminate/Container/BoundMethod.php(32): call_user_func_array(Array, Array)
#4 /home/ali/Window/Coding Sight/PhpstormProjects/Project/api-web-auth/vendor/laravel/framework/src/Illuminate/Container/BoundMethod.php(90): Illuminate\\Container\\BoundMethod::Illuminate\\Container\\{closure}()
#5 /home/ali/Window/Coding Sight/PhpstormProjects/Project/api-web-auth/vendor/laravel/framework/src/Illuminate/Container/BoundMethod.php(34): Illuminate\\Container\\BoundMethod::callBoundMethod(Object(Illuminate\\Foundation\\Application), Array, Object(Closure))
#6 /home/ali/Window/Coding Sight/PhpstormProjects/Project/api-web-auth/vendor/laravel/framework/src/Illuminate/Container/Container.php(576): Illuminate\\Container\\BoundMethod::call(Object(Illuminate\\Foundation\\Application), Array, Array, NULL)
#7 /home/ali/Window/Coding Sight/PhpstormProjects/Project/api-web-auth/vendor/laravel/framework/src/Illuminate/Bus/Dispatcher.php(94): Illuminate\\Container\\Container->call(Array)
#8 /home/ali/Window/Coding Sight/PhpstormProjects/Project/api-web-auth/vendor/laravel/framework/src/Illuminate/Pipeline/Pipeline.php(128): Illuminate\\Bus\\Dispatcher->Illuminate\\Bus\\{closure}(Object(App\\Jobs\\SendPhoneVerificationMessageJob))
#9 /home/ali/Window/Coding Sight/PhpstormProjects/Project/api-web-auth/vendor/laravel/framework/src/Illuminate/Pipeline/Pipeline.php(104): Illuminate\\Pipeline\\Pipeline->Illuminate\\Pipeline\\{closure}(Object(App\\Jobs\\SendPhoneVerificationMessageJob))
#10 /home/ali/Window/Coding Sight/PhpstormProjects/Project/api-web-auth/vendor/laravel/framework/src/Illuminate/Bus/Dispatcher.php(98): Illuminate\\Pipeline\\Pipeline->then(Object(Closure))
#11 /home/ali/Window/Coding Sight/PhpstormProjects/Project/api-web-auth/vendor/laravel/framework/src/Illuminate/Queue/CallQueuedHandler.php(49): Illuminate\\Bus\\Dispatcher->dispatchNow(Object(App\\Jobs\\SendPhoneVerificationMessageJob), false)
#12 /home/ali/Window/Coding Sight/PhpstormProjects/Project/api-web-auth/vendor/laravel/framework/src/Illuminate/Queue/Jobs/Job.php(88): Illuminate\\Queue\\CallQueuedHandler->call(Object(Illuminate\\Queue\\Jobs\\RedisJob), Array)
#13 /home/ali/Window/Coding Sight/PhpstormProjects/Project/api-web-auth/vendor/laravel/framework/src/Illuminate/Queue/Worker.php(327): Illuminate\\Queue\\Jobs\\Job->fire()
#14 /home/ali/Window/Coding Sight/PhpstormProjects/Project/api-web-auth/vendor/laravel/framework/src/Illuminate/Queue/Worker.php(277): Illuminate\\Queue\\Worker->process('redis', Object(Illuminate\\Queue\\Jobs\\RedisJob), Object(Illuminate\\Queue\\WorkerOptions))
#15 /home/ali/Window/Coding Sight/PhpstormProjects/Project/api-web-auth/vendor/laravel/framework/src/Illuminate/Queue/Worker.php(118): Illuminate\\Queue\\Worker->runJob(Object(Illuminate\\Queue\\Jobs\\RedisJob), 'redis', Object(Illuminate\\Queue\\WorkerOptions))
#16 /home/ali/Window/Coding Sight/PhpstormProjects/Project/api-web-auth/vendor/laravel/framework/src/Illuminate/Queue/Console/WorkCommand.php(102): Illuminate\\Queue\\Worker->daemon('redis', 'sms-send', Object(Illuminate\\Queue\\WorkerOptions))
#17 /home/ali/Window/Coding Sight/PhpstormProjects/Project/api-web-auth/vendor/laravel/framework/src/Illuminate/Queue/Console/WorkCommand.php(86): Illuminate\\Queue\\Console\\WorkCommand->runWorker('redis', 'sms-send')
#18 /home/ali/Window/Coding Sight/PhpstormProjects/Project/api-web-auth/vendor/laravel/horizon/src/Console/WorkCommand.php(46): Illuminate\\Queue\\Console\\WorkCommand->handle()
#19 [internal function]: Laravel\\Horizon\\Console\\WorkCommand->handle()
#20 /home/ali/Window/Coding Sight/PhpstormProjects/Project/api-web-auth/vendor/laravel/framework/src/Illuminate/Container/BoundMethod.php(32): call_user_func_array(Array, Array)
#21 /home/ali/Window/Coding Sight/PhpstormProjects/Project/api-web-auth/vendor/laravel/framework/src/Illuminate/Container/BoundMethod.php(90): Illuminate\\Container\\BoundMethod::Illuminate\\Container\\{closure}()
#22 /home/ali/Window/Coding Sight/PhpstormProjects/Project/api-web-auth/vendor/laravel/framework/src/Illuminate/Container/BoundMethod.php(34): Illuminate\\Container\\BoundMethod::callBoundMethod(Object(Illuminate\\Foundation\\Application), Array, Object(Closure))
#23 /home/ali/Window/Coding Sight/PhpstormProjects/Project/api-web-auth/vendor/laravel/framework/src/Illuminate/Container/Container.php(576): Illuminate\\Container\\BoundMethod::call(Object(Illuminate\\Foundation\\Application), Array, Array, NULL)
#24 /home/ali/Window/Coding Sight/PhpstormProjects/Project/api-web-auth/vendor/laravel/framework/src/Illuminate/Console/Command.php(183): Illuminate\\Container\\Container->call(Array)
#25 /home/ali/Window/Coding Sight/PhpstormProjects/Project/api-web-auth/vendor/symfony/console/Command/Command.php(255): Illuminate\\Console\\Command->execute(Object(Symfony\\Component\\Console\\Input\\ArgvInput), Object(Illuminate\\Console\\OutputStyle))
#26 /home/ali/Window/Coding Sight/PhpstormProjects/Project/api-web-auth/vendor/laravel/framework/src/Illuminate/Console/Command.php(170): Symfony\\Component\\Console\\Command\\Command->run(Object(Symfony\\Component\\Console\\Input\\ArgvInput), Object(Illuminate\\Console\\OutputStyle))
#27 /home/ali/Window/Coding Sight/PhpstormProjects/Project/api-web-auth/vendor/symfony/console/Application.php(921): Illuminate\\Console\\Command->run(Object(Symfony\\Component\\Console\\Input\\ArgvInput), Object(Symfony\\Component\\Console\\Output\\ConsoleOutput))
#28 /home/ali/Window/Coding Sight/PhpstormProjects/Project/api-web-auth/vendor/symfony/console/Application.php(273): Symfony\\Component\\Console\\Application->doRunCommand(Object(Laravel\\Horizon\\Console\\WorkCommand), Object(Symfony\\Component\\Console\\Input\\ArgvInput), Object(Symfony\\Component\\Console\\Output\\ConsoleOutput))
#29 /home/ali/Window/Coding Sight/PhpstormProjects/Project/api-web-auth/vendor/symfony/console/Application.php(149): Symfony\\Component\\Console\\Application->doRun(Object(Symfony\\Component\\Console\\Input\\ArgvInput), Object(Symfony\\Component\\Console\\Output\\ConsoleOutput))
#30 /home/ali/Window/Coding Sight/PhpstormProjects/Project/api-web-auth/vendor/laravel/framework/src/Illuminate/Console/Application.php(90): Symfony\\Component\\Console\\Application->run(Object(Symfony\\Component\\Console\\Input\\ArgvInput), Object(Symfony\\Component\\Console\\Output\\ConsoleOutput))
#31 /home/ali/Window/Coding Sight/PhpstormProjects/Project/api-web-auth/vendor/laravel/framework/src/Illuminate/Foundation/Console/Kernel.php(133): Illuminate\\Console\\Application->run(Object(Symfony\\Component\\Console\\Input\\ArgvInput), Object(Symfony\\Component\\Console\\Output\\ConsoleOutput))
#32 /home/ali/Window/Coding Sight/PhpstormProjects/Project/api-web-auth/artisan(37): Illuminate\\Foundation\\Console\\Kernel->handle(Object(Symfony\\Component\\Console\\Input\\ArgvInput), Object(Symfony\\Component\\Console\\Output\\ConsoleOutput))
#33 {main}
"} 
[2020-05-08 13:11:16] local.ERROR: log() expects parameter 1 to be float, string given {"exception":"[object] (ErrorException(code: 0): log() expects parameter 1 to be float, string given at /home/ali/Window/Coding Sight/PhpstormProjects/Project/api-web-auth/app/Jobs/SendPhoneVerificationMessageJob.php:42)
[stacktrace]
#0 [internal function]: Illuminate\\Foundation\\Bootstrap\\HandleExceptions->handleError(2, 'log() expects p...', '/home/ali/Windo...', 42, Array)
#1 /home/ali/Window/Coding Sight/PhpstormProjects/Project/api-web-auth/app/Jobs/SendPhoneVerificationMessageJob.php(42): log('Undefined prope...')
#2 [internal function]: App\\Jobs\\SendPhoneVerificationMessageJob->handle()
#3 /home/ali/Window/Coding Sight/PhpstormProjects/Project/api-web-auth/vendor/laravel/framework/src/Illuminate/Container/BoundMethod.php(32): call_user_func_array(Array, Array)
#4 /home/ali/Window/Coding Sight/PhpstormProjects/Project/api-web-auth/vendor/laravel/framework/src/Illuminate/Container/BoundMethod.php(90): Illuminate\\Container\\BoundMethod::Illuminate\\Container\\{closure}()
#5 /home/ali/Window/Coding Sight/PhpstormProjects/Project/api-web-auth/vendor/laravel/framework/src/Illuminate/Container/BoundMethod.php(34): Illuminate\\Container\\BoundMethod::callBoundMethod(Object(Illuminate\\Foundation\\Application), Array, Object(Closure))
#6 /home/ali/Window/Coding Sight/PhpstormProjects/Project/api-web-auth/vendor/laravel/framework/src/Illuminate/Container/Container.php(576): Illuminate\\Container\\BoundMethod::call(Object(Illuminate\\Foundation\\Application), Array, Array, NULL)
#7 /home/ali/Window/Coding Sight/PhpstormProjects/Project/api-web-auth/vendor/laravel/framework/src/Illuminate/Bus/Dispatcher.php(94): Illuminate\\Container\\Container->call(Array)
#8 /home/ali/Window/Coding Sight/PhpstormProjects/Project/api-web-auth/vendor/laravel/framework/src/Illuminate/Pipeline/Pipeline.php(128): Illuminate\\Bus\\Dispatcher->Illuminate\\Bus\\{closure}(Object(App\\Jobs\\SendPhoneVerificationMessageJob))
#9 /home/ali/Window/Coding Sight/PhpstormProjects/Project/api-web-auth/vendor/laravel/framework/src/Illuminate/Pipeline/Pipeline.php(104): Illuminate\\Pipeline\\Pipeline->Illuminate\\Pipeline\\{closure}(Object(App\\Jobs\\SendPhoneVerificationMessageJob))
#10 /home/ali/Window/Coding Sight/PhpstormProjects/Project/api-web-auth/vendor/laravel/framework/src/Illuminate/Bus/Dispatcher.php(98): Illuminate\\Pipeline\\Pipeline->then(Object(Closure))
#11 /home/ali/Window/Coding Sight/PhpstormProjects/Project/api-web-auth/vendor/laravel/framework/src/Illuminate/Queue/CallQueuedHandler.php(49): Illuminate\\Bus\\Dispatcher->dispatchNow(Object(App\\Jobs\\SendPhoneVerificationMessageJob), false)
#12 /home/ali/Window/Coding Sight/PhpstormProjects/Project/api-web-auth/vendor/laravel/framework/src/Illuminate/Queue/Jobs/Job.php(88): Illuminate\\Queue\\CallQueuedHandler->call(Object(Illuminate\\Queue\\Jobs\\RedisJob), Array)
#13 /home/ali/Window/Coding Sight/PhpstormProjects/Project/api-web-auth/vendor/laravel/framework/src/Illuminate/Queue/Worker.php(327): Illuminate\\Queue\\Jobs\\Job->fire()
#14 /home/ali/Window/Coding Sight/PhpstormProjects/Project/api-web-auth/vendor/laravel/framework/src/Illuminate/Queue/Worker.php(277): Illuminate\\Queue\\Worker->process('redis', Object(Illuminate\\Queue\\Jobs\\RedisJob), Object(Illuminate\\Queue\\WorkerOptions))
#15 /home/ali/Window/Coding Sight/PhpstormProjects/Project/api-web-auth/vendor/laravel/framework/src/Illuminate/Queue/Worker.php(118): Illuminate\\Queue\\Worker->runJob(Object(Illuminate\\Queue\\Jobs\\RedisJob), 'redis', Object(Illuminate\\Queue\\WorkerOptions))
#16 /home/ali/Window/Coding Sight/PhpstormProjects/Project/api-web-auth/vendor/laravel/framework/src/Illuminate/Queue/Console/WorkCommand.php(102): Illuminate\\Queue\\Worker->daemon('redis', 'sms-send', Object(Illuminate\\Queue\\WorkerOptions))
#17 /home/ali/Window/Coding Sight/PhpstormProjects/Project/api-web-auth/vendor/laravel/framework/src/Illuminate/Queue/Console/WorkCommand.php(86): Illuminate\\Queue\\Console\\WorkCommand->runWorker('redis', 'sms-send')
#18 /home/ali/Window/Coding Sight/PhpstormProjects/Project/api-web-auth/vendor/laravel/horizon/src/Console/WorkCommand.php(46): Illuminate\\Queue\\Console\\WorkCommand->handle()
#19 [internal function]: Laravel\\Horizon\\Console\\WorkCommand->handle()
#20 /home/ali/Window/Coding Sight/PhpstormProjects/Project/api-web-auth/vendor/laravel/framework/src/Illuminate/Container/BoundMethod.php(32): call_user_func_array(Array, Array)
#21 /home/ali/Window/Coding Sight/PhpstormProjects/Project/api-web-auth/vendor/laravel/framework/src/Illuminate/Container/BoundMethod.php(90): Illuminate\\Container\\BoundMethod::Illuminate\\Container\\{closure}()
#22 /home/ali/Window/Coding Sight/PhpstormProjects/Project/api-web-auth/vendor/laravel/framework/src/Illuminate/Container/BoundMethod.php(34): Illuminate\\Container\\BoundMethod::callBoundMethod(Object(Illuminate\\Foundation\\Application), Array, Object(Closure))
#23 /home/ali/Window/Coding Sight/PhpstormProjects/Project/api-web-auth/vendor/laravel/framework/src/Illuminate/Container/Container.php(576): Illuminate\\Container\\BoundMethod::call(Object(Illuminate\\Foundation\\Application), Array, Array, NULL)
#24 /home/ali/Window/Coding Sight/PhpstormProjects/Project/api-web-auth/vendor/laravel/framework/src/Illuminate/Console/Command.php(183): Illuminate\\Container\\Container->call(Array)
#25 /home/ali/Window/Coding Sight/PhpstormProjects/Project/api-web-auth/vendor/symfony/console/Command/Command.php(255): Illuminate\\Console\\Command->execute(Object(Symfony\\Component\\Console\\Input\\ArgvInput), Object(Illuminate\\Console\\OutputStyle))
#26 /home/ali/Window/Coding Sight/PhpstormProjects/Project/api-web-auth/vendor/laravel/framework/src/Illuminate/Console/Command.php(170): Symfony\\Component\\Console\\Command\\Command->run(Object(Symfony\\Component\\Console\\Input\\ArgvInput), Object(Illuminate\\Console\\OutputStyle))
#27 /home/ali/Window/Coding Sight/PhpstormProjects/Project/api-web-auth/vendor/symfony/console/Application.php(921): Illuminate\\Console\\Command->run(Object(Symfony\\Component\\Console\\Input\\ArgvInput), Object(Symfony\\Component\\Console\\Output\\ConsoleOutput))
#28 /home/ali/Window/Coding Sight/PhpstormProjects/Project/api-web-auth/vendor/symfony/console/Application.php(273): Symfony\\Component\\Console\\Application->doRunCommand(Object(Laravel\\Horizon\\Console\\WorkCommand), Object(Symfony\\Component\\Console\\Input\\ArgvInput), Object(Symfony\\Component\\Console\\Output\\ConsoleOutput))
#29 /home/ali/Window/Coding Sight/PhpstormProjects/Project/api-web-auth/vendor/symfony/console/Application.php(149): Symfony\\Component\\Console\\Application->doRun(Object(Symfony\\Component\\Console\\Input\\ArgvInput), Object(Symfony\\Component\\Console\\Output\\ConsoleOutput))
#30 /home/ali/Window/Coding Sight/PhpstormProjects/Project/api-web-auth/vendor/laravel/framework/src/Illuminate/Console/Application.php(90): Symfony\\Component\\Console\\Application->run(Object(Symfony\\Component\\Console\\Input\\ArgvInput), Object(Symfony\\Component\\Console\\Output\\ConsoleOutput))
#31 /home/ali/Window/Coding Sight/PhpstormProjects/Project/api-web-auth/vendor/laravel/framework/src/Illuminate/Foundation/Console/Kernel.php(133): Illuminate\\Console\\Application->run(Object(Symfony\\Component\\Console\\Input\\ArgvInput), Object(Symfony\\Component\\Console\\Output\\ConsoleOutput))
#32 /home/ali/Window/Coding Sight/PhpstormProjects/Project/api-web-auth/artisan(37): Illuminate\\Foundation\\Console\\Kernel->handle(Object(Symfony\\Component\\Console\\Input\\ArgvInput), Object(Symfony\\Component\\Console\\Output\\ConsoleOutput))
#33 {main}
"} 
[2020-05-08 13:13:49] local.ERROR: log() expects parameter 1 to be float, string given {"exception":"[object] (ErrorException(code: 0): log() expects parameter 1 to be float, string given at /home/ali/Window/Coding Sight/PhpstormProjects/Project/api-web-auth/app/Jobs/SendPhoneVerificationMessageJob.php:42)
[stacktrace]
#0 [internal function]: Illuminate\\Foundation\\Bootstrap\\HandleExceptions->handleError(2, 'log() expects p...', '/home/ali/Windo...', 42, Array)
#1 /home/ali/Window/Coding Sight/PhpstormProjects/Project/api-web-auth/app/Jobs/SendPhoneVerificationMessageJob.php(42): log('Undefined prope...')
#2 [internal function]: App\\Jobs\\SendPhoneVerificationMessageJob->handle()
#3 /home/ali/Window/Coding Sight/PhpstormProjects/Project/api-web-auth/vendor/laravel/framework/src/Illuminate/Container/BoundMethod.php(32): call_user_func_array(Array, Array)
#4 /home/ali/Window/Coding Sight/PhpstormProjects/Project/api-web-auth/vendor/laravel/framework/src/Illuminate/Container/BoundMethod.php(90): Illuminate\\Container\\BoundMethod::Illuminate\\Container\\{closure}()
#5 /home/ali/Window/Coding Sight/PhpstormProjects/Project/api-web-auth/vendor/laravel/framework/src/Illuminate/Container/BoundMethod.php(34): Illuminate\\Container\\BoundMethod::callBoundMethod(Object(Illuminate\\Foundation\\Application), Array, Object(Closure))
#6 /home/ali/Window/Coding Sight/PhpstormProjects/Project/api-web-auth/vendor/laravel/framework/src/Illuminate/Container/Container.php(576): Illuminate\\Container\\BoundMethod::call(Object(Illuminate\\Foundation\\Application), Array, Array, NULL)
#7 /home/ali/Window/Coding Sight/PhpstormProjects/Project/api-web-auth/vendor/laravel/framework/src/Illuminate/Bus/Dispatcher.php(94): Illuminate\\Container\\Container->call(Array)
#8 /home/ali/Window/Coding Sight/PhpstormProjects/Project/api-web-auth/vendor/laravel/framework/src/Illuminate/Pipeline/Pipeline.php(128): Illuminate\\Bus\\Dispatcher->Illuminate\\Bus\\{closure}(Object(App\\Jobs\\SendPhoneVerificationMessageJob))
#9 /home/ali/Window/Coding Sight/PhpstormProjects/Project/api-web-auth/vendor/laravel/framework/src/Illuminate/Pipeline/Pipeline.php(104): Illuminate\\Pipeline\\Pipeline->Illuminate\\Pipeline\\{closure}(Object(App\\Jobs\\SendPhoneVerificationMessageJob))
#10 /home/ali/Window/Coding Sight/PhpstormProjects/Project/api-web-auth/vendor/laravel/framework/src/Illuminate/Bus/Dispatcher.php(98): Illuminate\\Pipeline\\Pipeline->then(Object(Closure))
#11 /home/ali/Window/Coding Sight/PhpstormProjects/Project/api-web-auth/vendor/laravel/framework/src/Illuminate/Queue/CallQueuedHandler.php(49): Illuminate\\Bus\\Dispatcher->dispatchNow(Object(App\\Jobs\\SendPhoneVerificationMessageJob), false)
#12 /home/ali/Window/Coding Sight/PhpstormProjects/Project/api-web-auth/vendor/laravel/framework/src/Illuminate/Queue/Jobs/Job.php(88): Illuminate\\Queue\\CallQueuedHandler->call(Object(Illuminate\\Queue\\Jobs\\RedisJob), Array)
#13 /home/ali/Window/Coding Sight/PhpstormProjects/Project/api-web-auth/vendor/laravel/framework/src/Illuminate/Queue/Worker.php(327): Illuminate\\Queue\\Jobs\\Job->fire()
#14 /home/ali/Window/Coding Sight/PhpstormProjects/Project/api-web-auth/vendor/laravel/framework/src/Illuminate/Queue/Worker.php(277): Illuminate\\Queue\\Worker->process('redis', Object(Illuminate\\Queue\\Jobs\\RedisJob), Object(Illuminate\\Queue\\WorkerOptions))
#15 /home/ali/Window/Coding Sight/PhpstormProjects/Project/api-web-auth/vendor/laravel/framework/src/Illuminate/Queue/Worker.php(118): Illuminate\\Queue\\Worker->runJob(Object(Illuminate\\Queue\\Jobs\\RedisJob), 'redis', Object(Illuminate\\Queue\\WorkerOptions))
#16 /home/ali/Window/Coding Sight/PhpstormProjects/Project/api-web-auth/vendor/laravel/framework/src/Illuminate/Queue/Console/WorkCommand.php(102): Illuminate\\Queue\\Worker->daemon('redis', 'sms-send', Object(Illuminate\\Queue\\WorkerOptions))
#17 /home/ali/Window/Coding Sight/PhpstormProjects/Project/api-web-auth/vendor/laravel/framework/src/Illuminate/Queue/Console/WorkCommand.php(86): Illuminate\\Queue\\Console\\WorkCommand->runWorker('redis', 'sms-send')
#18 /home/ali/Window/Coding Sight/PhpstormProjects/Project/api-web-auth/vendor/laravel/horizon/src/Console/WorkCommand.php(46): Illuminate\\Queue\\Console\\WorkCommand->handle()
#19 [internal function]: Laravel\\Horizon\\Console\\WorkCommand->handle()
#20 /home/ali/Window/Coding Sight/PhpstormProjects/Project/api-web-auth/vendor/laravel/framework/src/Illuminate/Container/BoundMethod.php(32): call_user_func_array(Array, Array)
#21 /home/ali/Window/Coding Sight/PhpstormProjects/Project/api-web-auth/vendor/laravel/framework/src/Illuminate/Container/BoundMethod.php(90): Illuminate\\Container\\BoundMethod::Illuminate\\Container\\{closure}()
#22 /home/ali/Window/Coding Sight/PhpstormProjects/Project/api-web-auth/vendor/laravel/framework/src/Illuminate/Container/BoundMethod.php(34): Illuminate\\Container\\BoundMethod::callBoundMethod(Object(Illuminate\\Foundation\\Application), Array, Object(Closure))
#23 /home/ali/Window/Coding Sight/PhpstormProjects/Project/api-web-auth/vendor/laravel/framework/src/Illuminate/Container/Container.php(576): Illuminate\\Container\\BoundMethod::call(Object(Illuminate\\Foundation\\Application), Array, Array, NULL)
#24 /home/ali/Window/Coding Sight/PhpstormProjects/Project/api-web-auth/vendor/laravel/framework/src/Illuminate/Console/Command.php(183): Illuminate\\Container\\Container->call(Array)
#25 /home/ali/Window/Coding Sight/PhpstormProjects/Project/api-web-auth/vendor/symfony/console/Command/Command.php(255): Illuminate\\Console\\Command->execute(Object(Symfony\\Component\\Console\\Input\\ArgvInput), Object(Illuminate\\Console\\OutputStyle))
#26 /home/ali/Window/Coding Sight/PhpstormProjects/Project/api-web-auth/vendor/laravel/framework/src/Illuminate/Console/Command.php(170): Symfony\\Component\\Console\\Command\\Command->run(Object(Symfony\\Component\\Console\\Input\\ArgvInput), Object(Illuminate\\Console\\OutputStyle))
#27 /home/ali/Window/Coding Sight/PhpstormProjects/Project/api-web-auth/vendor/symfony/console/Application.php(921): Illuminate\\Console\\Command->run(Object(Symfony\\Component\\Console\\Input\\ArgvInput), Object(Symfony\\Component\\Console\\Output\\ConsoleOutput))
#28 /home/ali/Window/Coding Sight/PhpstormProjects/Project/api-web-auth/vendor/symfony/console/Application.php(273): Symfony\\Component\\Console\\Application->doRunCommand(Object(Laravel\\Horizon\\Console\\WorkCommand), Object(Symfony\\Component\\Console\\Input\\ArgvInput), Object(Symfony\\Component\\Console\\Output\\ConsoleOutput))
#29 /home/ali/Window/Coding Sight/PhpstormProjects/Project/api-web-auth/vendor/symfony/console/Application.php(149): Symfony\\Component\\Console\\Application->doRun(Object(Symfony\\Component\\Console\\Input\\ArgvInput), Object(Symfony\\Component\\Console\\Output\\ConsoleOutput))
#30 /home/ali/Window/Coding Sight/PhpstormProjects/Project/api-web-auth/vendor/laravel/framework/src/Illuminate/Console/Application.php(90): Symfony\\Component\\Console\\Application->run(Object(Symfony\\Component\\Console\\Input\\ArgvInput), Object(Symfony\\Component\\Console\\Output\\ConsoleOutput))
#31 /home/ali/Window/Coding Sight/PhpstormProjects/Project/api-web-auth/vendor/laravel/framework/src/Illuminate/Foundation/Console/Kernel.php(133): Illuminate\\Console\\Application->run(Object(Symfony\\Component\\Console\\Input\\ArgvInput), Object(Symfony\\Component\\Console\\Output\\ConsoleOutput))
#32 /home/ali/Window/Coding Sight/PhpstormProjects/Project/api-web-auth/artisan(37): Illuminate\\Foundation\\Console\\Kernel->handle(Object(Symfony\\Component\\Console\\Input\\ArgvInput), Object(Symfony\\Component\\Console\\Output\\ConsoleOutput))
#33 {main}
"} 
[2020-05-08 13:13:49] local.ERROR: log() expects parameter 1 to be float, string given {"exception":"[object] (ErrorException(code: 0): log() expects parameter 1 to be float, string given at /home/ali/Window/Coding Sight/PhpstormProjects/Project/api-web-auth/app/Jobs/SendPhoneVerificationMessageJob.php:42)
[stacktrace]
#0 [internal function]: Illuminate\\Foundation\\Bootstrap\\HandleExceptions->handleError(2, 'log() expects p...', '/home/ali/Windo...', 42, Array)
#1 /home/ali/Window/Coding Sight/PhpstormProjects/Project/api-web-auth/app/Jobs/SendPhoneVerificationMessageJob.php(42): log('Undefined prope...')
#2 [internal function]: App\\Jobs\\SendPhoneVerificationMessageJob->handle()
#3 /home/ali/Window/Coding Sight/PhpstormProjects/Project/api-web-auth/vendor/laravel/framework/src/Illuminate/Container/BoundMethod.php(32): call_user_func_array(Array, Array)
#4 /home/ali/Window/Coding Sight/PhpstormProjects/Project/api-web-auth/vendor/laravel/framework/src/Illuminate/Container/BoundMethod.php(90): Illuminate\\Container\\BoundMethod::Illuminate\\Container\\{closure}()
#5 /home/ali/Window/Coding Sight/PhpstormProjects/Project/api-web-auth/vendor/laravel/framework/src/Illuminate/Container/BoundMethod.php(34): Illuminate\\Container\\BoundMethod::callBoundMethod(Object(Illuminate\\Foundation\\Application), Array, Object(Closure))
#6 /home/ali/Window/Coding Sight/PhpstormProjects/Project/api-web-auth/vendor/laravel/framework/src/Illuminate/Container/Container.php(576): Illuminate\\Container\\BoundMethod::call(Object(Illuminate\\Foundation\\Application), Array, Array, NULL)
#7 /home/ali/Window/Coding Sight/PhpstormProjects/Project/api-web-auth/vendor/laravel/framework/src/Illuminate/Bus/Dispatcher.php(94): Illuminate\\Container\\Container->call(Array)
#8 /home/ali/Window/Coding Sight/PhpstormProjects/Project/api-web-auth/vendor/laravel/framework/src/Illuminate/Pipeline/Pipeline.php(128): Illuminate\\Bus\\Dispatcher->Illuminate\\Bus\\{closure}(Object(App\\Jobs\\SendPhoneVerificationMessageJob))
#9 /home/ali/Window/Coding Sight/PhpstormProjects/Project/api-web-auth/vendor/laravel/framework/src/Illuminate/Pipeline/Pipeline.php(104): Illuminate\\Pipeline\\Pipeline->Illuminate\\Pipeline\\{closure}(Object(App\\Jobs\\SendPhoneVerificationMessageJob))
#10 /home/ali/Window/Coding Sight/PhpstormProjects/Project/api-web-auth/vendor/laravel/framework/src/Illuminate/Bus/Dispatcher.php(98): Illuminate\\Pipeline\\Pipeline->then(Object(Closure))
#11 /home/ali/Window/Coding Sight/PhpstormProjects/Project/api-web-auth/vendor/laravel/framework/src/Illuminate/Queue/CallQueuedHandler.php(49): Illuminate\\Bus\\Dispatcher->dispatchNow(Object(App\\Jobs\\SendPhoneVerificationMessageJob), false)
#12 /home/ali/Window/Coding Sight/PhpstormProjects/Project/api-web-auth/vendor/laravel/framework/src/Illuminate/Queue/Jobs/Job.php(88): Illuminate\\Queue\\CallQueuedHandler->call(Object(Illuminate\\Queue\\Jobs\\RedisJob), Array)
#13 /home/ali/Window/Coding Sight/PhpstormProjects/Project/api-web-auth/vendor/laravel/framework/src/Illuminate/Queue/Worker.php(327): Illuminate\\Queue\\Jobs\\Job->fire()
#14 /home/ali/Window/Coding Sight/PhpstormProjects/Project/api-web-auth/vendor/laravel/framework/src/Illuminate/Queue/Worker.php(277): Illuminate\\Queue\\Worker->process('redis', Object(Illuminate\\Queue\\Jobs\\RedisJob), Object(Illuminate\\Queue\\WorkerOptions))
#15 /home/ali/Window/Coding Sight/PhpstormProjects/Project/api-web-auth/vendor/laravel/framework/src/Illuminate/Queue/Worker.php(118): Illuminate\\Queue\\Worker->runJob(Object(Illuminate\\Queue\\Jobs\\RedisJob), 'redis', Object(Illuminate\\Queue\\WorkerOptions))
#16 /home/ali/Window/Coding Sight/PhpstormProjects/Project/api-web-auth/vendor/laravel/framework/src/Illuminate/Queue/Console/WorkCommand.php(102): Illuminate\\Queue\\Worker->daemon('redis', 'sms-send', Object(Illuminate\\Queue\\WorkerOptions))
#17 /home/ali/Window/Coding Sight/PhpstormProjects/Project/api-web-auth/vendor/laravel/framework/src/Illuminate/Queue/Console/WorkCommand.php(86): Illuminate\\Queue\\Console\\WorkCommand->runWorker('redis', 'sms-send')
#18 /home/ali/Window/Coding Sight/PhpstormProjects/Project/api-web-auth/vendor/laravel/horizon/src/Console/WorkCommand.php(46): Illuminate\\Queue\\Console\\WorkCommand->handle()
#19 [internal function]: Laravel\\Horizon\\Console\\WorkCommand->handle()
#20 /home/ali/Window/Coding Sight/PhpstormProjects/Project/api-web-auth/vendor/laravel/framework/src/Illuminate/Container/BoundMethod.php(32): call_user_func_array(Array, Array)
#21 /home/ali/Window/Coding Sight/PhpstormProjects/Project/api-web-auth/vendor/laravel/framework/src/Illuminate/Container/BoundMethod.php(90): Illuminate\\Container\\BoundMethod::Illuminate\\Container\\{closure}()
#22 /home/ali/Window/Coding Sight/PhpstormProjects/Project/api-web-auth/vendor/laravel/framework/src/Illuminate/Container/BoundMethod.php(34): Illuminate\\Container\\BoundMethod::callBoundMethod(Object(Illuminate\\Foundation\\Application), Array, Object(Closure))
#23 /home/ali/Window/Coding Sight/PhpstormProjects/Project/api-web-auth/vendor/laravel/framework/src/Illuminate/Container/Container.php(576): Illuminate\\Container\\BoundMethod::call(Object(Illuminate\\Foundation\\Application), Array, Array, NULL)
#24 /home/ali/Window/Coding Sight/PhpstormProjects/Project/api-web-auth/vendor/laravel/framework/src/Illuminate/Console/Command.php(183): Illuminate\\Container\\Container->call(Array)
#25 /home/ali/Window/Coding Sight/PhpstormProjects/Project/api-web-auth/vendor/symfony/console/Command/Command.php(255): Illuminate\\Console\\Command->execute(Object(Symfony\\Component\\Console\\Input\\ArgvInput), Object(Illuminate\\Console\\OutputStyle))
#26 /home/ali/Window/Coding Sight/PhpstormProjects/Project/api-web-auth/vendor/laravel/framework/src/Illuminate/Console/Command.php(170): Symfony\\Component\\Console\\Command\\Command->run(Object(Symfony\\Component\\Console\\Input\\ArgvInput), Object(Illuminate\\Console\\OutputStyle))
#27 /home/ali/Window/Coding Sight/PhpstormProjects/Project/api-web-auth/vendor/symfony/console/Application.php(921): Illuminate\\Console\\Command->run(Object(Symfony\\Component\\Console\\Input\\ArgvInput), Object(Symfony\\Component\\Console\\Output\\ConsoleOutput))
#28 /home/ali/Window/Coding Sight/PhpstormProjects/Project/api-web-auth/vendor/symfony/console/Application.php(273): Symfony\\Component\\Console\\Application->doRunCommand(Object(Laravel\\Horizon\\Console\\WorkCommand), Object(Symfony\\Component\\Console\\Input\\ArgvInput), Object(Symfony\\Component\\Console\\Output\\ConsoleOutput))
#29 /home/ali/Window/Coding Sight/PhpstormProjects/Project/api-web-auth/vendor/symfony/console/Application.php(149): Symfony\\Component\\Console\\Application->doRun(Object(Symfony\\Component\\Console\\Input\\ArgvInput), Object(Symfony\\Component\\Console\\Output\\ConsoleOutput))
#30 /home/ali/Window/Coding Sight/PhpstormProjects/Project/api-web-auth/vendor/laravel/framework/src/Illuminate/Console/Application.php(90): Symfony\\Component\\Console\\Application->run(Object(Symfony\\Component\\Console\\Input\\ArgvInput), Object(Symfony\\Component\\Console\\Output\\ConsoleOutput))
#31 /home/ali/Window/Coding Sight/PhpstormProjects/Project/api-web-auth/vendor/laravel/framework/src/Illuminate/Foundation/Console/Kernel.php(133): Illuminate\\Console\\Application->run(Object(Symfony\\Component\\Console\\Input\\ArgvInput), Object(Symfony\\Component\\Console\\Output\\ConsoleOutput))
#32 /home/ali/Window/Coding Sight/PhpstormProjects/Project/api-web-auth/artisan(37): Illuminate\\Foundation\\Console\\Kernel->handle(Object(Symfony\\Component\\Console\\Input\\ArgvInput), Object(Symfony\\Component\\Console\\Output\\ConsoleOutput))
#33 {main}
"} 
[2020-05-08 13:13:49] local.ERROR: log() expects parameter 1 to be float, string given {"exception":"[object] (ErrorException(code: 0): log() expects parameter 1 to be float, string given at /home/ali/Window/Coding Sight/PhpstormProjects/Project/api-web-auth/app/Jobs/SendPhoneVerificationMessageJob.php:42)
[stacktrace]
#0 [internal function]: Illuminate\\Foundation\\Bootstrap\\HandleExceptions->handleError(2, 'log() expects p...', '/home/ali/Windo...', 42, Array)
#1 /home/ali/Window/Coding Sight/PhpstormProjects/Project/api-web-auth/app/Jobs/SendPhoneVerificationMessageJob.php(42): log('Undefined prope...')
#2 [internal function]: App\\Jobs\\SendPhoneVerificationMessageJob->handle()
#3 /home/ali/Window/Coding Sight/PhpstormProjects/Project/api-web-auth/vendor/laravel/framework/src/Illuminate/Container/BoundMethod.php(32): call_user_func_array(Array, Array)
#4 /home/ali/Window/Coding Sight/PhpstormProjects/Project/api-web-auth/vendor/laravel/framework/src/Illuminate/Container/BoundMethod.php(90): Illuminate\\Container\\BoundMethod::Illuminate\\Container\\{closure}()
#5 /home/ali/Window/Coding Sight/PhpstormProjects/Project/api-web-auth/vendor/laravel/framework/src/Illuminate/Container/BoundMethod.php(34): Illuminate\\Container\\BoundMethod::callBoundMethod(Object(Illuminate\\Foundation\\Application), Array, Object(Closure))
#6 /home/ali/Window/Coding Sight/PhpstormProjects/Project/api-web-auth/vendor/laravel/framework/src/Illuminate/Container/Container.php(576): Illuminate\\Container\\BoundMethod::call(Object(Illuminate\\Foundation\\Application), Array, Array, NULL)
#7 /home/ali/Window/Coding Sight/PhpstormProjects/Project/api-web-auth/vendor/laravel/framework/src/Illuminate/Bus/Dispatcher.php(94): Illuminate\\Container\\Container->call(Array)
#8 /home/ali/Window/Coding Sight/PhpstormProjects/Project/api-web-auth/vendor/laravel/framework/src/Illuminate/Pipeline/Pipeline.php(128): Illuminate\\Bus\\Dispatcher->Illuminate\\Bus\\{closure}(Object(App\\Jobs\\SendPhoneVerificationMessageJob))
#9 /home/ali/Window/Coding Sight/PhpstormProjects/Project/api-web-auth/vendor/laravel/framework/src/Illuminate/Pipeline/Pipeline.php(104): Illuminate\\Pipeline\\Pipeline->Illuminate\\Pipeline\\{closure}(Object(App\\Jobs\\SendPhoneVerificationMessageJob))
#10 /home/ali/Window/Coding Sight/PhpstormProjects/Project/api-web-auth/vendor/laravel/framework/src/Illuminate/Bus/Dispatcher.php(98): Illuminate\\Pipeline\\Pipeline->then(Object(Closure))
#11 /home/ali/Window/Coding Sight/PhpstormProjects/Project/api-web-auth/vendor/laravel/framework/src/Illuminate/Queue/CallQueuedHandler.php(49): Illuminate\\Bus\\Dispatcher->dispatchNow(Object(App\\Jobs\\SendPhoneVerificationMessageJob), false)
#12 /home/ali/Window/Coding Sight/PhpstormProjects/Project/api-web-auth/vendor/laravel/framework/src/Illuminate/Queue/Jobs/Job.php(88): Illuminate\\Queue\\CallQueuedHandler->call(Object(Illuminate\\Queue\\Jobs\\RedisJob), Array)
#13 /home/ali/Window/Coding Sight/PhpstormProjects/Project/api-web-auth/vendor/laravel/framework/src/Illuminate/Queue/Worker.php(327): Illuminate\\Queue\\Jobs\\Job->fire()
#14 /home/ali/Window/Coding Sight/PhpstormProjects/Project/api-web-auth/vendor/laravel/framework/src/Illuminate/Queue/Worker.php(277): Illuminate\\Queue\\Worker->process('redis', Object(Illuminate\\Queue\\Jobs\\RedisJob), Object(Illuminate\\Queue\\WorkerOptions))
#15 /home/ali/Window/Coding Sight/PhpstormProjects/Project/api-web-auth/vendor/laravel/framework/src/Illuminate/Queue/Worker.php(118): Illuminate\\Queue\\Worker->runJob(Object(Illuminate\\Queue\\Jobs\\RedisJob), 'redis', Object(Illuminate\\Queue\\WorkerOptions))
#16 /home/ali/Window/Coding Sight/PhpstormProjects/Project/api-web-auth/vendor/laravel/framework/src/Illuminate/Queue/Console/WorkCommand.php(102): Illuminate\\Queue\\Worker->daemon('redis', 'sms-send', Object(Illuminate\\Queue\\WorkerOptions))
#17 /home/ali/Window/Coding Sight/PhpstormProjects/Project/api-web-auth/vendor/laravel/framework/src/Illuminate/Queue/Console/WorkCommand.php(86): Illuminate\\Queue\\Console\\WorkCommand->runWorker('redis', 'sms-send')
#18 /home/ali/Window/Coding Sight/PhpstormProjects/Project/api-web-auth/vendor/laravel/horizon/src/Console/WorkCommand.php(46): Illuminate\\Queue\\Console\\WorkCommand->handle()
#19 [internal function]: Laravel\\Horizon\\Console\\WorkCommand->handle()
#20 /home/ali/Window/Coding Sight/PhpstormProjects/Project/api-web-auth/vendor/laravel/framework/src/Illuminate/Container/BoundMethod.php(32): call_user_func_array(Array, Array)
#21 /home/ali/Window/Coding Sight/PhpstormProjects/Project/api-web-auth/vendor/laravel/framework/src/Illuminate/Container/BoundMethod.php(90): Illuminate\\Container\\BoundMethod::Illuminate\\Container\\{closure}()
#22 /home/ali/Window/Coding Sight/PhpstormProjects/Project/api-web-auth/vendor/laravel/framework/src/Illuminate/Container/BoundMethod.php(34): Illuminate\\Container\\BoundMethod::callBoundMethod(Object(Illuminate\\Foundation\\Application), Array, Object(Closure))
#23 /home/ali/Window/Coding Sight/PhpstormProjects/Project/api-web-auth/vendor/laravel/framework/src/Illuminate/Container/Container.php(576): Illuminate\\Container\\BoundMethod::call(Object(Illuminate\\Foundation\\Application), Array, Array, NULL)
#24 /home/ali/Window/Coding Sight/PhpstormProjects/Project/api-web-auth/vendor/laravel/framework/src/Illuminate/Console/Command.php(183): Illuminate\\Container\\Container->call(Array)
#25 /home/ali/Window/Coding Sight/PhpstormProjects/Project/api-web-auth/vendor/symfony/console/Command/Command.php(255): Illuminate\\Console\\Command->execute(Object(Symfony\\Component\\Console\\Input\\ArgvInput), Object(Illuminate\\Console\\OutputStyle))
#26 /home/ali/Window/Coding Sight/PhpstormProjects/Project/api-web-auth/vendor/laravel/framework/src/Illuminate/Console/Command.php(170): Symfony\\Component\\Console\\Command\\Command->run(Object(Symfony\\Component\\Console\\Input\\ArgvInput), Object(Illuminate\\Console\\OutputStyle))
#27 /home/ali/Window/Coding Sight/PhpstormProjects/Project/api-web-auth/vendor/symfony/console/Application.php(921): Illuminate\\Console\\Command->run(Object(Symfony\\Component\\Console\\Input\\ArgvInput), Object(Symfony\\Component\\Console\\Output\\ConsoleOutput))
#28 /home/ali/Window/Coding Sight/PhpstormProjects/Project/api-web-auth/vendor/symfony/console/Application.php(273): Symfony\\Component\\Console\\Application->doRunCommand(Object(Laravel\\Horizon\\Console\\WorkCommand), Object(Symfony\\Component\\Console\\Input\\ArgvInput), Object(Symfony\\Component\\Console\\Output\\ConsoleOutput))
#29 /home/ali/Window/Coding Sight/PhpstormProjects/Project/api-web-auth/vendor/symfony/console/Application.php(149): Symfony\\Component\\Console\\Application->doRun(Object(Symfony\\Component\\Console\\Input\\ArgvInput), Object(Symfony\\Component\\Console\\Output\\ConsoleOutput))
#30 /home/ali/Window/Coding Sight/PhpstormProjects/Project/api-web-auth/vendor/laravel/framework/src/Illuminate/Console/Application.php(90): Symfony\\Component\\Console\\Application->run(Object(Symfony\\Component\\Console\\Input\\ArgvInput), Object(Symfony\\Component\\Console\\Output\\ConsoleOutput))
#31 /home/ali/Window/Coding Sight/PhpstormProjects/Project/api-web-auth/vendor/laravel/framework/src/Illuminate/Foundation/Console/Kernel.php(133): Illuminate\\Console\\Application->run(Object(Symfony\\Component\\Console\\Input\\ArgvInput), Object(Symfony\\Component\\Console\\Output\\ConsoleOutput))
#32 /home/ali/Window/Coding Sight/PhpstormProjects/Project/api-web-auth/artisan(37): Illuminate\\Foundation\\Console\\Kernel->handle(Object(Symfony\\Component\\Console\\Input\\ArgvInput), Object(Symfony\\Component\\Console\\Output\\ConsoleOutput))
#33 {main}
"} 
[2020-05-08 13:14:58] local.ERROR: log() expects parameter 1 to be float, string given {"exception":"[object] (ErrorException(code: 0): log() expects parameter 1 to be float, string given at /home/ali/Window/Coding Sight/PhpstormProjects/Project/api-web-auth/app/Jobs/SendPhoneVerificationMessageJob.php:42)
[stacktrace]
#0 [internal function]: Illuminate\\Foundation\\Bootstrap\\HandleExceptions->handleError(2, 'log() expects p...', '/home/ali/Windo...', 42, Array)
#1 /home/ali/Window/Coding Sight/PhpstormProjects/Project/api-web-auth/app/Jobs/SendPhoneVerificationMessageJob.php(42): log('Undefined prope...')
#2 [internal function]: App\\Jobs\\SendPhoneVerificationMessageJob->handle()
#3 /home/ali/Window/Coding Sight/PhpstormProjects/Project/api-web-auth/vendor/laravel/framework/src/Illuminate/Container/BoundMethod.php(32): call_user_func_array(Array, Array)
#4 /home/ali/Window/Coding Sight/PhpstormProjects/Project/api-web-auth/vendor/laravel/framework/src/Illuminate/Container/BoundMethod.php(90): Illuminate\\Container\\BoundMethod::Illuminate\\Container\\{closure}()
#5 /home/ali/Window/Coding Sight/PhpstormProjects/Project/api-web-auth/vendor/laravel/framework/src/Illuminate/Container/BoundMethod.php(34): Illuminate\\Container\\BoundMethod::callBoundMethod(Object(Illuminate\\Foundation\\Application), Array, Object(Closure))
#6 /home/ali/Window/Coding Sight/PhpstormProjects/Project/api-web-auth/vendor/laravel/framework/src/Illuminate/Container/Container.php(576): Illuminate\\Container\\BoundMethod::call(Object(Illuminate\\Foundation\\Application), Array, Array, NULL)
#7 /home/ali/Window/Coding Sight/PhpstormProjects/Project/api-web-auth/vendor/laravel/framework/src/Illuminate/Bus/Dispatcher.php(94): Illuminate\\Container\\Container->call(Array)
#8 /home/ali/Window/Coding Sight/PhpstormProjects/Project/api-web-auth/vendor/laravel/framework/src/Illuminate/Pipeline/Pipeline.php(128): Illuminate\\Bus\\Dispatcher->Illuminate\\Bus\\{closure}(Object(App\\Jobs\\SendPhoneVerificationMessageJob))
#9 /home/ali/Window/Coding Sight/PhpstormProjects/Project/api-web-auth/vendor/laravel/framework/src/Illuminate/Pipeline/Pipeline.php(104): Illuminate\\Pipeline\\Pipeline->Illuminate\\Pipeline\\{closure}(Object(App\\Jobs\\SendPhoneVerificationMessageJob))
#10 /home/ali/Window/Coding Sight/PhpstormProjects/Project/api-web-auth/vendor/laravel/framework/src/Illuminate/Bus/Dispatcher.php(98): Illuminate\\Pipeline\\Pipeline->then(Object(Closure))
#11 /home/ali/Window/Coding Sight/PhpstormProjects/Project/api-web-auth/vendor/laravel/framework/src/Illuminate/Queue/CallQueuedHandler.php(49): Illuminate\\Bus\\Dispatcher->dispatchNow(Object(App\\Jobs\\SendPhoneVerificationMessageJob), false)
#12 /home/ali/Window/Coding Sight/PhpstormProjects/Project/api-web-auth/vendor/laravel/framework/src/Illuminate/Queue/Jobs/Job.php(88): Illuminate\\Queue\\CallQueuedHandler->call(Object(Illuminate\\Queue\\Jobs\\RedisJob), Array)
#13 /home/ali/Window/Coding Sight/PhpstormProjects/Project/api-web-auth/vendor/laravel/framework/src/Illuminate/Queue/Worker.php(327): Illuminate\\Queue\\Jobs\\Job->fire()
#14 /home/ali/Window/Coding Sight/PhpstormProjects/Project/api-web-auth/vendor/laravel/framework/src/Illuminate/Queue/Worker.php(277): Illuminate\\Queue\\Worker->process('redis', Object(Illuminate\\Queue\\Jobs\\RedisJob), Object(Illuminate\\Queue\\WorkerOptions))
#15 /home/ali/Window/Coding Sight/PhpstormProjects/Project/api-web-auth/vendor/laravel/framework/src/Illuminate/Queue/Worker.php(118): Illuminate\\Queue\\Worker->runJob(Object(Illuminate\\Queue\\Jobs\\RedisJob), 'redis', Object(Illuminate\\Queue\\WorkerOptions))
#16 /home/ali/Window/Coding Sight/PhpstormProjects/Project/api-web-auth/vendor/laravel/framework/src/Illuminate/Queue/Console/WorkCommand.php(102): Illuminate\\Queue\\Worker->daemon('redis', 'sms-send', Object(Illuminate\\Queue\\WorkerOptions))
#17 /home/ali/Window/Coding Sight/PhpstormProjects/Project/api-web-auth/vendor/laravel/framework/src/Illuminate/Queue/Console/WorkCommand.php(86): Illuminate\\Queue\\Console\\WorkCommand->runWorker('redis', 'sms-send')
#18 /home/ali/Window/Coding Sight/PhpstormProjects/Project/api-web-auth/vendor/laravel/horizon/src/Console/WorkCommand.php(46): Illuminate\\Queue\\Console\\WorkCommand->handle()
#19 [internal function]: Laravel\\Horizon\\Console\\WorkCommand->handle()
#20 /home/ali/Window/Coding Sight/PhpstormProjects/Project/api-web-auth/vendor/laravel/framework/src/Illuminate/Container/BoundMethod.php(32): call_user_func_array(Array, Array)
#21 /home/ali/Window/Coding Sight/PhpstormProjects/Project/api-web-auth/vendor/laravel/framework/src/Illuminate/Container/BoundMethod.php(90): Illuminate\\Container\\BoundMethod::Illuminate\\Container\\{closure}()
#22 /home/ali/Window/Coding Sight/PhpstormProjects/Project/api-web-auth/vendor/laravel/framework/src/Illuminate/Container/BoundMethod.php(34): Illuminate\\Container\\BoundMethod::callBoundMethod(Object(Illuminate\\Foundation\\Application), Array, Object(Closure))
#23 /home/ali/Window/Coding Sight/PhpstormProjects/Project/api-web-auth/vendor/laravel/framework/src/Illuminate/Container/Container.php(576): Illuminate\\Container\\BoundMethod::call(Object(Illuminate\\Foundation\\Application), Array, Array, NULL)
#24 /home/ali/Window/Coding Sight/PhpstormProjects/Project/api-web-auth/vendor/laravel/framework/src/Illuminate/Console/Command.php(183): Illuminate\\Container\\Container->call(Array)
#25 /home/ali/Window/Coding Sight/PhpstormProjects/Project/api-web-auth/vendor/symfony/console/Command/Command.php(255): Illuminate\\Console\\Command->execute(Object(Symfony\\Component\\Console\\Input\\ArgvInput), Object(Illuminate\\Console\\OutputStyle))
#26 /home/ali/Window/Coding Sight/PhpstormProjects/Project/api-web-auth/vendor/laravel/framework/src/Illuminate/Console/Command.php(170): Symfony\\Component\\Console\\Command\\Command->run(Object(Symfony\\Component\\Console\\Input\\ArgvInput), Object(Illuminate\\Console\\OutputStyle))
#27 /home/ali/Window/Coding Sight/PhpstormProjects/Project/api-web-auth/vendor/symfony/console/Application.php(921): Illuminate\\Console\\Command->run(Object(Symfony\\Component\\Console\\Input\\ArgvInput), Object(Symfony\\Component\\Console\\Output\\ConsoleOutput))
#28 /home/ali/Window/Coding Sight/PhpstormProjects/Project/api-web-auth/vendor/symfony/console/Application.php(273): Symfony\\Component\\Console\\Application->doRunCommand(Object(Laravel\\Horizon\\Console\\WorkCommand), Object(Symfony\\Component\\Console\\Input\\ArgvInput), Object(Symfony\\Component\\Console\\Output\\ConsoleOutput))
#29 /home/ali/Window/Coding Sight/PhpstormProjects/Project/api-web-auth/vendor/symfony/console/Application.php(149): Symfony\\Component\\Console\\Application->doRun(Object(Symfony\\Component\\Console\\Input\\ArgvInput), Object(Symfony\\Component\\Console\\Output\\ConsoleOutput))
#30 /home/ali/Window/Coding Sight/PhpstormProjects/Project/api-web-auth/vendor/laravel/framework/src/Illuminate/Console/Application.php(90): Symfony\\Component\\Console\\Application->run(Object(Symfony\\Component\\Console\\Input\\ArgvInput), Object(Symfony\\Component\\Console\\Output\\ConsoleOutput))
#31 /home/ali/Window/Coding Sight/PhpstormProjects/Project/api-web-auth/vendor/laravel/framework/src/Illuminate/Foundation/Console/Kernel.php(133): Illuminate\\Console\\Application->run(Object(Symfony\\Component\\Console\\Input\\ArgvInput), Object(Symfony\\Component\\Console\\Output\\ConsoleOutput))
#32 /home/ali/Window/Coding Sight/PhpstormProjects/Project/api-web-auth/artisan(37): Illuminate\\Foundation\\Console\\Kernel->handle(Object(Symfony\\Component\\Console\\Input\\ArgvInput), Object(Symfony\\Component\\Console\\Output\\ConsoleOutput))
#33 {main}
"} 
[2020-05-08 13:14:58] local.ERROR: log() expects parameter 1 to be float, string given {"exception":"[object] (ErrorException(code: 0): log() expects parameter 1 to be float, string given at /home/ali/Window/Coding Sight/PhpstormProjects/Project/api-web-auth/app/Jobs/SendPhoneVerificationMessageJob.php:42)
[stacktrace]
#0 [internal function]: Illuminate\\Foundation\\Bootstrap\\HandleExceptions->handleError(2, 'log() expects p...', '/home/ali/Windo...', 42, Array)
#1 /home/ali/Window/Coding Sight/PhpstormProjects/Project/api-web-auth/app/Jobs/SendPhoneVerificationMessageJob.php(42): log('Undefined prope...')
#2 [internal function]: App\\Jobs\\SendPhoneVerificationMessageJob->handle()
#3 /home/ali/Window/Coding Sight/PhpstormProjects/Project/api-web-auth/vendor/laravel/framework/src/Illuminate/Container/BoundMethod.php(32): call_user_func_array(Array, Array)
#4 /home/ali/Window/Coding Sight/PhpstormProjects/Project/api-web-auth/vendor/laravel/framework/src/Illuminate/Container/BoundMethod.php(90): Illuminate\\Container\\BoundMethod::Illuminate\\Container\\{closure}()
#5 /home/ali/Window/Coding Sight/PhpstormProjects/Project/api-web-auth/vendor/laravel/framework/src/Illuminate/Container/BoundMethod.php(34): Illuminate\\Container\\BoundMethod::callBoundMethod(Object(Illuminate\\Foundation\\Application), Array, Object(Closure))
#6 /home/ali/Window/Coding Sight/PhpstormProjects/Project/api-web-auth/vendor/laravel/framework/src/Illuminate/Container/Container.php(576): Illuminate\\Container\\BoundMethod::call(Object(Illuminate\\Foundation\\Application), Array, Array, NULL)
#7 /home/ali/Window/Coding Sight/PhpstormProjects/Project/api-web-auth/vendor/laravel/framework/src/Illuminate/Bus/Dispatcher.php(94): Illuminate\\Container\\Container->call(Array)
#8 /home/ali/Window/Coding Sight/PhpstormProjects/Project/api-web-auth/vendor/laravel/framework/src/Illuminate/Pipeline/Pipeline.php(128): Illuminate\\Bus\\Dispatcher->Illuminate\\Bus\\{closure}(Object(App\\Jobs\\SendPhoneVerificationMessageJob))
#9 /home/ali/Window/Coding Sight/PhpstormProjects/Project/api-web-auth/vendor/laravel/framework/src/Illuminate/Pipeline/Pipeline.php(104): Illuminate\\Pipeline\\Pipeline->Illuminate\\Pipeline\\{closure}(Object(App\\Jobs\\SendPhoneVerificationMessageJob))
#10 /home/ali/Window/Coding Sight/PhpstormProjects/Project/api-web-auth/vendor/laravel/framework/src/Illuminate/Bus/Dispatcher.php(98): Illuminate\\Pipeline\\Pipeline->then(Object(Closure))
#11 /home/ali/Window/Coding Sight/PhpstormProjects/Project/api-web-auth/vendor/laravel/framework/src/Illuminate/Queue/CallQueuedHandler.php(49): Illuminate\\Bus\\Dispatcher->dispatchNow(Object(App\\Jobs\\SendPhoneVerificationMessageJob), false)
#12 /home/ali/Window/Coding Sight/PhpstormProjects/Project/api-web-auth/vendor/laravel/framework/src/Illuminate/Queue/Jobs/Job.php(88): Illuminate\\Queue\\CallQueuedHandler->call(Object(Illuminate\\Queue\\Jobs\\RedisJob), Array)
#13 /home/ali/Window/Coding Sight/PhpstormProjects/Project/api-web-auth/vendor/laravel/framework/src/Illuminate/Queue/Worker.php(327): Illuminate\\Queue\\Jobs\\Job->fire()
#14 /home/ali/Window/Coding Sight/PhpstormProjects/Project/api-web-auth/vendor/laravel/framework/src/Illuminate/Queue/Worker.php(277): Illuminate\\Queue\\Worker->process('redis', Object(Illuminate\\Queue\\Jobs\\RedisJob), Object(Illuminate\\Queue\\WorkerOptions))
#15 /home/ali/Window/Coding Sight/PhpstormProjects/Project/api-web-auth/vendor/laravel/framework/src/Illuminate/Queue/Worker.php(118): Illuminate\\Queue\\Worker->runJob(Object(Illuminate\\Queue\\Jobs\\RedisJob), 'redis', Object(Illuminate\\Queue\\WorkerOptions))
#16 /home/ali/Window/Coding Sight/PhpstormProjects/Project/api-web-auth/vendor/laravel/framework/src/Illuminate/Queue/Console/WorkCommand.php(102): Illuminate\\Queue\\Worker->daemon('redis', 'sms-send', Object(Illuminate\\Queue\\WorkerOptions))
#17 /home/ali/Window/Coding Sight/PhpstormProjects/Project/api-web-auth/vendor/laravel/framework/src/Illuminate/Queue/Console/WorkCommand.php(86): Illuminate\\Queue\\Console\\WorkCommand->runWorker('redis', 'sms-send')
#18 /home/ali/Window/Coding Sight/PhpstormProjects/Project/api-web-auth/vendor/laravel/horizon/src/Console/WorkCommand.php(46): Illuminate\\Queue\\Console\\WorkCommand->handle()
#19 [internal function]: Laravel\\Horizon\\Console\\WorkCommand->handle()
#20 /home/ali/Window/Coding Sight/PhpstormProjects/Project/api-web-auth/vendor/laravel/framework/src/Illuminate/Container/BoundMethod.php(32): call_user_func_array(Array, Array)
#21 /home/ali/Window/Coding Sight/PhpstormProjects/Project/api-web-auth/vendor/laravel/framework/src/Illuminate/Container/BoundMethod.php(90): Illuminate\\Container\\BoundMethod::Illuminate\\Container\\{closure}()
#22 /home/ali/Window/Coding Sight/PhpstormProjects/Project/api-web-auth/vendor/laravel/framework/src/Illuminate/Container/BoundMethod.php(34): Illuminate\\Container\\BoundMethod::callBoundMethod(Object(Illuminate\\Foundation\\Application), Array, Object(Closure))
#23 /home/ali/Window/Coding Sight/PhpstormProjects/Project/api-web-auth/vendor/laravel/framework/src/Illuminate/Container/Container.php(576): Illuminate\\Container\\BoundMethod::call(Object(Illuminate\\Foundation\\Application), Array, Array, NULL)
#24 /home/ali/Window/Coding Sight/PhpstormProjects/Project/api-web-auth/vendor/laravel/framework/src/Illuminate/Console/Command.php(183): Illuminate\\Container\\Container->call(Array)
#25 /home/ali/Window/Coding Sight/PhpstormProjects/Project/api-web-auth/vendor/symfony/console/Command/Command.php(255): Illuminate\\Console\\Command->execute(Object(Symfony\\Component\\Console\\Input\\ArgvInput), Object(Illuminate\\Console\\OutputStyle))
#26 /home/ali/Window/Coding Sight/PhpstormProjects/Project/api-web-auth/vendor/laravel/framework/src/Illuminate/Console/Command.php(170): Symfony\\Component\\Console\\Command\\Command->run(Object(Symfony\\Component\\Console\\Input\\ArgvInput), Object(Illuminate\\Console\\OutputStyle))
#27 /home/ali/Window/Coding Sight/PhpstormProjects/Project/api-web-auth/vendor/symfony/console/Application.php(921): Illuminate\\Console\\Command->run(Object(Symfony\\Component\\Console\\Input\\ArgvInput), Object(Symfony\\Component\\Console\\Output\\ConsoleOutput))
#28 /home/ali/Window/Coding Sight/PhpstormProjects/Project/api-web-auth/vendor/symfony/console/Application.php(273): Symfony\\Component\\Console\\Application->doRunCommand(Object(Laravel\\Horizon\\Console\\WorkCommand), Object(Symfony\\Component\\Console\\Input\\ArgvInput), Object(Symfony\\Component\\Console\\Output\\ConsoleOutput))
#29 /home/ali/Window/Coding Sight/PhpstormProjects/Project/api-web-auth/vendor/symfony/console/Application.php(149): Symfony\\Component\\Console\\Application->doRun(Object(Symfony\\Component\\Console\\Input\\ArgvInput), Object(Symfony\\Component\\Console\\Output\\ConsoleOutput))
#30 /home/ali/Window/Coding Sight/PhpstormProjects/Project/api-web-auth/vendor/laravel/framework/src/Illuminate/Console/Application.php(90): Symfony\\Component\\Console\\Application->run(Object(Symfony\\Component\\Console\\Input\\ArgvInput), Object(Symfony\\Component\\Console\\Output\\ConsoleOutput))
#31 /home/ali/Window/Coding Sight/PhpstormProjects/Project/api-web-auth/vendor/laravel/framework/src/Illuminate/Foundation/Console/Kernel.php(133): Illuminate\\Console\\Application->run(Object(Symfony\\Component\\Console\\Input\\ArgvInput), Object(Symfony\\Component\\Console\\Output\\ConsoleOutput))
#32 /home/ali/Window/Coding Sight/PhpstormProjects/Project/api-web-auth/artisan(37): Illuminate\\Foundation\\Console\\Kernel->handle(Object(Symfony\\Component\\Console\\Input\\ArgvInput), Object(Symfony\\Component\\Console\\Output\\ConsoleOutput))
#33 {main}
"} 
[2020-05-08 13:14:58] local.ERROR: log() expects parameter 1 to be float, string given {"exception":"[object] (ErrorException(code: 0): log() expects parameter 1 to be float, string given at /home/ali/Window/Coding Sight/PhpstormProjects/Project/api-web-auth/app/Jobs/SendPhoneVerificationMessageJob.php:42)
[stacktrace]
#0 [internal function]: Illuminate\\Foundation\\Bootstrap\\HandleExceptions->handleError(2, 'log() expects p...', '/home/ali/Windo...', 42, Array)
#1 /home/ali/Window/Coding Sight/PhpstormProjects/Project/api-web-auth/app/Jobs/SendPhoneVerificationMessageJob.php(42): log('Undefined prope...')
#2 [internal function]: App\\Jobs\\SendPhoneVerificationMessageJob->handle()
#3 /home/ali/Window/Coding Sight/PhpstormProjects/Project/api-web-auth/vendor/laravel/framework/src/Illuminate/Container/BoundMethod.php(32): call_user_func_array(Array, Array)
#4 /home/ali/Window/Coding Sight/PhpstormProjects/Project/api-web-auth/vendor/laravel/framework/src/Illuminate/Container/BoundMethod.php(90): Illuminate\\Container\\BoundMethod::Illuminate\\Container\\{closure}()
#5 /home/ali/Window/Coding Sight/PhpstormProjects/Project/api-web-auth/vendor/laravel/framework/src/Illuminate/Container/BoundMethod.php(34): Illuminate\\Container\\BoundMethod::callBoundMethod(Object(Illuminate\\Foundation\\Application), Array, Object(Closure))
#6 /home/ali/Window/Coding Sight/PhpstormProjects/Project/api-web-auth/vendor/laravel/framework/src/Illuminate/Container/Container.php(576): Illuminate\\Container\\BoundMethod::call(Object(Illuminate\\Foundation\\Application), Array, Array, NULL)
#7 /home/ali/Window/Coding Sight/PhpstormProjects/Project/api-web-auth/vendor/laravel/framework/src/Illuminate/Bus/Dispatcher.php(94): Illuminate\\Container\\Container->call(Array)
#8 /home/ali/Window/Coding Sight/PhpstormProjects/Project/api-web-auth/vendor/laravel/framework/src/Illuminate/Pipeline/Pipeline.php(128): Illuminate\\Bus\\Dispatcher->Illuminate\\Bus\\{closure}(Object(App\\Jobs\\SendPhoneVerificationMessageJob))
#9 /home/ali/Window/Coding Sight/PhpstormProjects/Project/api-web-auth/vendor/laravel/framework/src/Illuminate/Pipeline/Pipeline.php(104): Illuminate\\Pipeline\\Pipeline->Illuminate\\Pipeline\\{closure}(Object(App\\Jobs\\SendPhoneVerificationMessageJob))
#10 /home/ali/Window/Coding Sight/PhpstormProjects/Project/api-web-auth/vendor/laravel/framework/src/Illuminate/Bus/Dispatcher.php(98): Illuminate\\Pipeline\\Pipeline->then(Object(Closure))
#11 /home/ali/Window/Coding Sight/PhpstormProjects/Project/api-web-auth/vendor/laravel/framework/src/Illuminate/Queue/CallQueuedHandler.php(49): Illuminate\\Bus\\Dispatcher->dispatchNow(Object(App\\Jobs\\SendPhoneVerificationMessageJob), false)
#12 /home/ali/Window/Coding Sight/PhpstormProjects/Project/api-web-auth/vendor/laravel/framework/src/Illuminate/Queue/Jobs/Job.php(88): Illuminate\\Queue\\CallQueuedHandler->call(Object(Illuminate\\Queue\\Jobs\\RedisJob), Array)
#13 /home/ali/Window/Coding Sight/PhpstormProjects/Project/api-web-auth/vendor/laravel/framework/src/Illuminate/Queue/Worker.php(327): Illuminate\\Queue\\Jobs\\Job->fire()
#14 /home/ali/Window/Coding Sight/PhpstormProjects/Project/api-web-auth/vendor/laravel/framework/src/Illuminate/Queue/Worker.php(277): Illuminate\\Queue\\Worker->process('redis', Object(Illuminate\\Queue\\Jobs\\RedisJob), Object(Illuminate\\Queue\\WorkerOptions))
#15 /home/ali/Window/Coding Sight/PhpstormProjects/Project/api-web-auth/vendor/laravel/framework/src/Illuminate/Queue/Worker.php(118): Illuminate\\Queue\\Worker->runJob(Object(Illuminate\\Queue\\Jobs\\RedisJob), 'redis', Object(Illuminate\\Queue\\WorkerOptions))
#16 /home/ali/Window/Coding Sight/PhpstormProjects/Project/api-web-auth/vendor/laravel/framework/src/Illuminate/Queue/Console/WorkCommand.php(102): Illuminate\\Queue\\Worker->daemon('redis', 'sms-send', Object(Illuminate\\Queue\\WorkerOptions))
#17 /home/ali/Window/Coding Sight/PhpstormProjects/Project/api-web-auth/vendor/laravel/framework/src/Illuminate/Queue/Console/WorkCommand.php(86): Illuminate\\Queue\\Console\\WorkCommand->runWorker('redis', 'sms-send')
#18 /home/ali/Window/Coding Sight/PhpstormProjects/Project/api-web-auth/vendor/laravel/horizon/src/Console/WorkCommand.php(46): Illuminate\\Queue\\Console\\WorkCommand->handle()
#19 [internal function]: Laravel\\Horizon\\Console\\WorkCommand->handle()
#20 /home/ali/Window/Coding Sight/PhpstormProjects/Project/api-web-auth/vendor/laravel/framework/src/Illuminate/Container/BoundMethod.php(32): call_user_func_array(Array, Array)
#21 /home/ali/Window/Coding Sight/PhpstormProjects/Project/api-web-auth/vendor/laravel/framework/src/Illuminate/Container/BoundMethod.php(90): Illuminate\\Container\\BoundMethod::Illuminate\\Container\\{closure}()
#22 /home/ali/Window/Coding Sight/PhpstormProjects/Project/api-web-auth/vendor/laravel/framework/src/Illuminate/Container/BoundMethod.php(34): Illuminate\\Container\\BoundMethod::callBoundMethod(Object(Illuminate\\Foundation\\Application), Array, Object(Closure))
#23 /home/ali/Window/Coding Sight/PhpstormProjects/Project/api-web-auth/vendor/laravel/framework/src/Illuminate/Container/Container.php(576): Illuminate\\Container\\BoundMethod::call(Object(Illuminate\\Foundation\\Application), Array, Array, NULL)
#24 /home/ali/Window/Coding Sight/PhpstormProjects/Project/api-web-auth/vendor/laravel/framework/src/Illuminate/Console/Command.php(183): Illuminate\\Container\\Container->call(Array)
#25 /home/ali/Window/Coding Sight/PhpstormProjects/Project/api-web-auth/vendor/symfony/console/Command/Command.php(255): Illuminate\\Console\\Command->execute(Object(Symfony\\Component\\Console\\Input\\ArgvInput), Object(Illuminate\\Console\\OutputStyle))
#26 /home/ali/Window/Coding Sight/PhpstormProjects/Project/api-web-auth/vendor/laravel/framework/src/Illuminate/Console/Command.php(170): Symfony\\Component\\Console\\Command\\Command->run(Object(Symfony\\Component\\Console\\Input\\ArgvInput), Object(Illuminate\\Console\\OutputStyle))
#27 /home/ali/Window/Coding Sight/PhpstormProjects/Project/api-web-auth/vendor/symfony/console/Application.php(921): Illuminate\\Console\\Command->run(Object(Symfony\\Component\\Console\\Input\\ArgvInput), Object(Symfony\\Component\\Console\\Output\\ConsoleOutput))
#28 /home/ali/Window/Coding Sight/PhpstormProjects/Project/api-web-auth/vendor/symfony/console/Application.php(273): Symfony\\Component\\Console\\Application->doRunCommand(Object(Laravel\\Horizon\\Console\\WorkCommand), Object(Symfony\\Component\\Console\\Input\\ArgvInput), Object(Symfony\\Component\\Console\\Output\\ConsoleOutput))
#29 /home/ali/Window/Coding Sight/PhpstormProjects/Project/api-web-auth/vendor/symfony/console/Application.php(149): Symfony\\Component\\Console\\Application->doRun(Object(Symfony\\Component\\Console\\Input\\ArgvInput), Object(Symfony\\Component\\Console\\Output\\ConsoleOutput))
#30 /home/ali/Window/Coding Sight/PhpstormProjects/Project/api-web-auth/vendor/laravel/framework/src/Illuminate/Console/Application.php(90): Symfony\\Component\\Console\\Application->run(Object(Symfony\\Component\\Console\\Input\\ArgvInput), Object(Symfony\\Component\\Console\\Output\\ConsoleOutput))
#31 /home/ali/Window/Coding Sight/PhpstormProjects/Project/api-web-auth/vendor/laravel/framework/src/Illuminate/Foundation/Console/Kernel.php(133): Illuminate\\Console\\Application->run(Object(Symfony\\Component\\Console\\Input\\ArgvInput), Object(Symfony\\Component\\Console\\Output\\ConsoleOutput))
#32 /home/ali/Window/Coding Sight/PhpstormProjects/Project/api-web-auth/artisan(37): Illuminate\\Foundation\\Console\\Kernel->handle(Object(Symfony\\Component\\Console\\Input\\ArgvInput), Object(Symfony\\Component\\Console\\Output\\ConsoleOutput))
#33 {main}
"} 
[2020-05-08 13:16:01] local.INFO: Undefined property: App\Jobs\SendPhoneVerificationMessageJob::$randNo  
[2020-05-08 13:17:13] local.INFO: Undefined property: App\Jobs\SendPhoneVerificationMessageJob::$randNo  
[2020-05-08 13:19:40] local.INFO: Undefined property: App\Jobs\SendPhoneVerificationMessageJob::$randNo  
[2020-05-08 13:21:25] local.INFO: Could not resolve host: api.twilio.com  
[2020-05-08 13:23:41] local.INFO: Could not resolve host: api.twilio.com  
[2020-05-08 13:25:43] local.INFO: done  
