[2020-05-07 06:04:14] local.INFO: done  
[2020-05-07 06:46:46] local.INFO: Failed to authenticate on SMTP server with username "postmaster@sandbox64f22d8f92f2494492a4bc48e5ed27ff.mailgun.org" using 2 possible authenticators. Authenticator LOGIN returned Expected response code 250 but got code "235", with message "235 2.0.0 OK
". Authenticator PLAIN returned Expected response code 250 but got code "235", with message "235 Authentication successful.
".  
[2020-05-07 06:55:12] local.INFO: Expected response code 250 but got code "554", with message "554 Sandbox subdomains are for test purposes only. Please add your own domain or add the address to authorized recipients in Account Settings.
"  
[2020-05-07 06:58:00] local.INFO: Expected response code 250 but got code "554", with message "554 Sandbox subdomains are for test purposes only. Please add your own domain or add the address to authorized recipients in Account Settings.
"  
[2020-05-07 07:03:20] local.INFO: Expected response code 250 but got code "554", with message "554 Sandbox subdomains are for test purposes only. Please add your own domain or add the address to authorized recipients in Account Settings.
"  
[2020-05-07 07:03:25] local.INFO: Expected response code 250 but got code "554", with message "554 Sandbox subdomains are for test purposes only. Please add your own domain or add the address to authorized recipients in Account Settings.
"  
[2020-05-07 07:14:07] local.INFO: Client error: `POST https://api.mailgun.net/v3/test200@test.com/messages.mime` resulted in a `401 UNAUTHORIZED` response:
Forbidden
  
[2020-05-07 07:18:22] local.INFO: Client error: `POST https://api.mailgun.net/v3/test200@test.com/messages.mime` resulted in a `401 UNAUTHORIZED` response:
Forbidden
  
[2020-05-07 07:25:28] local.INFO: Client error: `POST https://api.mailgun.net/v3/sandbox64f22d8f92f2494492a4bc48e5ed27ff.mailgun.org/messages.mime` resulted in a `401 UNAUTHORIZED` response:
Forbidden
  
[2020-05-07 07:28:00] local.INFO: Client error: `POST https://api.mailgun.net/v3/sandbox64f22d8f92f2494492a4bc48e5ed27ff.mailgun.org/messages.mime` resulted in a `401 UNAUTHORIZED` response:
Forbidden
  
[2020-05-07 07:32:36] local.INFO: Client error: `POST https://api.mailgun.net/v3/sandbox64f22d8f92f2494492a4bc48e5ed27ff.mailgun.org/messages.mime` resulted in a `401 UNAUTHORIZED` response:
Forbidden
  
[2020-05-07 07:36:02] local.INFO: Client error: `POST https://api.mailgun.net/v3/sandbox64f22d8f92f2494492a4bc48e5ed27ff.mailgun.org/messages.mime` resulted in a `401 UNAUTHORIZED` response:
Forbidden
  
[2020-05-07 07:55:59] local.ERROR: Route [admin.userAppointmentList] not defined. (View: /home/ali/Window/Coding Sight/PhpstormProjects/Project/api-web-auth/resources/views/admin/users/view.blade.php) {"userId":2,"exception":"[object] (ErrorException(code: 0): Route [admin.userAppointmentList] not defined. (View: /home/ali/Window/Coding Sight/PhpstormProjects/Project/api-web-auth/resources/views/admin/users/view.blade.php) at /home/ali/Window/Coding Sight/PhpstormProjects/Project/api-web-auth/vendor/laravel/framework/src/Illuminate/Routing/UrlGenerator.php:388, InvalidArgumentException(code: 0): Route [admin.userAppointmentList] not defined. at /home/ali/Window/Coding Sight/PhpstormProjects/Project/api-web-auth/vendor/laravel/framework/src/Illuminate/Routing/UrlGenerator.php:388)
[stacktrace]
#0 /home/ali/Window/Coding Sight/PhpstormProjects/Project/api-web-auth/vendor/laravel/framework/src/Illuminate/View/Engines/PhpEngine.php(45): Illuminate\\View\\Engines\\CompilerEngine->handleViewException(Object(InvalidArgumentException), 1)
#1 /home/ali/Window/Coding Sight/PhpstormProjects/Project/api-web-auth/vendor/laravel/framework/src/Illuminate/View/Engines/CompilerEngine.php(59): Illuminate\\View\\Engines\\PhpEngine->evaluatePath('/home/ali/Windo...', Array)
#2 /home/ali/Window/Coding Sight/PhpstormProjects/Project/api-web-auth/vendor/laravel/framework/src/Illuminate/View/View.php(142): Illuminate\\View\\Engines\\CompilerEngine->get('/home/ali/Windo...', Array)
#3 /home/ali/Window/Coding Sight/PhpstormProjects/Project/api-web-auth/vendor/laravel/framework/src/Illuminate/View/View.php(125): Illuminate\\View\\View->getContents()
#4 /home/ali/Window/Coding Sight/PhpstormProjects/Project/api-web-auth/vendor/laravel/framework/src/Illuminate/View/View.php(90): Illuminate\\View\\View->renderContents()
#5 /home/ali/Window/Coding Sight/PhpstormProjects/Project/api-web-auth/vendor/laravel/framework/src/Illuminate/Http/Response.php(42): Illuminate\\View\\View->render()
#6 /home/ali/Window/Coding Sight/PhpstormProjects/Project/api-web-auth/vendor/symfony/http-foundation/Response.php(202): Illuminate\\Http\\Response->setContent(Object(Illuminate\\View\\View))
#7 /home/ali/Window/Coding Sight/PhpstormProjects/Project/api-web-auth/vendor/laravel/framework/src/Illuminate/Routing/Router.php(748): Symfony\\Component\\HttpFoundation\\Response->__construct(Object(Illuminate\\View\\View))
#8 /home/ali/Window/Coding Sight/PhpstormProjects/Project/api-web-auth/vendor/laravel/framework/src/Illuminate/Routing/Router.php(720): Illuminate\\Routing\\Router::toResponse(Object(Illuminate\\Http\\Request), Object(Illuminate\\View\\View))
#9 /home/ali/Window/Coding Sight/PhpstormProjects/Project/api-web-auth/vendor/laravel/framework/src/Illuminate/Routing/Router.php(680): Illuminate\\Routing\\Router->prepareResponse(Object(Illuminate\\Http\\Request), Object(Illuminate\\View\\View))
#10 /home/ali/Window/Coding Sight/PhpstormProjects/Project/api-web-auth/vendor/laravel/framework/src/Illuminate/Routing/Pipeline.php(30): Illuminate\\Routing\\Router->Illuminate\\Routing\\{closure}(Object(Illuminate\\Http\\Request))
#11 /home/ali/Window/Coding Sight/PhpstormProjects/Project/api-web-auth/app/Http/Middleware/Admin.php(21): Illuminate\\Routing\\Pipeline->Illuminate\\Routing\\{closure}(Object(Illuminate\\Http\\Request))
#12 /home/ali/Window/Coding Sight/PhpstormProjects/Project/api-web-auth/vendor/laravel/framework/src/Illuminate/Pipeline/Pipeline.php(163): App\\Http\\Middleware\\Admin->handle(Object(Illuminate\\Http\\Request), Object(Closure))
#13 /home/ali/Window/Coding Sight/PhpstormProjects/Project/api-web-auth/vendor/laravel/framework/src/Illuminate/Routing/Pipeline.php(53): Illuminate\\Pipeline\\Pipeline->Illuminate\\Pipeline\\{closure}(Object(Illuminate\\Http\\Request))
#14 /home/ali/Window/Coding Sight/PhpstormProjects/Project/api-web-auth/vendor/laravel/framework/src/Illuminate/Routing/Middleware/SubstituteBindings.php(41): Illuminate\\Routing\\Pipeline->Illuminate\\Routing\\{closure}(Object(Illuminate\\Http\\Request))
#15 /home/ali/Window/Coding Sight/PhpstormProjects/Project/api-web-auth/vendor/laravel/framework/src/Illuminate/Pipeline/Pipeline.php(163): Illuminate\\Routing\\Middleware\\SubstituteBindings->handle(Object(Illuminate\\Http\\Request), Object(Closure))
#16 /home/ali/Window/Coding Sight/PhpstormProjects/Project/api-web-auth/vendor/laravel/framework/src/Illuminate/Routing/Pipeline.php(53): Illuminate\\Pipeline\\Pipeline->Illuminate\\Pipeline\\{closure}(Object(Illuminate\\Http\\Request))
#17 /home/ali/Window/Coding Sight/PhpstormProjects/Project/api-web-auth/vendor/laravel/framework/src/Illuminate/Auth/Middleware/Authenticate.php(43): Illuminate\\Routing\\Pipeline->Illuminate\\Routing\\{closure}(Object(Illuminate\\Http\\Request))
#18 /home/ali/Window/Coding Sight/PhpstormProjects/Project/api-web-auth/vendor/laravel/framework/src/Illuminate/Pipeline/Pipeline.php(163): Illuminate\\Auth\\Middleware\\Authenticate->handle(Object(Illuminate\\Http\\Request), Object(Closure))
#19 /home/ali/Window/Coding Sight/PhpstormProjects/Project/api-web-auth/vendor/laravel/framework/src/Illuminate/Routing/Pipeline.php(53): Illuminate\\Pipeline\\Pipeline->Illuminate\\Pipeline\\{closure}(Object(Illuminate\\Http\\Request))
#20 /home/ali/Window/Coding Sight/PhpstormProjects/Project/api-web-auth/vendor/laravel/framework/src/Illuminate/Foundation/Http/Middleware/VerifyCsrfToken.php(75): Illuminate\\Routing\\Pipeline->Illuminate\\Routing\\{closure}(Object(Illuminate\\Http\\Request))
#21 /home/ali/Window/Coding Sight/PhpstormProjects/Project/api-web-auth/vendor/laravel/framework/src/Illuminate/Pipeline/Pipeline.php(163): Illuminate\\Foundation\\Http\\Middleware\\VerifyCsrfToken->handle(Object(Illuminate\\Http\\Request), Object(Closure))
#22 /home/ali/Window/Coding Sight/PhpstormProjects/Project/api-web-auth/vendor/laravel/framework/src/Illuminate/Routing/Pipeline.php(53): Illuminate\\Pipeline\\Pipeline->Illuminate\\Pipeline\\{closure}(Object(Illuminate\\Http\\Request))
#23 /home/ali/Window/Coding Sight/PhpstormProjects/Project/api-web-auth/vendor/laravel/framework/src/Illuminate/View/Middleware/ShareErrorsFromSession.php(49): Illuminate\\Routing\\Pipeline->Illuminate\\Routing\\{closure}(Object(Illuminate\\Http\\Request))
#24 /home/ali/Window/Coding Sight/PhpstormProjects/Project/api-web-auth/vendor/laravel/framework/src/Illuminate/Pipeline/Pipeline.php(163): Illuminate\\View\\Middleware\\ShareErrorsFromSession->handle(Object(Illuminate\\Http\\Request), Object(Closure))
#25 /home/ali/Window/Coding Sight/PhpstormProjects/Project/api-web-auth/vendor/laravel/framework/src/Illuminate/Routing/Pipeline.php(53): Illuminate\\Pipeline\\Pipeline->Illuminate\\Pipeline\\{closure}(Object(Illuminate\\Http\\Request))
#26 /home/ali/Window/Coding Sight/PhpstormProjects/Project/api-web-auth/vendor/laravel/framework/src/Illuminate/Session/Middleware/StartSession.php(56): Illuminate\\Routing\\Pipeline->Illuminate\\Routing\\{closure}(Object(Illuminate\\Http\\Request))
#27 /home/ali/Window/Coding Sight/PhpstormProjects/Project/api-web-auth/vendor/laravel/framework/src/Illuminate/Pipeline/Pipeline.php(163): Illuminate\\Session\\Middleware\\StartSession->handle(Object(Illuminate\\Http\\Request), Object(Closure))
#28 /home/ali/Window/Coding Sight/PhpstormProjects/Project/api-web-auth/vendor/laravel/framework/src/Illuminate/Routing/Pipeline.php(53): Illuminate\\Pipeline\\Pipeline->Illuminate\\Pipeline\\{closure}(Object(Illuminate\\Http\\Request))
#29 /home/ali/Window/Coding Sight/PhpstormProjects/Project/api-web-auth/vendor/laravel/framework/src/Illuminate/Cookie/Middleware/AddQueuedCookiesToResponse.php(37): Illuminate\\Routing\\Pipeline->Illuminate\\Routing\\{closure}(Object(Illuminate\\Http\\Request))
#30 /home/ali/Window/Coding Sight/PhpstormProjects/Project/api-web-auth/vendor/laravel/framework/src/Illuminate/Pipeline/Pipeline.php(163): Illuminate\\Cookie\\Middleware\\AddQueuedCookiesToResponse->handle(Object(Illuminate\\Http\\Request), Object(Closure))
#31 /home/ali/Window/Coding Sight/PhpstormProjects/Project/api-web-auth/vendor/laravel/framework/src/Illuminate/Routing/Pipeline.php(53): Illuminate\\Pipeline\\Pipeline->Illuminate\\Pipeline\\{closure}(Object(Illuminate\\Http\\Request))
#32 /home/ali/Window/Coding Sight/PhpstormProjects/Project/api-web-auth/vendor/laravel/framework/src/Illuminate/Cookie/Middleware/EncryptCookies.php(66): Illuminate\\Routing\\Pipeline->Illuminate\\Routing\\{closure}(Object(Illuminate\\Http\\Request))
#33 /home/ali/Window/Coding Sight/PhpstormProjects/Project/api-web-auth/vendor/laravel/framework/src/Illuminate/Pipeline/Pipeline.php(163): Illuminate\\Cookie\\Middleware\\EncryptCookies->handle(Object(Illuminate\\Http\\Request), Object(Closure))
#34 /home/ali/Window/Coding Sight/PhpstormProjects/Project/api-web-auth/vendor/laravel/framework/src/Illuminate/Routing/Pipeline.php(53): Illuminate\\Pipeline\\Pipeline->Illuminate\\Pipeline\\{closure}(Object(Illuminate\\Http\\Request))
#35 /home/ali/Window/Coding Sight/PhpstormProjects/Project/api-web-auth/vendor/laravel/framework/src/Illuminate/Pipeline/Pipeline.php(104): Illuminate\\Routing\\Pipeline->Illuminate\\Routing\\{closure}(Object(Illuminate\\Http\\Request))
#36 /home/ali/Window/Coding Sight/PhpstormProjects/Project/api-web-auth/vendor/laravel/framework/src/Illuminate/Routing/Router.php(682): Illuminate\\Pipeline\\Pipeline->then(Object(Closure))
#37 /home/ali/Window/Coding Sight/PhpstormProjects/Project/api-web-auth/vendor/laravel/framework/src/Illuminate/Routing/Router.php(657): Illuminate\\Routing\\Router->runRouteWithinStack(Object(Illuminate\\Routing\\Route), Object(Illuminate\\Http\\Request))
#38 /home/ali/Window/Coding Sight/PhpstormProjects/Project/api-web-auth/vendor/laravel/framework/src/Illuminate/Routing/Router.php(623): Illuminate\\Routing\\Router->runRoute(Object(Illuminate\\Http\\Request), Object(Illuminate\\Routing\\Route))
#39 /home/ali/Window/Coding Sight/PhpstormProjects/Project/api-web-auth/vendor/laravel/framework/src/Illuminate/Routing/Router.php(612): Illuminate\\Routing\\Router->dispatchToRoute(Object(Illuminate\\Http\\Request))
#40 /home/ali/Window/Coding Sight/PhpstormProjects/Project/api-web-auth/vendor/laravel/framework/src/Illuminate/Foundation/Http/Kernel.php(176): Illuminate\\Routing\\Router->dispatch(Object(Illuminate\\Http\\Request))
#41 /home/ali/Window/Coding Sight/PhpstormProjects/Project/api-web-auth/vendor/laravel/framework/src/Illuminate/Routing/Pipeline.php(30): Illuminate\\Foundation\\Http\\Kernel->Illuminate\\Foundation\\Http\\{closure}(Object(Illuminate\\Http\\Request))
#42 /home/ali/Window/Coding Sight/PhpstormProjects/Project/api-web-auth/vendor/fideloper/proxy/src/TrustProxies.php(57): Illuminate\\Routing\\Pipeline->Illuminate\\Routing\\{closure}(Object(Illuminate\\Http\\Request))
#43 /home/ali/Window/Coding Sight/PhpstormProjects/Project/api-web-auth/vendor/laravel/framework/src/Illuminate/Pipeline/Pipeline.php(163): Fideloper\\Proxy\\TrustProxies->handle(Object(Illuminate\\Http\\Request), Object(Closure))
#44 /home/ali/Window/Coding Sight/PhpstormProjects/Project/api-web-auth/vendor/laravel/framework/src/Illuminate/Routing/Pipeline.php(53): Illuminate\\Pipeline\\Pipeline->Illuminate\\Pipeline\\{closure}(Object(Illuminate\\Http\\Request))
#45 /home/ali/Window/Coding Sight/PhpstormProjects/Project/api-web-auth/vendor/laravel/framework/src/Illuminate/Foundation/Http/Middleware/TransformsRequest.php(21): Illuminate\\Routing\\Pipeline->Illuminate\\Routing\\{closure}(Object(Illuminate\\Http\\Request))
#46 /home/ali/Window/Coding Sight/PhpstormProjects/Project/api-web-auth/vendor/laravel/framework/src/Illuminate/Pipeline/Pipeline.php(163): Illuminate\\Foundation\\Http\\Middleware\\TransformsRequest->handle(Object(Illuminate\\Http\\Request), Object(Closure))
#47 /home/ali/Window/Coding Sight/PhpstormProjects/Project/api-web-auth/vendor/laravel/framework/src/Illuminate/Routing/Pipeline.php(53): Illuminate\\Pipeline\\Pipeline->Illuminate\\Pipeline\\{closure}(Object(Illuminate\\Http\\Request))
#48 /home/ali/Window/Coding Sight/PhpstormProjects/Project/api-web-auth/vendor/laravel/framework/src/Illuminate/Foundation/Http/Middleware/TransformsRequest.php(21): Illuminate\\Routing\\Pipeline->Illuminate\\Routing\\{closure}(Object(Illuminate\\Http\\Request))
#49 /home/ali/Window/Coding Sight/PhpstormProjects/Project/api-web-auth/vendor/laravel/framework/src/Illuminate/Pipeline/Pipeline.php(163): Illuminate\\Foundation\\Http\\Middleware\\TransformsRequest->handle(Object(Illuminate\\Http\\Request), Object(Closure))
#50 /home/ali/Window/Coding Sight/PhpstormProjects/Project/api-web-auth/vendor/laravel/framework/src/Illuminate/Routing/Pipeline.php(53): Illuminate\\Pipeline\\Pipeline->Illuminate\\Pipeline\\{closure}(Object(Illuminate\\Http\\Request))
#51 /home/ali/Window/Coding Sight/PhpstormProjects/Project/api-web-auth/vendor/laravel/framework/src/Illuminate/Foundation/Http/Middleware/ValidatePostSize.php(27): Illuminate\\Routing\\Pipeline->Illuminate\\Routing\\{closure}(Object(Illuminate\\Http\\Request))
#52 /home/ali/Window/Coding Sight/PhpstormProjects/Project/api-web-auth/vendor/laravel/framework/src/Illuminate/Pipeline/Pipeline.php(163): Illuminate\\Foundation\\Http\\Middleware\\ValidatePostSize->handle(Object(Illuminate\\Http\\Request), Object(Closure))
#53 /home/ali/Window/Coding Sight/PhpstormProjects/Project/api-web-auth/vendor/laravel/framework/src/Illuminate/Routing/Pipeline.php(53): Illuminate\\Pipeline\\Pipeline->Illuminate\\Pipeline\\{closure}(Object(Illuminate\\Http\\Request))
#54 /home/ali/Window/Coding Sight/PhpstormProjects/Project/api-web-auth/vendor/laravel/framework/src/Illuminate/Foundation/Http/Middleware/CheckForMaintenanceMode.php(62): Illuminate\\Routing\\Pipeline->Illuminate\\Routing\\{closure}(Object(Illuminate\\Http\\Request))
#55 /home/ali/Window/Coding Sight/PhpstormProjects/Project/api-web-auth/vendor/laravel/framework/src/Illuminate/Pipeline/Pipeline.php(163): Illuminate\\Foundation\\Http\\Middleware\\CheckForMaintenanceMode->handle(Object(Illuminate\\Http\\Request), Object(Closure))
#56 /home/ali/Window/Coding Sight/PhpstormProjects/Project/api-web-auth/vendor/laravel/framework/src/Illuminate/Routing/Pipeline.php(53): Illuminate\\Pipeline\\Pipeline->Illuminate\\Pipeline\\{closure}(Object(Illuminate\\Http\\Request))
#57 /home/ali/Window/Coding Sight/PhpstormProjects/Project/api-web-auth/vendor/laravel/framework/src/Illuminate/Pipeline/Pipeline.php(104): Illuminate\\Routing\\Pipeline->Illuminate\\Routing\\{closure}(Object(Illuminate\\Http\\Request))
#58 /home/ali/Window/Coding Sight/PhpstormProjects/Project/api-web-auth/vendor/laravel/framework/src/Illuminate/Foundation/Http/Kernel.php(151): Illuminate\\Pipeline\\Pipeline->then(Object(Closure))
#59 /home/ali/Window/Coding Sight/PhpstormProjects/Project/api-web-auth/vendor/laravel/framework/src/Illuminate/Foundation/Http/Kernel.php(116): Illuminate\\Foundation\\Http\\Kernel->sendRequestThroughRouter(Object(Illuminate\\Http\\Request))
#60 /home/ali/Window/Coding Sight/PhpstormProjects/Project/api-web-auth/public/index.php(55): Illuminate\\Foundation\\Http\\Kernel->handle(Object(Illuminate\\Http\\Request))
#61 /home/ali/Window/Coding Sight/PhpstormProjects/Project/api-web-auth/server.php(21): require_once('/home/ali/Windo...')
#62 {main}
"} 
[2020-05-07 07:56:10] local.ERROR: Route [admin.userAppointmentList] not defined. (View: /home/ali/Window/Coding Sight/PhpstormProjects/Project/api-web-auth/resources/views/admin/users/view.blade.php) {"userId":2,"exception":"[object] (ErrorException(code: 0): Route [admin.userAppointmentList] not defined. (View: /home/ali/Window/Coding Sight/PhpstormProjects/Project/api-web-auth/resources/views/admin/users/view.blade.php) at /home/ali/Window/Coding Sight/PhpstormProjects/Project/api-web-auth/vendor/laravel/framework/src/Illuminate/Routing/UrlGenerator.php:388, InvalidArgumentException(code: 0): Route [admin.userAppointmentList] not defined. at /home/ali/Window/Coding Sight/PhpstormProjects/Project/api-web-auth/vendor/laravel/framework/src/Illuminate/Routing/UrlGenerator.php:388)
[stacktrace]
#0 /home/ali/Window/Coding Sight/PhpstormProjects/Project/api-web-auth/vendor/laravel/framework/src/Illuminate/View/Engines/PhpEngine.php(45): Illuminate\\View\\Engines\\CompilerEngine->handleViewException(Object(InvalidArgumentException), 1)
#1 /home/ali/Window/Coding Sight/PhpstormProjects/Project/api-web-auth/vendor/laravel/framework/src/Illuminate/View/Engines/CompilerEngine.php(59): Illuminate\\View\\Engines\\PhpEngine->evaluatePath('/home/ali/Windo...', Array)
#2 /home/ali/Window/Coding Sight/PhpstormProjects/Project/api-web-auth/vendor/laravel/framework/src/Illuminate/View/View.php(142): Illuminate\\View\\Engines\\CompilerEngine->get('/home/ali/Windo...', Array)
#3 /home/ali/Window/Coding Sight/PhpstormProjects/Project/api-web-auth/vendor/laravel/framework/src/Illuminate/View/View.php(125): Illuminate\\View\\View->getContents()
#4 /home/ali/Window/Coding Sight/PhpstormProjects/Project/api-web-auth/vendor/laravel/framework/src/Illuminate/View/View.php(90): Illuminate\\View\\View->renderContents()
#5 /home/ali/Window/Coding Sight/PhpstormProjects/Project/api-web-auth/vendor/laravel/framework/src/Illuminate/Http/Response.php(42): Illuminate\\View\\View->render()
#6 /home/ali/Window/Coding Sight/PhpstormProjects/Project/api-web-auth/vendor/symfony/http-foundation/Response.php(202): Illuminate\\Http\\Response->setContent(Object(Illuminate\\View\\View))
#7 /home/ali/Window/Coding Sight/PhpstormProjects/Project/api-web-auth/vendor/laravel/framework/src/Illuminate/Routing/Router.php(748): Symfony\\Component\\HttpFoundation\\Response->__construct(Object(Illuminate\\View\\View))
#8 /home/ali/Window/Coding Sight/PhpstormProjects/Project/api-web-auth/vendor/laravel/framework/src/Illuminate/Routing/Router.php(720): Illuminate\\Routing\\Router::toResponse(Object(Illuminate\\Http\\Request), Object(Illuminate\\View\\View))
#9 /home/ali/Window/Coding Sight/PhpstormProjects/Project/api-web-auth/vendor/laravel/framework/src/Illuminate/Routing/Router.php(680): Illuminate\\Routing\\Router->prepareResponse(Object(Illuminate\\Http\\Request), Object(Illuminate\\View\\View))
#10 /home/ali/Window/Coding Sight/PhpstormProjects/Project/api-web-auth/vendor/laravel/framework/src/Illuminate/Routing/Pipeline.php(30): Illuminate\\Routing\\Router->Illuminate\\Routing\\{closure}(Object(Illuminate\\Http\\Request))
#11 /home/ali/Window/Coding Sight/PhpstormProjects/Project/api-web-auth/app/Http/Middleware/Admin.php(21): Illuminate\\Routing\\Pipeline->Illuminate\\Routing\\{closure}(Object(Illuminate\\Http\\Request))
#12 /home/ali/Window/Coding Sight/PhpstormProjects/Project/api-web-auth/vendor/laravel/framework/src/Illuminate/Pipeline/Pipeline.php(163): App\\Http\\Middleware\\Admin->handle(Object(Illuminate\\Http\\Request), Object(Closure))
#13 /home/ali/Window/Coding Sight/PhpstormProjects/Project/api-web-auth/vendor/laravel/framework/src/Illuminate/Routing/Pipeline.php(53): Illuminate\\Pipeline\\Pipeline->Illuminate\\Pipeline\\{closure}(Object(Illuminate\\Http\\Request))
#14 /home/ali/Window/Coding Sight/PhpstormProjects/Project/api-web-auth/vendor/laravel/framework/src/Illuminate/Routing/Middleware/SubstituteBindings.php(41): Illuminate\\Routing\\Pipeline->Illuminate\\Routing\\{closure}(Object(Illuminate\\Http\\Request))
#15 /home/ali/Window/Coding Sight/PhpstormProjects/Project/api-web-auth/vendor/laravel/framework/src/Illuminate/Pipeline/Pipeline.php(163): Illuminate\\Routing\\Middleware\\SubstituteBindings->handle(Object(Illuminate\\Http\\Request), Object(Closure))
#16 /home/ali/Window/Coding Sight/PhpstormProjects/Project/api-web-auth/vendor/laravel/framework/src/Illuminate/Routing/Pipeline.php(53): Illuminate\\Pipeline\\Pipeline->Illuminate\\Pipeline\\{closure}(Object(Illuminate\\Http\\Request))
#17 /home/ali/Window/Coding Sight/PhpstormProjects/Project/api-web-auth/vendor/laravel/framework/src/Illuminate/Auth/Middleware/Authenticate.php(43): Illuminate\\Routing\\Pipeline->Illuminate\\Routing\\{closure}(Object(Illuminate\\Http\\Request))
#18 /home/ali/Window/Coding Sight/PhpstormProjects/Project/api-web-auth/vendor/laravel/framework/src/Illuminate/Pipeline/Pipeline.php(163): Illuminate\\Auth\\Middleware\\Authenticate->handle(Object(Illuminate\\Http\\Request), Object(Closure))
#19 /home/ali/Window/Coding Sight/PhpstormProjects/Project/api-web-auth/vendor/laravel/framework/src/Illuminate/Routing/Pipeline.php(53): Illuminate\\Pipeline\\Pipeline->Illuminate\\Pipeline\\{closure}(Object(Illuminate\\Http\\Request))
#20 /home/ali/Window/Coding Sight/PhpstormProjects/Project/api-web-auth/vendor/laravel/framework/src/Illuminate/Foundation/Http/Middleware/VerifyCsrfToken.php(75): Illuminate\\Routing\\Pipeline->Illuminate\\Routing\\{closure}(Object(Illuminate\\Http\\Request))
#21 /home/ali/Window/Coding Sight/PhpstormProjects/Project/api-web-auth/vendor/laravel/framework/src/Illuminate/Pipeline/Pipeline.php(163): Illuminate\\Foundation\\Http\\Middleware\\VerifyCsrfToken->handle(Object(Illuminate\\Http\\Request), Object(Closure))
#22 /home/ali/Window/Coding Sight/PhpstormProjects/Project/api-web-auth/vendor/laravel/framework/src/Illuminate/Routing/Pipeline.php(53): Illuminate\\Pipeline\\Pipeline->Illuminate\\Pipeline\\{closure}(Object(Illuminate\\Http\\Request))
#23 /home/ali/Window/Coding Sight/PhpstormProjects/Project/api-web-auth/vendor/laravel/framework/src/Illuminate/View/Middleware/ShareErrorsFromSession.php(49): Illuminate\\Routing\\Pipeline->Illuminate\\Routing\\{closure}(Object(Illuminate\\Http\\Request))
#24 /home/ali/Window/Coding Sight/PhpstormProjects/Project/api-web-auth/vendor/laravel/framework/src/Illuminate/Pipeline/Pipeline.php(163): Illuminate\\View\\Middleware\\ShareErrorsFromSession->handle(Object(Illuminate\\Http\\Request), Object(Closure))
#25 /home/ali/Window/Coding Sight/PhpstormProjects/Project/api-web-auth/vendor/laravel/framework/src/Illuminate/Routing/Pipeline.php(53): Illuminate\\Pipeline\\Pipeline->Illuminate\\Pipeline\\{closure}(Object(Illuminate\\Http\\Request))
#26 /home/ali/Window/Coding Sight/PhpstormProjects/Project/api-web-auth/vendor/laravel/framework/src/Illuminate/Session/Middleware/StartSession.php(56): Illuminate\\Routing\\Pipeline->Illuminate\\Routing\\{closure}(Object(Illuminate\\Http\\Request))
#27 /home/ali/Window/Coding Sight/PhpstormProjects/Project/api-web-auth/vendor/laravel/framework/src/Illuminate/Pipeline/Pipeline.php(163): Illuminate\\Session\\Middleware\\StartSession->handle(Object(Illuminate\\Http\\Request), Object(Closure))
#28 /home/ali/Window/Coding Sight/PhpstormProjects/Project/api-web-auth/vendor/laravel/framework/src/Illuminate/Routing/Pipeline.php(53): Illuminate\\Pipeline\\Pipeline->Illuminate\\Pipeline\\{closure}(Object(Illuminate\\Http\\Request))
#29 /home/ali/Window/Coding Sight/PhpstormProjects/Project/api-web-auth/vendor/laravel/framework/src/Illuminate/Cookie/Middleware/AddQueuedCookiesToResponse.php(37): Illuminate\\Routing\\Pipeline->Illuminate\\Routing\\{closure}(Object(Illuminate\\Http\\Request))
#30 /home/ali/Window/Coding Sight/PhpstormProjects/Project/api-web-auth/vendor/laravel/framework/src/Illuminate/Pipeline/Pipeline.php(163): Illuminate\\Cookie\\Middleware\\AddQueuedCookiesToResponse->handle(Object(Illuminate\\Http\\Request), Object(Closure))
#31 /home/ali/Window/Coding Sight/PhpstormProjects/Project/api-web-auth/vendor/laravel/framework/src/Illuminate/Routing/Pipeline.php(53): Illuminate\\Pipeline\\Pipeline->Illuminate\\Pipeline\\{closure}(Object(Illuminate\\Http\\Request))
#32 /home/ali/Window/Coding Sight/PhpstormProjects/Project/api-web-auth/vendor/laravel/framework/src/Illuminate/Cookie/Middleware/EncryptCookies.php(66): Illuminate\\Routing\\Pipeline->Illuminate\\Routing\\{closure}(Object(Illuminate\\Http\\Request))
#33 /home/ali/Window/Coding Sight/PhpstormProjects/Project/api-web-auth/vendor/laravel/framework/src/Illuminate/Pipeline/Pipeline.php(163): Illuminate\\Cookie\\Middleware\\EncryptCookies->handle(Object(Illuminate\\Http\\Request), Object(Closure))
#34 /home/ali/Window/Coding Sight/PhpstormProjects/Project/api-web-auth/vendor/laravel/framework/src/Illuminate/Routing/Pipeline.php(53): Illuminate\\Pipeline\\Pipeline->Illuminate\\Pipeline\\{closure}(Object(Illuminate\\Http\\Request))
#35 /home/ali/Window/Coding Sight/PhpstormProjects/Project/api-web-auth/vendor/laravel/framework/src/Illuminate/Pipeline/Pipeline.php(104): Illuminate\\Routing\\Pipeline->Illuminate\\Routing\\{closure}(Object(Illuminate\\Http\\Request))
#36 /home/ali/Window/Coding Sight/PhpstormProjects/Project/api-web-auth/vendor/laravel/framework/src/Illuminate/Routing/Router.php(682): Illuminate\\Pipeline\\Pipeline->then(Object(Closure))
#37 /home/ali/Window/Coding Sight/PhpstormProjects/Project/api-web-auth/vendor/laravel/framework/src/Illuminate/Routing/Router.php(657): Illuminate\\Routing\\Router->runRouteWithinStack(Object(Illuminate\\Routing\\Route), Object(Illuminate\\Http\\Request))
#38 /home/ali/Window/Coding Sight/PhpstormProjects/Project/api-web-auth/vendor/laravel/framework/src/Illuminate/Routing/Router.php(623): Illuminate\\Routing\\Router->runRoute(Object(Illuminate\\Http\\Request), Object(Illuminate\\Routing\\Route))
#39 /home/ali/Window/Coding Sight/PhpstormProjects/Project/api-web-auth/vendor/laravel/framework/src/Illuminate/Routing/Router.php(612): Illuminate\\Routing\\Router->dispatchToRoute(Object(Illuminate\\Http\\Request))
#40 /home/ali/Window/Coding Sight/PhpstormProjects/Project/api-web-auth/vendor/laravel/framework/src/Illuminate/Foundation/Http/Kernel.php(176): Illuminate\\Routing\\Router->dispatch(Object(Illuminate\\Http\\Request))
#41 /home/ali/Window/Coding Sight/PhpstormProjects/Project/api-web-auth/vendor/laravel/framework/src/Illuminate/Routing/Pipeline.php(30): Illuminate\\Foundation\\Http\\Kernel->Illuminate\\Foundation\\Http\\{closure}(Object(Illuminate\\Http\\Request))
#42 /home/ali/Window/Coding Sight/PhpstormProjects/Project/api-web-auth/vendor/fideloper/proxy/src/TrustProxies.php(57): Illuminate\\Routing\\Pipeline->Illuminate\\Routing\\{closure}(Object(Illuminate\\Http\\Request))
#43 /home/ali/Window/Coding Sight/PhpstormProjects/Project/api-web-auth/vendor/laravel/framework/src/Illuminate/Pipeline/Pipeline.php(163): Fideloper\\Proxy\\TrustProxies->handle(Object(Illuminate\\Http\\Request), Object(Closure))
#44 /home/ali/Window/Coding Sight/PhpstormProjects/Project/api-web-auth/vendor/laravel/framework/src/Illuminate/Routing/Pipeline.php(53): Illuminate\\Pipeline\\Pipeline->Illuminate\\Pipeline\\{closure}(Object(Illuminate\\Http\\Request))
#45 /home/ali/Window/Coding Sight/PhpstormProjects/Project/api-web-auth/vendor/laravel/framework/src/Illuminate/Foundation/Http/Middleware/TransformsRequest.php(21): Illuminate\\Routing\\Pipeline->Illuminate\\Routing\\{closure}(Object(Illuminate\\Http\\Request))
#46 /home/ali/Window/Coding Sight/PhpstormProjects/Project/api-web-auth/vendor/laravel/framework/src/Illuminate/Pipeline/Pipeline.php(163): Illuminate\\Foundation\\Http\\Middleware\\TransformsRequest->handle(Object(Illuminate\\Http\\Request), Object(Closure))
#47 /home/ali/Window/Coding Sight/PhpstormProjects/Project/api-web-auth/vendor/laravel/framework/src/Illuminate/Routing/Pipeline.php(53): Illuminate\\Pipeline\\Pipeline->Illuminate\\Pipeline\\{closure}(Object(Illuminate\\Http\\Request))
#48 /home/ali/Window/Coding Sight/PhpstormProjects/Project/api-web-auth/vendor/laravel/framework/src/Illuminate/Foundation/Http/Middleware/TransformsRequest.php(21): Illuminate\\Routing\\Pipeline->Illuminate\\Routing\\{closure}(Object(Illuminate\\Http\\Request))
#49 /home/ali/Window/Coding Sight/PhpstormProjects/Project/api-web-auth/vendor/laravel/framework/src/Illuminate/Pipeline/Pipeline.php(163): Illuminate\\Foundation\\Http\\Middleware\\TransformsRequest->handle(Object(Illuminate\\Http\\Request), Object(Closure))
#50 /home/ali/Window/Coding Sight/PhpstormProjects/Project/api-web-auth/vendor/laravel/framework/src/Illuminate/Routing/Pipeline.php(53): Illuminate\\Pipeline\\Pipeline->Illuminate\\Pipeline\\{closure}(Object(Illuminate\\Http\\Request))
#51 /home/ali/Window/Coding Sight/PhpstormProjects/Project/api-web-auth/vendor/laravel/framework/src/Illuminate/Foundation/Http/Middleware/ValidatePostSize.php(27): Illuminate\\Routing\\Pipeline->Illuminate\\Routing\\{closure}(Object(Illuminate\\Http\\Request))
#52 /home/ali/Window/Coding Sight/PhpstormProjects/Project/api-web-auth/vendor/laravel/framework/src/Illuminate/Pipeline/Pipeline.php(163): Illuminate\\Foundation\\Http\\Middleware\\ValidatePostSize->handle(Object(Illuminate\\Http\\Request), Object(Closure))
#53 /home/ali/Window/Coding Sight/PhpstormProjects/Project/api-web-auth/vendor/laravel/framework/src/Illuminate/Routing/Pipeline.php(53): Illuminate\\Pipeline\\Pipeline->Illuminate\\Pipeline\\{closure}(Object(Illuminate\\Http\\Request))
#54 /home/ali/Window/Coding Sight/PhpstormProjects/Project/api-web-auth/vendor/laravel/framework/src/Illuminate/Foundation/Http/Middleware/CheckForMaintenanceMode.php(62): Illuminate\\Routing\\Pipeline->Illuminate\\Routing\\{closure}(Object(Illuminate\\Http\\Request))
#55 /home/ali/Window/Coding Sight/PhpstormProjects/Project/api-web-auth/vendor/laravel/framework/src/Illuminate/Pipeline/Pipeline.php(163): Illuminate\\Foundation\\Http\\Middleware\\CheckForMaintenanceMode->handle(Object(Illuminate\\Http\\Request), Object(Closure))
#56 /home/ali/Window/Coding Sight/PhpstormProjects/Project/api-web-auth/vendor/laravel/framework/src/Illuminate/Routing/Pipeline.php(53): Illuminate\\Pipeline\\Pipeline->Illuminate\\Pipeline\\{closure}(Object(Illuminate\\Http\\Request))
#57 /home/ali/Window/Coding Sight/PhpstormProjects/Project/api-web-auth/vendor/laravel/framework/src/Illuminate/Pipeline/Pipeline.php(104): Illuminate\\Routing\\Pipeline->Illuminate\\Routing\\{closure}(Object(Illuminate\\Http\\Request))
#58 /home/ali/Window/Coding Sight/PhpstormProjects/Project/api-web-auth/vendor/laravel/framework/src/Illuminate/Foundation/Http/Kernel.php(151): Illuminate\\Pipeline\\Pipeline->then(Object(Closure))
#59 /home/ali/Window/Coding Sight/PhpstormProjects/Project/api-web-auth/vendor/laravel/framework/src/Illuminate/Foundation/Http/Kernel.php(116): Illuminate\\Foundation\\Http\\Kernel->sendRequestThroughRouter(Object(Illuminate\\Http\\Request))
#60 /home/ali/Window/Coding Sight/PhpstormProjects/Project/api-web-auth/public/index.php(55): Illuminate\\Foundation\\Http\\Kernel->handle(Object(Illuminate\\Http\\Request))
#61 /home/ali/Window/Coding Sight/PhpstormProjects/Project/api-web-auth/server.php(21): require_once('/home/ali/Windo...')
#62 {main}
"} 
[2020-05-07 07:56:13] local.ERROR: Route [admin.userAppointmentList] not defined. (View: /home/ali/Window/Coding Sight/PhpstormProjects/Project/api-web-auth/resources/views/admin/users/view.blade.php) {"userId":2,"exception":"[object] (ErrorException(code: 0): Route [admin.userAppointmentList] not defined. (View: /home/ali/Window/Coding Sight/PhpstormProjects/Project/api-web-auth/resources/views/admin/users/view.blade.php) at /home/ali/Window/Coding Sight/PhpstormProjects/Project/api-web-auth/vendor/laravel/framework/src/Illuminate/Routing/UrlGenerator.php:388, InvalidArgumentException(code: 0): Route [admin.userAppointmentList] not defined. at /home/ali/Window/Coding Sight/PhpstormProjects/Project/api-web-auth/vendor/laravel/framework/src/Illuminate/Routing/UrlGenerator.php:388)
[stacktrace]
#0 /home/ali/Window/Coding Sight/PhpstormProjects/Project/api-web-auth/vendor/laravel/framework/src/Illuminate/View/Engines/PhpEngine.php(45): Illuminate\\View\\Engines\\CompilerEngine->handleViewException(Object(InvalidArgumentException), 1)
#1 /home/ali/Window/Coding Sight/PhpstormProjects/Project/api-web-auth/vendor/laravel/framework/src/Illuminate/View/Engines/CompilerEngine.php(59): Illuminate\\View\\Engines\\PhpEngine->evaluatePath('/home/ali/Windo...', Array)
#2 /home/ali/Window/Coding Sight/PhpstormProjects/Project/api-web-auth/vendor/laravel/framework/src/Illuminate/View/View.php(142): Illuminate\\View\\Engines\\CompilerEngine->get('/home/ali/Windo...', Array)
#3 /home/ali/Window/Coding Sight/PhpstormProjects/Project/api-web-auth/vendor/laravel/framework/src/Illuminate/View/View.php(125): Illuminate\\View\\View->getContents()
#4 /home/ali/Window/Coding Sight/PhpstormProjects/Project/api-web-auth/vendor/laravel/framework/src/Illuminate/View/View.php(90): Illuminate\\View\\View->renderContents()
#5 /home/ali/Window/Coding Sight/PhpstormProjects/Project/api-web-auth/vendor/laravel/framework/src/Illuminate/Http/Response.php(42): Illuminate\\View\\View->render()
#6 /home/ali/Window/Coding Sight/PhpstormProjects/Project/api-web-auth/vendor/symfony/http-foundation/Response.php(202): Illuminate\\Http\\Response->setContent(Object(Illuminate\\View\\View))
#7 /home/ali/Window/Coding Sight/PhpstormProjects/Project/api-web-auth/vendor/laravel/framework/src/Illuminate/Routing/Router.php(748): Symfony\\Component\\HttpFoundation\\Response->__construct(Object(Illuminate\\View\\View))
#8 /home/ali/Window/Coding Sight/PhpstormProjects/Project/api-web-auth/vendor/laravel/framework/src/Illuminate/Routing/Router.php(720): Illuminate\\Routing\\Router::toResponse(Object(Illuminate\\Http\\Request), Object(Illuminate\\View\\View))
#9 /home/ali/Window/Coding Sight/PhpstormProjects/Project/api-web-auth/vendor/laravel/framework/src/Illuminate/Routing/Router.php(680): Illuminate\\Routing\\Router->prepareResponse(Object(Illuminate\\Http\\Request), Object(Illuminate\\View\\View))
#10 /home/ali/Window/Coding Sight/PhpstormProjects/Project/api-web-auth/vendor/laravel/framework/src/Illuminate/Routing/Pipeline.php(30): Illuminate\\Routing\\Router->Illuminate\\Routing\\{closure}(Object(Illuminate\\Http\\Request))
#11 /home/ali/Window/Coding Sight/PhpstormProjects/Project/api-web-auth/app/Http/Middleware/Admin.php(21): Illuminate\\Routing\\Pipeline->Illuminate\\Routing\\{closure}(Object(Illuminate\\Http\\Request))
#12 /home/ali/Window/Coding Sight/PhpstormProjects/Project/api-web-auth/vendor/laravel/framework/src/Illuminate/Pipeline/Pipeline.php(163): App\\Http\\Middleware\\Admin->handle(Object(Illuminate\\Http\\Request), Object(Closure))
#13 /home/ali/Window/Coding Sight/PhpstormProjects/Project/api-web-auth/vendor/laravel/framework/src/Illuminate/Routing/Pipeline.php(53): Illuminate\\Pipeline\\Pipeline->Illuminate\\Pipeline\\{closure}(Object(Illuminate\\Http\\Request))
#14 /home/ali/Window/Coding Sight/PhpstormProjects/Project/api-web-auth/vendor/laravel/framework/src/Illuminate/Routing/Middleware/SubstituteBindings.php(41): Illuminate\\Routing\\Pipeline->Illuminate\\Routing\\{closure}(Object(Illuminate\\Http\\Request))
#15 /home/ali/Window/Coding Sight/PhpstormProjects/Project/api-web-auth/vendor/laravel/framework/src/Illuminate/Pipeline/Pipeline.php(163): Illuminate\\Routing\\Middleware\\SubstituteBindings->handle(Object(Illuminate\\Http\\Request), Object(Closure))
#16 /home/ali/Window/Coding Sight/PhpstormProjects/Project/api-web-auth/vendor/laravel/framework/src/Illuminate/Routing/Pipeline.php(53): Illuminate\\Pipeline\\Pipeline->Illuminate\\Pipeline\\{closure}(Object(Illuminate\\Http\\Request))
#17 /home/ali/Window/Coding Sight/PhpstormProjects/Project/api-web-auth/vendor/laravel/framework/src/Illuminate/Auth/Middleware/Authenticate.php(43): Illuminate\\Routing\\Pipeline->Illuminate\\Routing\\{closure}(Object(Illuminate\\Http\\Request))
#18 /home/ali/Window/Coding Sight/PhpstormProjects/Project/api-web-auth/vendor/laravel/framework/src/Illuminate/Pipeline/Pipeline.php(163): Illuminate\\Auth\\Middleware\\Authenticate->handle(Object(Illuminate\\Http\\Request), Object(Closure))
#19 /home/ali/Window/Coding Sight/PhpstormProjects/Project/api-web-auth/vendor/laravel/framework/src/Illuminate/Routing/Pipeline.php(53): Illuminate\\Pipeline\\Pipeline->Illuminate\\Pipeline\\{closure}(Object(Illuminate\\Http\\Request))
#20 /home/ali/Window/Coding Sight/PhpstormProjects/Project/api-web-auth/vendor/laravel/framework/src/Illuminate/Foundation/Http/Middleware/VerifyCsrfToken.php(75): Illuminate\\Routing\\Pipeline->Illuminate\\Routing\\{closure}(Object(Illuminate\\Http\\Request))
#21 /home/ali/Window/Coding Sight/PhpstormProjects/Project/api-web-auth/vendor/laravel/framework/src/Illuminate/Pipeline/Pipeline.php(163): Illuminate\\Foundation\\Http\\Middleware\\VerifyCsrfToken->handle(Object(Illuminate\\Http\\Request), Object(Closure))
#22 /home/ali/Window/Coding Sight/PhpstormProjects/Project/api-web-auth/vendor/laravel/framework/src/Illuminate/Routing/Pipeline.php(53): Illuminate\\Pipeline\\Pipeline->Illuminate\\Pipeline\\{closure}(Object(Illuminate\\Http\\Request))
#23 /home/ali/Window/Coding Sight/PhpstormProjects/Project/api-web-auth/vendor/laravel/framework/src/Illuminate/View/Middleware/ShareErrorsFromSession.php(49): Illuminate\\Routing\\Pipeline->Illuminate\\Routing\\{closure}(Object(Illuminate\\Http\\Request))
#24 /home/ali/Window/Coding Sight/PhpstormProjects/Project/api-web-auth/vendor/laravel/framework/src/Illuminate/Pipeline/Pipeline.php(163): Illuminate\\View\\Middleware\\ShareErrorsFromSession->handle(Object(Illuminate\\Http\\Request), Object(Closure))
#25 /home/ali/Window/Coding Sight/PhpstormProjects/Project/api-web-auth/vendor/laravel/framework/src/Illuminate/Routing/Pipeline.php(53): Illuminate\\Pipeline\\Pipeline->Illuminate\\Pipeline\\{closure}(Object(Illuminate\\Http\\Request))
#26 /home/ali/Window/Coding Sight/PhpstormProjects/Project/api-web-auth/vendor/laravel/framework/src/Illuminate/Session/Middleware/StartSession.php(56): Illuminate\\Routing\\Pipeline->Illuminate\\Routing\\{closure}(Object(Illuminate\\Http\\Request))
#27 /home/ali/Window/Coding Sight/PhpstormProjects/Project/api-web-auth/vendor/laravel/framework/src/Illuminate/Pipeline/Pipeline.php(163): Illuminate\\Session\\Middleware\\StartSession->handle(Object(Illuminate\\Http\\Request), Object(Closure))
#28 /home/ali/Window/Coding Sight/PhpstormProjects/Project/api-web-auth/vendor/laravel/framework/src/Illuminate/Routing/Pipeline.php(53): Illuminate\\Pipeline\\Pipeline->Illuminate\\Pipeline\\{closure}(Object(Illuminate\\Http\\Request))
#29 /home/ali/Window/Coding Sight/PhpstormProjects/Project/api-web-auth/vendor/laravel/framework/src/Illuminate/Cookie/Middleware/AddQueuedCookiesToResponse.php(37): Illuminate\\Routing\\Pipeline->Illuminate\\Routing\\{closure}(Object(Illuminate\\Http\\Request))
#30 /home/ali/Window/Coding Sight/PhpstormProjects/Project/api-web-auth/vendor/laravel/framework/src/Illuminate/Pipeline/Pipeline.php(163): Illuminate\\Cookie\\Middleware\\AddQueuedCookiesToResponse->handle(Object(Illuminate\\Http\\Request), Object(Closure))
#31 /home/ali/Window/Coding Sight/PhpstormProjects/Project/api-web-auth/vendor/laravel/framework/src/Illuminate/Routing/Pipeline.php(53): Illuminate\\Pipeline\\Pipeline->Illuminate\\Pipeline\\{closure}(Object(Illuminate\\Http\\Request))
#32 /home/ali/Window/Coding Sight/PhpstormProjects/Project/api-web-auth/vendor/laravel/framework/src/Illuminate/Cookie/Middleware/EncryptCookies.php(66): Illuminate\\Routing\\Pipeline->Illuminate\\Routing\\{closure}(Object(Illuminate\\Http\\Request))
#33 /home/ali/Window/Coding Sight/PhpstormProjects/Project/api-web-auth/vendor/laravel/framework/src/Illuminate/Pipeline/Pipeline.php(163): Illuminate\\Cookie\\Middleware\\EncryptCookies->handle(Object(Illuminate\\Http\\Request), Object(Closure))
#34 /home/ali/Window/Coding Sight/PhpstormProjects/Project/api-web-auth/vendor/laravel/framework/src/Illuminate/Routing/Pipeline.php(53): Illuminate\\Pipeline\\Pipeline->Illuminate\\Pipeline\\{closure}(Object(Illuminate\\Http\\Request))
#35 /home/ali/Window/Coding Sight/PhpstormProjects/Project/api-web-auth/vendor/laravel/framework/src/Illuminate/Pipeline/Pipeline.php(104): Illuminate\\Routing\\Pipeline->Illuminate\\Routing\\{closure}(Object(Illuminate\\Http\\Request))
#36 /home/ali/Window/Coding Sight/PhpstormProjects/Project/api-web-auth/vendor/laravel/framework/src/Illuminate/Routing/Router.php(682): Illuminate\\Pipeline\\Pipeline->then(Object(Closure))
#37 /home/ali/Window/Coding Sight/PhpstormProjects/Project/api-web-auth/vendor/laravel/framework/src/Illuminate/Routing/Router.php(657): Illuminate\\Routing\\Router->runRouteWithinStack(Object(Illuminate\\Routing\\Route), Object(Illuminate\\Http\\Request))
#38 /home/ali/Window/Coding Sight/PhpstormProjects/Project/api-web-auth/vendor/laravel/framework/src/Illuminate/Routing/Router.php(623): Illuminate\\Routing\\Router->runRoute(Object(Illuminate\\Http\\Request), Object(Illuminate\\Routing\\Route))
#39 /home/ali/Window/Coding Sight/PhpstormProjects/Project/api-web-auth/vendor/laravel/framework/src/Illuminate/Routing/Router.php(612): Illuminate\\Routing\\Router->dispatchToRoute(Object(Illuminate\\Http\\Request))
#40 /home/ali/Window/Coding Sight/PhpstormProjects/Project/api-web-auth/vendor/laravel/framework/src/Illuminate/Foundation/Http/Kernel.php(176): Illuminate\\Routing\\Router->dispatch(Object(Illuminate\\Http\\Request))
#41 /home/ali/Window/Coding Sight/PhpstormProjects/Project/api-web-auth/vendor/laravel/framework/src/Illuminate/Routing/Pipeline.php(30): Illuminate\\Foundation\\Http\\Kernel->Illuminate\\Foundation\\Http\\{closure}(Object(Illuminate\\Http\\Request))
#42 /home/ali/Window/Coding Sight/PhpstormProjects/Project/api-web-auth/vendor/fideloper/proxy/src/TrustProxies.php(57): Illuminate\\Routing\\Pipeline->Illuminate\\Routing\\{closure}(Object(Illuminate\\Http\\Request))
#43 /home/ali/Window/Coding Sight/PhpstormProjects/Project/api-web-auth/vendor/laravel/framework/src/Illuminate/Pipeline/Pipeline.php(163): Fideloper\\Proxy\\TrustProxies->handle(Object(Illuminate\\Http\\Request), Object(Closure))
#44 /home/ali/Window/Coding Sight/PhpstormProjects/Project/api-web-auth/vendor/laravel/framework/src/Illuminate/Routing/Pipeline.php(53): Illuminate\\Pipeline\\Pipeline->Illuminate\\Pipeline\\{closure}(Object(Illuminate\\Http\\Request))
#45 /home/ali/Window/Coding Sight/PhpstormProjects/Project/api-web-auth/vendor/laravel/framework/src/Illuminate/Foundation/Http/Middleware/TransformsRequest.php(21): Illuminate\\Routing\\Pipeline->Illuminate\\Routing\\{closure}(Object(Illuminate\\Http\\Request))
#46 /home/ali/Window/Coding Sight/PhpstormProjects/Project/api-web-auth/vendor/laravel/framework/src/Illuminate/Pipeline/Pipeline.php(163): Illuminate\\Foundation\\Http\\Middleware\\TransformsRequest->handle(Object(Illuminate\\Http\\Request), Object(Closure))
#47 /home/ali/Window/Coding Sight/PhpstormProjects/Project/api-web-auth/vendor/laravel/framework/src/Illuminate/Routing/Pipeline.php(53): Illuminate\\Pipeline\\Pipeline->Illuminate\\Pipeline\\{closure}(Object(Illuminate\\Http\\Request))
#48 /home/ali/Window/Coding Sight/PhpstormProjects/Project/api-web-auth/vendor/laravel/framework/src/Illuminate/Foundation/Http/Middleware/TransformsRequest.php(21): Illuminate\\Routing\\Pipeline->Illuminate\\Routing\\{closure}(Object(Illuminate\\Http\\Request))
#49 /home/ali/Window/Coding Sight/PhpstormProjects/Project/api-web-auth/vendor/laravel/framework/src/Illuminate/Pipeline/Pipeline.php(163): Illuminate\\Foundation\\Http\\Middleware\\TransformsRequest->handle(Object(Illuminate\\Http\\Request), Object(Closure))
#50 /home/ali/Window/Coding Sight/PhpstormProjects/Project/api-web-auth/vendor/laravel/framework/src/Illuminate/Routing/Pipeline.php(53): Illuminate\\Pipeline\\Pipeline->Illuminate\\Pipeline\\{closure}(Object(Illuminate\\Http\\Request))
#51 /home/ali/Window/Coding Sight/PhpstormProjects/Project/api-web-auth/vendor/laravel/framework/src/Illuminate/Foundation/Http/Middleware/ValidatePostSize.php(27): Illuminate\\Routing\\Pipeline->Illuminate\\Routing\\{closure}(Object(Illuminate\\Http\\Request))
#52 /home/ali/Window/Coding Sight/PhpstormProjects/Project/api-web-auth/vendor/laravel/framework/src/Illuminate/Pipeline/Pipeline.php(163): Illuminate\\Foundation\\Http\\Middleware\\ValidatePostSize->handle(Object(Illuminate\\Http\\Request), Object(Closure))
#53 /home/ali/Window/Coding Sight/PhpstormProjects/Project/api-web-auth/vendor/laravel/framework/src/Illuminate/Routing/Pipeline.php(53): Illuminate\\Pipeline\\Pipeline->Illuminate\\Pipeline\\{closure}(Object(Illuminate\\Http\\Request))
#54 /home/ali/Window/Coding Sight/PhpstormProjects/Project/api-web-auth/vendor/laravel/framework/src/Illuminate/Foundation/Http/Middleware/CheckForMaintenanceMode.php(62): Illuminate\\Routing\\Pipeline->Illuminate\\Routing\\{closure}(Object(Illuminate\\Http\\Request))
#55 /home/ali/Window/Coding Sight/PhpstormProjects/Project/api-web-auth/vendor/laravel/framework/src/Illuminate/Pipeline/Pipeline.php(163): Illuminate\\Foundation\\Http\\Middleware\\CheckForMaintenanceMode->handle(Object(Illuminate\\Http\\Request), Object(Closure))
#56 /home/ali/Window/Coding Sight/PhpstormProjects/Project/api-web-auth/vendor/laravel/framework/src/Illuminate/Routing/Pipeline.php(53): Illuminate\\Pipeline\\Pipeline->Illuminate\\Pipeline\\{closure}(Object(Illuminate\\Http\\Request))
#57 /home/ali/Window/Coding Sight/PhpstormProjects/Project/api-web-auth/vendor/laravel/framework/src/Illuminate/Pipeline/Pipeline.php(104): Illuminate\\Routing\\Pipeline->Illuminate\\Routing\\{closure}(Object(Illuminate\\Http\\Request))
#58 /home/ali/Window/Coding Sight/PhpstormProjects/Project/api-web-auth/vendor/laravel/framework/src/Illuminate/Foundation/Http/Kernel.php(151): Illuminate\\Pipeline\\Pipeline->then(Object(Closure))
#59 /home/ali/Window/Coding Sight/PhpstormProjects/Project/api-web-auth/vendor/laravel/framework/src/Illuminate/Foundation/Http/Kernel.php(116): Illuminate\\Foundation\\Http\\Kernel->sendRequestThroughRouter(Object(Illuminate\\Http\\Request))
#60 /home/ali/Window/Coding Sight/PhpstormProjects/Project/api-web-auth/public/index.php(55): Illuminate\\Foundation\\Http\\Kernel->handle(Object(Illuminate\\Http\\Request))
#61 /home/ali/Window/Coding Sight/PhpstormProjects/Project/api-web-auth/server.php(21): require_once('/home/ali/Windo...')
#62 {main}
"} 
[2020-05-07 08:21:30] local.INFO: Client error: `POST https://api.mailgun.net/v3/sandbox64f22d8f92f2494492a4bc48e5ed27ff.mailgun.org/messages.mime` resulted in a `401 UNAUTHORIZED` response:
Forbidden
  
[2020-05-07 09:44:37] local.INFO: Client error: `POST https://api.mailgun.net/v3/sandbox64f22d8f92f2494492a4bc48e5ed27ff.mailgun.org/messages.mime` resulted in a `400 BAD REQUEST` response:
{
  "message": "Sandbox subdomains are for test purposes only. Please add your own domain or add the address to authoriz (truncated...)
  
[2020-05-07 09:46:28] local.INFO: Client error: `POST https://api.mailgun.net/v3/sandbox64f22d8f92f2494492a4bc48e5ed27ff.mailgun.org/messages.mime` resulted in a `400 BAD REQUEST` response:
{
  "message": "Sandbox subdomains are for test purposes only. Please add your own domain or add the address to authoriz (truncated...)
  
[2020-05-07 09:47:09] local.INFO: Client error: `POST https://api.mailgun.net/v3/sandbox64f22d8f92f2494492a4bc48e5ed27ff.mailgun.org/messages.mime` resulted in a `400 BAD REQUEST` response:
{
  "message": "Sandbox subdomains are for test purposes only. Please add your own domain or add the address to authoriz (truncated...)
  
[2020-05-07 10:08:28] local.INFO: Client error: `POST https://api.mailgun.net/v3/sandbox64f22d8f92f2494492a4bc48e5ed27ff.mailgun.org/messages.mime` resulted in a `400 BAD REQUEST` response:
{
  "message": "Sandbox subdomains are for test purposes only. Please add your own domain or add the address to authoriz (truncated...)
  
[2020-05-07 10:09:49] local.INFO: Client error: `POST https://api.mailgun.net/v3/sandbox64f22d8f92f2494492a4bc48e5ed27ff.mailgun.org/messages.mime` resulted in a `400 BAD REQUEST` response:
{
  "message": "Sandbox subdomains are for test purposes only. Please add your own domain or add the address to authoriz (truncated...)
  
[2020-05-07 10:15:56] local.INFO: Client error: `POST https://api.mailgun.net/v3/sandbox64f22d8f92f2494492a4bc48e5ed27ff.mailgun.org/messages.mime` resulted in a `400 BAD REQUEST` response:
{
  "message": "Sandbox subdomains are for test purposes only. Please add your own domain or add the address to authoriz (truncated...)
  
[2020-05-07 10:28:26] local.INFO: Client error: `POST https://api.mailgun.net/v3/sandbox64f22d8f92f2494492a4bc48e5ed27ff.mailgun.org/messages.mime` resulted in a `400 BAD REQUEST` response:
{
  "message": "Sandbox subdomains are for test purposes only. Please add your own domain or add the address to authoriz (truncated...)
  
[2020-05-07 10:43:42] local.INFO: done  
[2020-05-07 10:49:59] local.INFO: done  
[2020-05-07 10:51:42] local.INFO: done  
[2020-05-07 13:00:14] local.INFO: done  
[2020-05-07 13:05:03] local.INFO: done  
[2020-05-07 13:10:46] local.INFO: done  
[2020-05-07 13:21:28] local.ERROR: The resource owner or authorization server denied the request. {"exception":"[object] (League\\OAuth2\\Server\\Exception\\OAuthServerException(code: 9): The resource owner or authorization server denied the request. at /home/ali/Window/Coding Sight/PhpstormProjects/Project/api-web-auth/vendor/league/oauth2-server/src/Exception/OAuthServerException.php:223)
[stacktrace]
#0 /home/ali/Window/Coding Sight/PhpstormProjects/Project/api-web-auth/vendor/league/oauth2-server/src/AuthorizationValidators/BearerTokenValidator.php(89): League\\OAuth2\\Server\\Exception\\OAuthServerException::accessDenied('Access token ha...')
#1 /home/ali/Window/Coding Sight/PhpstormProjects/Project/api-web-auth/vendor/league/oauth2-server/src/ResourceServer.php(84): League\\OAuth2\\Server\\AuthorizationValidators\\BearerTokenValidator->validateAuthorization(Object(Zend\\Diactoros\\ServerRequest))
#2 /home/ali/Window/Coding Sight/PhpstormProjects/Project/api-web-auth/vendor/laravel/passport/src/Guards/TokenGuard.php(175): League\\OAuth2\\Server\\ResourceServer->validateAuthenticatedRequest(Object(Zend\\Diactoros\\ServerRequest))
#3 /home/ali/Window/Coding Sight/PhpstormProjects/Project/api-web-auth/vendor/laravel/passport/src/Guards/TokenGuard.php(127): Laravel\\Passport\\Guards\\TokenGuard->getPsrRequestViaBearerToken(Object(Illuminate\\Http\\Request))
#4 /home/ali/Window/Coding Sight/PhpstormProjects/Project/api-web-auth/vendor/laravel/passport/src/Guards/TokenGuard.php(90): Laravel\\Passport\\Guards\\TokenGuard->authenticateViaBearerToken(Object(Illuminate\\Http\\Request))
#5 /home/ali/Window/Coding Sight/PhpstormProjects/Project/api-web-auth/vendor/laravel/passport/src/PassportServiceProvider.php(275): Laravel\\Passport\\Guards\\TokenGuard->user(Object(Illuminate\\Http\\Request))
#6 [internal function]: Laravel\\Passport\\PassportServiceProvider->Laravel\\Passport\\{closure}(Object(Illuminate\\Http\\Request), NULL)
#7 /home/ali/Window/Coding Sight/PhpstormProjects/Project/api-web-auth/vendor/laravel/framework/src/Illuminate/Auth/RequestGuard.php(58): call_user_func(Object(Closure), Object(Illuminate\\Http\\Request), NULL)
#8 /home/ali/Window/Coding Sight/PhpstormProjects/Project/api-web-auth/vendor/laravel/framework/src/Illuminate/Auth/GuardHelpers.php(60): Illuminate\\Auth\\RequestGuard->user()
#9 /home/ali/Window/Coding Sight/PhpstormProjects/Project/api-web-auth/vendor/laravel/framework/src/Illuminate/Auth/Middleware/Authenticate.php(62): Illuminate\\Auth\\RequestGuard->check()
#10 /home/ali/Window/Coding Sight/PhpstormProjects/Project/api-web-auth/vendor/laravel/framework/src/Illuminate/Auth/Middleware/Authenticate.php(41): Illuminate\\Auth\\Middleware\\Authenticate->authenticate(Object(Illuminate\\Http\\Request), Array)
#11 /home/ali/Window/Coding Sight/PhpstormProjects/Project/api-web-auth/vendor/laravel/framework/src/Illuminate/Pipeline/Pipeline.php(163): Illuminate\\Auth\\Middleware\\Authenticate->handle(Object(Illuminate\\Http\\Request), Object(Closure), 'api')
#12 /home/ali/Window/Coding Sight/PhpstormProjects/Project/api-web-auth/vendor/laravel/framework/src/Illuminate/Routing/Pipeline.php(53): Illuminate\\Pipeline\\Pipeline->Illuminate\\Pipeline\\{closure}(Object(Illuminate\\Http\\Request))
#13 /home/ali/Window/Coding Sight/PhpstormProjects/Project/api-web-auth/vendor/laravel/framework/src/Illuminate/Routing/Middleware/ThrottleRequests.php(58): Illuminate\\Routing\\Pipeline->Illuminate\\Routing\\{closure}(Object(Illuminate\\Http\\Request))
#14 /home/ali/Window/Coding Sight/PhpstormProjects/Project/api-web-auth/vendor/laravel/framework/src/Illuminate/Pipeline/Pipeline.php(163): Illuminate\\Routing\\Middleware\\ThrottleRequests->handle(Object(Illuminate\\Http\\Request), Object(Closure), 60, '1')
#15 /home/ali/Window/Coding Sight/PhpstormProjects/Project/api-web-auth/vendor/laravel/framework/src/Illuminate/Routing/Pipeline.php(53): Illuminate\\Pipeline\\Pipeline->Illuminate\\Pipeline\\{closure}(Object(Illuminate\\Http\\Request))
#16 /home/ali/Window/Coding Sight/PhpstormProjects/Project/api-web-auth/vendor/laravel/framework/src/Illuminate/Pipeline/Pipeline.php(104): Illuminate\\Routing\\Pipeline->Illuminate\\Routing\\{closure}(Object(Illuminate\\Http\\Request))
#17 /home/ali/Window/Coding Sight/PhpstormProjects/Project/api-web-auth/vendor/laravel/framework/src/Illuminate/Routing/Router.php(682): Illuminate\\Pipeline\\Pipeline->then(Object(Closure))
#18 /home/ali/Window/Coding Sight/PhpstormProjects/Project/api-web-auth/vendor/laravel/framework/src/Illuminate/Routing/Router.php(657): Illuminate\\Routing\\Router->runRouteWithinStack(Object(Illuminate\\Routing\\Route), Object(Illuminate\\Http\\Request))
#19 /home/ali/Window/Coding Sight/PhpstormProjects/Project/api-web-auth/vendor/laravel/framework/src/Illuminate/Routing/Router.php(623): Illuminate\\Routing\\Router->runRoute(Object(Illuminate\\Http\\Request), Object(Illuminate\\Routing\\Route))
#20 /home/ali/Window/Coding Sight/PhpstormProjects/Project/api-web-auth/vendor/laravel/framework/src/Illuminate/Routing/Router.php(612): Illuminate\\Routing\\Router->dispatchToRoute(Object(Illuminate\\Http\\Request))
#21 /home/ali/Window/Coding Sight/PhpstormProjects/Project/api-web-auth/vendor/laravel/framework/src/Illuminate/Foundation/Http/Kernel.php(176): Illuminate\\Routing\\Router->dispatch(Object(Illuminate\\Http\\Request))
#22 /home/ali/Window/Coding Sight/PhpstormProjects/Project/api-web-auth/vendor/laravel/framework/src/Illuminate/Routing/Pipeline.php(30): Illuminate\\Foundation\\Http\\Kernel->Illuminate\\Foundation\\Http\\{closure}(Object(Illuminate\\Http\\Request))
#23 /home/ali/Window/Coding Sight/PhpstormProjects/Project/api-web-auth/vendor/fideloper/proxy/src/TrustProxies.php(57): Illuminate\\Routing\\Pipeline->Illuminate\\Routing\\{closure}(Object(Illuminate\\Http\\Request))
#24 /home/ali/Window/Coding Sight/PhpstormProjects/Project/api-web-auth/vendor/laravel/framework/src/Illuminate/Pipeline/Pipeline.php(163): Fideloper\\Proxy\\TrustProxies->handle(Object(Illuminate\\Http\\Request), Object(Closure))
#25 /home/ali/Window/Coding Sight/PhpstormProjects/Project/api-web-auth/vendor/laravel/framework/src/Illuminate/Routing/Pipeline.php(53): Illuminate\\Pipeline\\Pipeline->Illuminate\\Pipeline\\{closure}(Object(Illuminate\\Http\\Request))
#26 /home/ali/Window/Coding Sight/PhpstormProjects/Project/api-web-auth/vendor/laravel/framework/src/Illuminate/Foundation/Http/Middleware/TransformsRequest.php(21): Illuminate\\Routing\\Pipeline->Illuminate\\Routing\\{closure}(Object(Illuminate\\Http\\Request))
#27 /home/ali/Window/Coding Sight/PhpstormProjects/Project/api-web-auth/vendor/laravel/framework/src/Illuminate/Pipeline/Pipeline.php(163): Illuminate\\Foundation\\Http\\Middleware\\TransformsRequest->handle(Object(Illuminate\\Http\\Request), Object(Closure))
#28 /home/ali/Window/Coding Sight/PhpstormProjects/Project/api-web-auth/vendor/laravel/framework/src/Illuminate/Routing/Pipeline.php(53): Illuminate\\Pipeline\\Pipeline->Illuminate\\Pipeline\\{closure}(Object(Illuminate\\Http\\Request))
#29 /home/ali/Window/Coding Sight/PhpstormProjects/Project/api-web-auth/vendor/laravel/framework/src/Illuminate/Foundation/Http/Middleware/TransformsRequest.php(21): Illuminate\\Routing\\Pipeline->Illuminate\\Routing\\{closure}(Object(Illuminate\\Http\\Request))
#30 /home/ali/Window/Coding Sight/PhpstormProjects/Project/api-web-auth/vendor/laravel/framework/src/Illuminate/Pipeline/Pipeline.php(163): Illuminate\\Foundation\\Http\\Middleware\\TransformsRequest->handle(Object(Illuminate\\Http\\Request), Object(Closure))
#31 /home/ali/Window/Coding Sight/PhpstormProjects/Project/api-web-auth/vendor/laravel/framework/src/Illuminate/Routing/Pipeline.php(53): Illuminate\\Pipeline\\Pipeline->Illuminate\\Pipeline\\{closure}(Object(Illuminate\\Http\\Request))
#32 /home/ali/Window/Coding Sight/PhpstormProjects/Project/api-web-auth/vendor/laravel/framework/src/Illuminate/Foundation/Http/Middleware/ValidatePostSize.php(27): Illuminate\\Routing\\Pipeline->Illuminate\\Routing\\{closure}(Object(Illuminate\\Http\\Request))
#33 /home/ali/Window/Coding Sight/PhpstormProjects/Project/api-web-auth/vendor/laravel/framework/src/Illuminate/Pipeline/Pipeline.php(163): Illuminate\\Foundation\\Http\\Middleware\\ValidatePostSize->handle(Object(Illuminate\\Http\\Request), Object(Closure))
#34 /home/ali/Window/Coding Sight/PhpstormProjects/Project/api-web-auth/vendor/laravel/framework/src/Illuminate/Routing/Pipeline.php(53): Illuminate\\Pipeline\\Pipeline->Illuminate\\Pipeline\\{closure}(Object(Illuminate\\Http\\Request))
#35 /home/ali/Window/Coding Sight/PhpstormProjects/Project/api-web-auth/vendor/laravel/framework/src/Illuminate/Foundation/Http/Middleware/CheckForMaintenanceMode.php(62): Illuminate\\Routing\\Pipeline->Illuminate\\Routing\\{closure}(Object(Illuminate\\Http\\Request))
#36 /home/ali/Window/Coding Sight/PhpstormProjects/Project/api-web-auth/vendor/laravel/framework/src/Illuminate/Pipeline/Pipeline.php(163): Illuminate\\Foundation\\Http\\Middleware\\CheckForMaintenanceMode->handle(Object(Illuminate\\Http\\Request), Object(Closure))
#37 /home/ali/Window/Coding Sight/PhpstormProjects/Project/api-web-auth/vendor/laravel/framework/src/Illuminate/Routing/Pipeline.php(53): Illuminate\\Pipeline\\Pipeline->Illuminate\\Pipeline\\{closure}(Object(Illuminate\\Http\\Request))
#38 /home/ali/Window/Coding Sight/PhpstormProjects/Project/api-web-auth/vendor/laravel/framework/src/Illuminate/Pipeline/Pipeline.php(104): Illuminate\\Routing\\Pipeline->Illuminate\\Routing\\{closure}(Object(Illuminate\\Http\\Request))
#39 /home/ali/Window/Coding Sight/PhpstormProjects/Project/api-web-auth/vendor/laravel/framework/src/Illuminate/Foundation/Http/Kernel.php(151): Illuminate\\Pipeline\\Pipeline->then(Object(Closure))
#40 /home/ali/Window/Coding Sight/PhpstormProjects/Project/api-web-auth/vendor/laravel/framework/src/Illuminate/Foundation/Http/Kernel.php(116): Illuminate\\Foundation\\Http\\Kernel->sendRequestThroughRouter(Object(Illuminate\\Http\\Request))
#41 /home/ali/Window/Coding Sight/PhpstormProjects/Project/api-web-auth/public/index.php(55): Illuminate\\Foundation\\Http\\Kernel->handle(Object(Illuminate\\Http\\Request))
#42 /home/ali/Window/Coding Sight/PhpstormProjects/Project/api-web-auth/server.php(21): require_once('/home/ali/Windo...')
#43 {main}
"} 
[2020-05-07 13:22:21] local.INFO: done  
[2020-05-07 13:23:22] local.INFO: done  
[2020-05-07 13:33:11] local.INFO: done  
