[2020-05-10 05:01:50] local.ERROR: Trying to get property 'message' of non-object {"exception":"[object] (ErrorException(code: 0): Trying to get property 'message' of non-object at /home/ali/Window/Coding Sight/PhpstormProjects/Project/api-web-auth/app/Http/Controllers/Web/AuthController.php:220)
[stacktrace]
#0 /home/ali/Window/Coding Sight/PhpstormProjects/Project/api-web-auth/app/Http/Controllers/Web/AuthController.php(220): Illuminate\\Foundation\\Bootstrap\\HandleExceptions->handleError(8, 'Trying to get p...', '/home/ali/Windo...', 220, Array)
#1 [internal function]: App\\Http\\Controllers\\Web\\AuthController->forgetPasswordCodeProcess(Object(App\\Http\\Requests\\Web\\ResetPasswordRequest))
#2 /home/ali/Window/Coding Sight/PhpstormProjects/Project/api-web-auth/vendor/laravel/framework/src/Illuminate/Routing/Controller.php(54): call_user_func_array(Array, Array)
#3 /home/ali/Window/Coding Sight/PhpstormProjects/Project/api-web-auth/vendor/laravel/framework/src/Illuminate/Routing/ControllerDispatcher.php(45): Illuminate\\Routing\\Controller->callAction('forgetPasswordC...', Array)
#4 /home/ali/Window/Coding Sight/PhpstormProjects/Project/api-web-auth/vendor/laravel/framework/src/Illuminate/Routing/Route.php(219): Illuminate\\Routing\\ControllerDispatcher->dispatch(Object(Illuminate\\Routing\\Route), Object(App\\Http\\Controllers\\Web\\AuthController), 'forgetPasswordC...')
#5 /home/ali/Window/Coding Sight/PhpstormProjects/Project/api-web-auth/vendor/laravel/framework/src/Illuminate/Routing/Route.php(176): Illuminate\\Routing\\Route->runController()
#6 /home/ali/Window/Coding Sight/PhpstormProjects/Project/api-web-auth/vendor/laravel/framework/src/Illuminate/Routing/Router.php(680): Illuminate\\Routing\\Route->run()
#7 /home/ali/Window/Coding Sight/PhpstormProjects/Project/api-web-auth/vendor/laravel/framework/src/Illuminate/Routing/Pipeline.php(30): Illuminate\\Routing\\Router->Illuminate\\Routing\\{closure}(Object(Illuminate\\Http\\Request))
#8 /home/ali/Window/Coding Sight/PhpstormProjects/Project/api-web-auth/vendor/laravel/framework/src/Illuminate/Routing/Middleware/SubstituteBindings.php(41): Illuminate\\Routing\\Pipeline->Illuminate\\Routing\\{closure}(Object(Illuminate\\Http\\Request))
#9 /home/ali/Window/Coding Sight/PhpstormProjects/Project/api-web-auth/vendor/laravel/framework/src/Illuminate/Pipeline/Pipeline.php(163): Illuminate\\Routing\\Middleware\\SubstituteBindings->handle(Object(Illuminate\\Http\\Request), Object(Closure))
#10 /home/ali/Window/Coding Sight/PhpstormProjects/Project/api-web-auth/vendor/laravel/framework/src/Illuminate/Routing/Pipeline.php(53): Illuminate\\Pipeline\\Pipeline->Illuminate\\Pipeline\\{closure}(Object(Illuminate\\Http\\Request))
#11 /home/ali/Window/Coding Sight/PhpstormProjects/Project/api-web-auth/vendor/laravel/framework/src/Illuminate/Foundation/Http/Middleware/VerifyCsrfToken.php(75): Illuminate\\Routing\\Pipeline->Illuminate\\Routing\\{closure}(Object(Illuminate\\Http\\Request))
#12 /home/ali/Window/Coding Sight/PhpstormProjects/Project/api-web-auth/vendor/laravel/framework/src/Illuminate/Pipeline/Pipeline.php(163): Illuminate\\Foundation\\Http\\Middleware\\VerifyCsrfToken->handle(Object(Illuminate\\Http\\Request), Object(Closure))
#13 /home/ali/Window/Coding Sight/PhpstormProjects/Project/api-web-auth/vendor/laravel/framework/src/Illuminate/Routing/Pipeline.php(53): Illuminate\\Pipeline\\Pipeline->Illuminate\\Pipeline\\{closure}(Object(Illuminate\\Http\\Request))
#14 /home/ali/Window/Coding Sight/PhpstormProjects/Project/api-web-auth/vendor/laravel/framework/src/Illuminate/View/Middleware/ShareErrorsFromSession.php(49): Illuminate\\Routing\\Pipeline->Illuminate\\Routing\\{closure}(Object(Illuminate\\Http\\Request))
#15 /home/ali/Window/Coding Sight/PhpstormProjects/Project/api-web-auth/vendor/laravel/framework/src/Illuminate/Pipeline/Pipeline.php(163): Illuminate\\View\\Middleware\\ShareErrorsFromSession->handle(Object(Illuminate\\Http\\Request), Object(Closure))
#16 /home/ali/Window/Coding Sight/PhpstormProjects/Project/api-web-auth/vendor/laravel/framework/src/Illuminate/Routing/Pipeline.php(53): Illuminate\\Pipeline\\Pipeline->Illuminate\\Pipeline\\{closure}(Object(Illuminate\\Http\\Request))
#17 /home/ali/Window/Coding Sight/PhpstormProjects/Project/api-web-auth/vendor/laravel/framework/src/Illuminate/Session/Middleware/StartSession.php(56): Illuminate\\Routing\\Pipeline->Illuminate\\Routing\\{closure}(Object(Illuminate\\Http\\Request))
#18 /home/ali/Window/Coding Sight/PhpstormProjects/Project/api-web-auth/vendor/laravel/framework/src/Illuminate/Pipeline/Pipeline.php(163): Illuminate\\Session\\Middleware\\StartSession->handle(Object(Illuminate\\Http\\Request), Object(Closure))
#19 /home/ali/Window/Coding Sight/PhpstormProjects/Project/api-web-auth/vendor/laravel/framework/src/Illuminate/Routing/Pipeline.php(53): Illuminate\\Pipeline\\Pipeline->Illuminate\\Pipeline\\{closure}(Object(Illuminate\\Http\\Request))
#20 /home/ali/Window/Coding Sight/PhpstormProjects/Project/api-web-auth/vendor/laravel/framework/src/Illuminate/Cookie/Middleware/AddQueuedCookiesToResponse.php(37): Illuminate\\Routing\\Pipeline->Illuminate\\Routing\\{closure}(Object(Illuminate\\Http\\Request))
#21 /home/ali/Window/Coding Sight/PhpstormProjects/Project/api-web-auth/vendor/laravel/framework/src/Illuminate/Pipeline/Pipeline.php(163): Illuminate\\Cookie\\Middleware\\AddQueuedCookiesToResponse->handle(Object(Illuminate\\Http\\Request), Object(Closure))
#22 /home/ali/Window/Coding Sight/PhpstormProjects/Project/api-web-auth/vendor/laravel/framework/src/Illuminate/Routing/Pipeline.php(53): Illuminate\\Pipeline\\Pipeline->Illuminate\\Pipeline\\{closure}(Object(Illuminate\\Http\\Request))
#23 /home/ali/Window/Coding Sight/PhpstormProjects/Project/api-web-auth/vendor/laravel/framework/src/Illuminate/Cookie/Middleware/EncryptCookies.php(66): Illuminate\\Routing\\Pipeline->Illuminate\\Routing\\{closure}(Object(Illuminate\\Http\\Request))
#24 /home/ali/Window/Coding Sight/PhpstormProjects/Project/api-web-auth/vendor/laravel/framework/src/Illuminate/Pipeline/Pipeline.php(163): Illuminate\\Cookie\\Middleware\\EncryptCookies->handle(Object(Illuminate\\Http\\Request), Object(Closure))
#25 /home/ali/Window/Coding Sight/PhpstormProjects/Project/api-web-auth/vendor/laravel/framework/src/Illuminate/Routing/Pipeline.php(53): Illuminate\\Pipeline\\Pipeline->Illuminate\\Pipeline\\{closure}(Object(Illuminate\\Http\\Request))
#26 /home/ali/Window/Coding Sight/PhpstormProjects/Project/api-web-auth/vendor/laravel/framework/src/Illuminate/Pipeline/Pipeline.php(104): Illuminate\\Routing\\Pipeline->Illuminate\\Routing\\{closure}(Object(Illuminate\\Http\\Request))
#27 /home/ali/Window/Coding Sight/PhpstormProjects/Project/api-web-auth/vendor/laravel/framework/src/Illuminate/Routing/Router.php(682): Illuminate\\Pipeline\\Pipeline->then(Object(Closure))
#28 /home/ali/Window/Coding Sight/PhpstormProjects/Project/api-web-auth/vendor/laravel/framework/src/Illuminate/Routing/Router.php(657): Illuminate\\Routing\\Router->runRouteWithinStack(Object(Illuminate\\Routing\\Route), Object(Illuminate\\Http\\Request))
#29 /home/ali/Window/Coding Sight/PhpstormProjects/Project/api-web-auth/vendor/laravel/framework/src/Illuminate/Routing/Router.php(623): Illuminate\\Routing\\Router->runRoute(Object(Illuminate\\Http\\Request), Object(Illuminate\\Routing\\Route))
#30 /home/ali/Window/Coding Sight/PhpstormProjects/Project/api-web-auth/vendor/laravel/framework/src/Illuminate/Routing/Router.php(612): Illuminate\\Routing\\Router->dispatchToRoute(Object(Illuminate\\Http\\Request))
#31 /home/ali/Window/Coding Sight/PhpstormProjects/Project/api-web-auth/vendor/laravel/framework/src/Illuminate/Foundation/Http/Kernel.php(176): Illuminate\\Routing\\Router->dispatch(Object(Illuminate\\Http\\Request))
#32 /home/ali/Window/Coding Sight/PhpstormProjects/Project/api-web-auth/vendor/laravel/framework/src/Illuminate/Routing/Pipeline.php(30): Illuminate\\Foundation\\Http\\Kernel->Illuminate\\Foundation\\Http\\{closure}(Object(Illuminate\\Http\\Request))
#33 /home/ali/Window/Coding Sight/PhpstormProjects/Project/api-web-auth/vendor/fideloper/proxy/src/TrustProxies.php(57): Illuminate\\Routing\\Pipeline->Illuminate\\Routing\\{closure}(Object(Illuminate\\Http\\Request))
#34 /home/ali/Window/Coding Sight/PhpstormProjects/Project/api-web-auth/vendor/laravel/framework/src/Illuminate/Pipeline/Pipeline.php(163): Fideloper\\Proxy\\TrustProxies->handle(Object(Illuminate\\Http\\Request), Object(Closure))
#35 /home/ali/Window/Coding Sight/PhpstormProjects/Project/api-web-auth/vendor/laravel/framework/src/Illuminate/Routing/Pipeline.php(53): Illuminate\\Pipeline\\Pipeline->Illuminate\\Pipeline\\{closure}(Object(Illuminate\\Http\\Request))
#36 /home/ali/Window/Coding Sight/PhpstormProjects/Project/api-web-auth/vendor/laravel/framework/src/Illuminate/Foundation/Http/Middleware/TransformsRequest.php(21): Illuminate\\Routing\\Pipeline->Illuminate\\Routing\\{closure}(Object(Illuminate\\Http\\Request))
#37 /home/ali/Window/Coding Sight/PhpstormProjects/Project/api-web-auth/vendor/laravel/framework/src/Illuminate/Pipeline/Pipeline.php(163): Illuminate\\Foundation\\Http\\Middleware\\TransformsRequest->handle(Object(Illuminate\\Http\\Request), Object(Closure))
#38 /home/ali/Window/Coding Sight/PhpstormProjects/Project/api-web-auth/vendor/laravel/framework/src/Illuminate/Routing/Pipeline.php(53): Illuminate\\Pipeline\\Pipeline->Illuminate\\Pipeline\\{closure}(Object(Illuminate\\Http\\Request))
#39 /home/ali/Window/Coding Sight/PhpstormProjects/Project/api-web-auth/vendor/laravel/framework/src/Illuminate/Foundation/Http/Middleware/TransformsRequest.php(21): Illuminate\\Routing\\Pipeline->Illuminate\\Routing\\{closure}(Object(Illuminate\\Http\\Request))
#40 /home/ali/Window/Coding Sight/PhpstormProjects/Project/api-web-auth/vendor/laravel/framework/src/Illuminate/Pipeline/Pipeline.php(163): Illuminate\\Foundation\\Http\\Middleware\\TransformsRequest->handle(Object(Illuminate\\Http\\Request), Object(Closure))
#41 /home/ali/Window/Coding Sight/PhpstormProjects/Project/api-web-auth/vendor/laravel/framework/src/Illuminate/Routing/Pipeline.php(53): Illuminate\\Pipeline\\Pipeline->Illuminate\\Pipeline\\{closure}(Object(Illuminate\\Http\\Request))
#42 /home/ali/Window/Coding Sight/PhpstormProjects/Project/api-web-auth/vendor/laravel/framework/src/Illuminate/Foundation/Http/Middleware/ValidatePostSize.php(27): Illuminate\\Routing\\Pipeline->Illuminate\\Routing\\{closure}(Object(Illuminate\\Http\\Request))
#43 /home/ali/Window/Coding Sight/PhpstormProjects/Project/api-web-auth/vendor/laravel/framework/src/Illuminate/Pipeline/Pipeline.php(163): Illuminate\\Foundation\\Http\\Middleware\\ValidatePostSize->handle(Object(Illuminate\\Http\\Request), Object(Closure))
#44 /home/ali/Window/Coding Sight/PhpstormProjects/Project/api-web-auth/vendor/laravel/framework/src/Illuminate/Routing/Pipeline.php(53): Illuminate\\Pipeline\\Pipeline->Illuminate\\Pipeline\\{closure}(Object(Illuminate\\Http\\Request))
#45 /home/ali/Window/Coding Sight/PhpstormProjects/Project/api-web-auth/vendor/laravel/framework/src/Illuminate/Foundation/Http/Middleware/CheckForMaintenanceMode.php(62): Illuminate\\Routing\\Pipeline->Illuminate\\Routing\\{closure}(Object(Illuminate\\Http\\Request))
#46 /home/ali/Window/Coding Sight/PhpstormProjects/Project/api-web-auth/vendor/laravel/framework/src/Illuminate/Pipeline/Pipeline.php(163): Illuminate\\Foundation\\Http\\Middleware\\CheckForMaintenanceMode->handle(Object(Illuminate\\Http\\Request), Object(Closure))
#47 /home/ali/Window/Coding Sight/PhpstormProjects/Project/api-web-auth/vendor/laravel/framework/src/Illuminate/Routing/Pipeline.php(53): Illuminate\\Pipeline\\Pipeline->Illuminate\\Pipeline\\{closure}(Object(Illuminate\\Http\\Request))
#48 /home/ali/Window/Coding Sight/PhpstormProjects/Project/api-web-auth/vendor/laravel/framework/src/Illuminate/Pipeline/Pipeline.php(104): Illuminate\\Routing\\Pipeline->Illuminate\\Routing\\{closure}(Object(Illuminate\\Http\\Request))
#49 /home/ali/Window/Coding Sight/PhpstormProjects/Project/api-web-auth/vendor/laravel/framework/src/Illuminate/Foundation/Http/Kernel.php(151): Illuminate\\Pipeline\\Pipeline->then(Object(Closure))
#50 /home/ali/Window/Coding Sight/PhpstormProjects/Project/api-web-auth/vendor/laravel/framework/src/Illuminate/Foundation/Http/Kernel.php(116): Illuminate\\Foundation\\Http\\Kernel->sendRequestThroughRouter(Object(Illuminate\\Http\\Request))
#51 /home/ali/Window/Coding Sight/PhpstormProjects/Project/api-web-auth/public/index.php(55): Illuminate\\Foundation\\Http\\Kernel->handle(Object(Illuminate\\Http\\Request))
#52 /home/ali/Window/Coding Sight/PhpstormProjects/Project/api-web-auth/server.php(21): require_once('/home/ali/Windo...')
#53 {main}
"} 
[2020-05-10 06:22:57] local.ERROR: Trying to get property 'role' of non-object {"exception":"[object] (ErrorException(code: 0): Trying to get property 'role' of non-object at /home/ali/Window/Coding Sight/PhpstormProjects/Project/api-web-auth/app/Http/Controllers/Web/AuthController.php:60)
[stacktrace]
#0 /home/ali/Window/Coding Sight/PhpstormProjects/Project/api-web-auth/app/Http/Controllers/Web/AuthController.php(60): Illuminate\\Foundation\\Bootstrap\\HandleExceptions->handleError(8, 'Trying to get p...', '/home/ali/Windo...', 60, Array)
#1 [internal function]: App\\Http\\Controllers\\Web\\AuthController->signInProcess(Object(App\\Http\\Requests\\Web\\SignInRequest))
#2 /home/ali/Window/Coding Sight/PhpstormProjects/Project/api-web-auth/vendor/laravel/framework/src/Illuminate/Routing/Controller.php(54): call_user_func_array(Array, Array)
#3 /home/ali/Window/Coding Sight/PhpstormProjects/Project/api-web-auth/vendor/laravel/framework/src/Illuminate/Routing/ControllerDispatcher.php(45): Illuminate\\Routing\\Controller->callAction('signInProcess', Array)
#4 /home/ali/Window/Coding Sight/PhpstormProjects/Project/api-web-auth/vendor/laravel/framework/src/Illuminate/Routing/Route.php(219): Illuminate\\Routing\\ControllerDispatcher->dispatch(Object(Illuminate\\Routing\\Route), Object(App\\Http\\Controllers\\Web\\AuthController), 'signInProcess')
#5 /home/ali/Window/Coding Sight/PhpstormProjects/Project/api-web-auth/vendor/laravel/framework/src/Illuminate/Routing/Route.php(176): Illuminate\\Routing\\Route->runController()
#6 /home/ali/Window/Coding Sight/PhpstormProjects/Project/api-web-auth/vendor/laravel/framework/src/Illuminate/Routing/Router.php(680): Illuminate\\Routing\\Route->run()
#7 /home/ali/Window/Coding Sight/PhpstormProjects/Project/api-web-auth/vendor/laravel/framework/src/Illuminate/Routing/Pipeline.php(30): Illuminate\\Routing\\Router->Illuminate\\Routing\\{closure}(Object(Illuminate\\Http\\Request))
#8 /home/ali/Window/Coding Sight/PhpstormProjects/Project/api-web-auth/vendor/laravel/framework/src/Illuminate/Routing/Middleware/SubstituteBindings.php(41): Illuminate\\Routing\\Pipeline->Illuminate\\Routing\\{closure}(Object(Illuminate\\Http\\Request))
#9 /home/ali/Window/Coding Sight/PhpstormProjects/Project/api-web-auth/vendor/laravel/framework/src/Illuminate/Pipeline/Pipeline.php(163): Illuminate\\Routing\\Middleware\\SubstituteBindings->handle(Object(Illuminate\\Http\\Request), Object(Closure))
#10 /home/ali/Window/Coding Sight/PhpstormProjects/Project/api-web-auth/vendor/laravel/framework/src/Illuminate/Routing/Pipeline.php(53): Illuminate\\Pipeline\\Pipeline->Illuminate\\Pipeline\\{closure}(Object(Illuminate\\Http\\Request))
#11 /home/ali/Window/Coding Sight/PhpstormProjects/Project/api-web-auth/vendor/laravel/framework/src/Illuminate/Foundation/Http/Middleware/VerifyCsrfToken.php(75): Illuminate\\Routing\\Pipeline->Illuminate\\Routing\\{closure}(Object(Illuminate\\Http\\Request))
#12 /home/ali/Window/Coding Sight/PhpstormProjects/Project/api-web-auth/vendor/laravel/framework/src/Illuminate/Pipeline/Pipeline.php(163): Illuminate\\Foundation\\Http\\Middleware\\VerifyCsrfToken->handle(Object(Illuminate\\Http\\Request), Object(Closure))
#13 /home/ali/Window/Coding Sight/PhpstormProjects/Project/api-web-auth/vendor/laravel/framework/src/Illuminate/Routing/Pipeline.php(53): Illuminate\\Pipeline\\Pipeline->Illuminate\\Pipeline\\{closure}(Object(Illuminate\\Http\\Request))
#14 /home/ali/Window/Coding Sight/PhpstormProjects/Project/api-web-auth/vendor/laravel/framework/src/Illuminate/View/Middleware/ShareErrorsFromSession.php(49): Illuminate\\Routing\\Pipeline->Illuminate\\Routing\\{closure}(Object(Illuminate\\Http\\Request))
#15 /home/ali/Window/Coding Sight/PhpstormProjects/Project/api-web-auth/vendor/laravel/framework/src/Illuminate/Pipeline/Pipeline.php(163): Illuminate\\View\\Middleware\\ShareErrorsFromSession->handle(Object(Illuminate\\Http\\Request), Object(Closure))
#16 /home/ali/Window/Coding Sight/PhpstormProjects/Project/api-web-auth/vendor/laravel/framework/src/Illuminate/Routing/Pipeline.php(53): Illuminate\\Pipeline\\Pipeline->Illuminate\\Pipeline\\{closure}(Object(Illuminate\\Http\\Request))
#17 /home/ali/Window/Coding Sight/PhpstormProjects/Project/api-web-auth/vendor/laravel/framework/src/Illuminate/Session/Middleware/StartSession.php(56): Illuminate\\Routing\\Pipeline->Illuminate\\Routing\\{closure}(Object(Illuminate\\Http\\Request))
#18 /home/ali/Window/Coding Sight/PhpstormProjects/Project/api-web-auth/vendor/laravel/framework/src/Illuminate/Pipeline/Pipeline.php(163): Illuminate\\Session\\Middleware\\StartSession->handle(Object(Illuminate\\Http\\Request), Object(Closure))
#19 /home/ali/Window/Coding Sight/PhpstormProjects/Project/api-web-auth/vendor/laravel/framework/src/Illuminate/Routing/Pipeline.php(53): Illuminate\\Pipeline\\Pipeline->Illuminate\\Pipeline\\{closure}(Object(Illuminate\\Http\\Request))
#20 /home/ali/Window/Coding Sight/PhpstormProjects/Project/api-web-auth/vendor/laravel/framework/src/Illuminate/Cookie/Middleware/AddQueuedCookiesToResponse.php(37): Illuminate\\Routing\\Pipeline->Illuminate\\Routing\\{closure}(Object(Illuminate\\Http\\Request))
#21 /home/ali/Window/Coding Sight/PhpstormProjects/Project/api-web-auth/vendor/laravel/framework/src/Illuminate/Pipeline/Pipeline.php(163): Illuminate\\Cookie\\Middleware\\AddQueuedCookiesToResponse->handle(Object(Illuminate\\Http\\Request), Object(Closure))
#22 /home/ali/Window/Coding Sight/PhpstormProjects/Project/api-web-auth/vendor/laravel/framework/src/Illuminate/Routing/Pipeline.php(53): Illuminate\\Pipeline\\Pipeline->Illuminate\\Pipeline\\{closure}(Object(Illuminate\\Http\\Request))
#23 /home/ali/Window/Coding Sight/PhpstormProjects/Project/api-web-auth/vendor/laravel/framework/src/Illuminate/Cookie/Middleware/EncryptCookies.php(66): Illuminate\\Routing\\Pipeline->Illuminate\\Routing\\{closure}(Object(Illuminate\\Http\\Request))
#24 /home/ali/Window/Coding Sight/PhpstormProjects/Project/api-web-auth/vendor/laravel/framework/src/Illuminate/Pipeline/Pipeline.php(163): Illuminate\\Cookie\\Middleware\\EncryptCookies->handle(Object(Illuminate\\Http\\Request), Object(Closure))
#25 /home/ali/Window/Coding Sight/PhpstormProjects/Project/api-web-auth/vendor/laravel/framework/src/Illuminate/Routing/Pipeline.php(53): Illuminate\\Pipeline\\Pipeline->Illuminate\\Pipeline\\{closure}(Object(Illuminate\\Http\\Request))
#26 /home/ali/Window/Coding Sight/PhpstormProjects/Project/api-web-auth/vendor/laravel/framework/src/Illuminate/Pipeline/Pipeline.php(104): Illuminate\\Routing\\Pipeline->Illuminate\\Routing\\{closure}(Object(Illuminate\\Http\\Request))
#27 /home/ali/Window/Coding Sight/PhpstormProjects/Project/api-web-auth/vendor/laravel/framework/src/Illuminate/Routing/Router.php(682): Illuminate\\Pipeline\\Pipeline->then(Object(Closure))
#28 /home/ali/Window/Coding Sight/PhpstormProjects/Project/api-web-auth/vendor/laravel/framework/src/Illuminate/Routing/Router.php(657): Illuminate\\Routing\\Router->runRouteWithinStack(Object(Illuminate\\Routing\\Route), Object(Illuminate\\Http\\Request))
#29 /home/ali/Window/Coding Sight/PhpstormProjects/Project/api-web-auth/vendor/laravel/framework/src/Illuminate/Routing/Router.php(623): Illuminate\\Routing\\Router->runRoute(Object(Illuminate\\Http\\Request), Object(Illuminate\\Routing\\Route))
#30 /home/ali/Window/Coding Sight/PhpstormProjects/Project/api-web-auth/vendor/laravel/framework/src/Illuminate/Routing/Router.php(612): Illuminate\\Routing\\Router->dispatchToRoute(Object(Illuminate\\Http\\Request))
#31 /home/ali/Window/Coding Sight/PhpstormProjects/Project/api-web-auth/vendor/laravel/framework/src/Illuminate/Foundation/Http/Kernel.php(176): Illuminate\\Routing\\Router->dispatch(Object(Illuminate\\Http\\Request))
#32 /home/ali/Window/Coding Sight/PhpstormProjects/Project/api-web-auth/vendor/laravel/framework/src/Illuminate/Routing/Pipeline.php(30): Illuminate\\Foundation\\Http\\Kernel->Illuminate\\Foundation\\Http\\{closure}(Object(Illuminate\\Http\\Request))
#33 /home/ali/Window/Coding Sight/PhpstormProjects/Project/api-web-auth/vendor/fideloper/proxy/src/TrustProxies.php(57): Illuminate\\Routing\\Pipeline->Illuminate\\Routing\\{closure}(Object(Illuminate\\Http\\Request))
#34 /home/ali/Window/Coding Sight/PhpstormProjects/Project/api-web-auth/vendor/laravel/framework/src/Illuminate/Pipeline/Pipeline.php(163): Fideloper\\Proxy\\TrustProxies->handle(Object(Illuminate\\Http\\Request), Object(Closure))
#35 /home/ali/Window/Coding Sight/PhpstormProjects/Project/api-web-auth/vendor/laravel/framework/src/Illuminate/Routing/Pipeline.php(53): Illuminate\\Pipeline\\Pipeline->Illuminate\\Pipeline\\{closure}(Object(Illuminate\\Http\\Request))
#36 /home/ali/Window/Coding Sight/PhpstormProjects/Project/api-web-auth/vendor/laravel/framework/src/Illuminate/Foundation/Http/Middleware/TransformsRequest.php(21): Illuminate\\Routing\\Pipeline->Illuminate\\Routing\\{closure}(Object(Illuminate\\Http\\Request))
#37 /home/ali/Window/Coding Sight/PhpstormProjects/Project/api-web-auth/vendor/laravel/framework/src/Illuminate/Pipeline/Pipeline.php(163): Illuminate\\Foundation\\Http\\Middleware\\TransformsRequest->handle(Object(Illuminate\\Http\\Request), Object(Closure))
#38 /home/ali/Window/Coding Sight/PhpstormProjects/Project/api-web-auth/vendor/laravel/framework/src/Illuminate/Routing/Pipeline.php(53): Illuminate\\Pipeline\\Pipeline->Illuminate\\Pipeline\\{closure}(Object(Illuminate\\Http\\Request))
#39 /home/ali/Window/Coding Sight/PhpstormProjects/Project/api-web-auth/vendor/laravel/framework/src/Illuminate/Foundation/Http/Middleware/TransformsRequest.php(21): Illuminate\\Routing\\Pipeline->Illuminate\\Routing\\{closure}(Object(Illuminate\\Http\\Request))
#40 /home/ali/Window/Coding Sight/PhpstormProjects/Project/api-web-auth/vendor/laravel/framework/src/Illuminate/Pipeline/Pipeline.php(163): Illuminate\\Foundation\\Http\\Middleware\\TransformsRequest->handle(Object(Illuminate\\Http\\Request), Object(Closure))
#41 /home/ali/Window/Coding Sight/PhpstormProjects/Project/api-web-auth/vendor/laravel/framework/src/Illuminate/Routing/Pipeline.php(53): Illuminate\\Pipeline\\Pipeline->Illuminate\\Pipeline\\{closure}(Object(Illuminate\\Http\\Request))
#42 /home/ali/Window/Coding Sight/PhpstormProjects/Project/api-web-auth/vendor/laravel/framework/src/Illuminate/Foundation/Http/Middleware/ValidatePostSize.php(27): Illuminate\\Routing\\Pipeline->Illuminate\\Routing\\{closure}(Object(Illuminate\\Http\\Request))
#43 /home/ali/Window/Coding Sight/PhpstormProjects/Project/api-web-auth/vendor/laravel/framework/src/Illuminate/Pipeline/Pipeline.php(163): Illuminate\\Foundation\\Http\\Middleware\\ValidatePostSize->handle(Object(Illuminate\\Http\\Request), Object(Closure))
#44 /home/ali/Window/Coding Sight/PhpstormProjects/Project/api-web-auth/vendor/laravel/framework/src/Illuminate/Routing/Pipeline.php(53): Illuminate\\Pipeline\\Pipeline->Illuminate\\Pipeline\\{closure}(Object(Illuminate\\Http\\Request))
#45 /home/ali/Window/Coding Sight/PhpstormProjects/Project/api-web-auth/vendor/laravel/framework/src/Illuminate/Foundation/Http/Middleware/CheckForMaintenanceMode.php(62): Illuminate\\Routing\\Pipeline->Illuminate\\Routing\\{closure}(Object(Illuminate\\Http\\Request))
#46 /home/ali/Window/Coding Sight/PhpstormProjects/Project/api-web-auth/vendor/laravel/framework/src/Illuminate/Pipeline/Pipeline.php(163): Illuminate\\Foundation\\Http\\Middleware\\CheckForMaintenanceMode->handle(Object(Illuminate\\Http\\Request), Object(Closure))
#47 /home/ali/Window/Coding Sight/PhpstormProjects/Project/api-web-auth/vendor/laravel/framework/src/Illuminate/Routing/Pipeline.php(53): Illuminate\\Pipeline\\Pipeline->Illuminate\\Pipeline\\{closure}(Object(Illuminate\\Http\\Request))
#48 /home/ali/Window/Coding Sight/PhpstormProjects/Project/api-web-auth/vendor/laravel/framework/src/Illuminate/Pipeline/Pipeline.php(104): Illuminate\\Routing\\Pipeline->Illuminate\\Routing\\{closure}(Object(Illuminate\\Http\\Request))
#49 /home/ali/Window/Coding Sight/PhpstormProjects/Project/api-web-auth/vendor/laravel/framework/src/Illuminate/Foundation/Http/Kernel.php(151): Illuminate\\Pipeline\\Pipeline->then(Object(Closure))
#50 /home/ali/Window/Coding Sight/PhpstormProjects/Project/api-web-auth/vendor/laravel/framework/src/Illuminate/Foundation/Http/Kernel.php(116): Illuminate\\Foundation\\Http\\Kernel->sendRequestThroughRouter(Object(Illuminate\\Http\\Request))
#51 /home/ali/Window/Coding Sight/PhpstormProjects/Project/api-web-auth/public/index.php(55): Illuminate\\Foundation\\Http\\Kernel->handle(Object(Illuminate\\Http\\Request))
#52 /home/ali/Window/Coding Sight/PhpstormProjects/Project/api-web-auth/server.php(21): require_once('/home/ali/Windo...')
#53 {main}
"} 
[2020-05-10 06:39:15] local.INFO: Undefined index: twilio_sid  
[2020-05-10 06:58:48] local.INFO: [HTTP 400] Unable to create record: The 'To' number 01631292463 is not a valid phone number.  
[2020-05-10 08:00:48] local.ERROR: Class App\Http\Controllers\Web\Admin\UserController does not exist {"exception":"[object] (ReflectionException(code: -1): Class App\\Http\\Controllers\\Web\\Admin\\UserController does not exist at /home/ali/Window/Coding Sight/PhpstormProjects/Project/api-web-auth/vendor/laravel/framework/src/Illuminate/Container/Container.php:790)
[stacktrace]
#0 /home/ali/Window/Coding Sight/PhpstormProjects/Project/api-web-auth/vendor/laravel/framework/src/Illuminate/Container/Container.php(790): ReflectionClass->__construct('App\\\\Http\\\\Contro...')
#1 /home/ali/Window/Coding Sight/PhpstormProjects/Project/api-web-auth/vendor/laravel/framework/src/Illuminate/Container/Container.php(667): Illuminate\\Container\\Container->build('App\\\\Http\\\\Contro...')
#2 /home/ali/Window/Coding Sight/PhpstormProjects/Project/api-web-auth/vendor/laravel/framework/src/Illuminate/Container/Container.php(615): Illuminate\\Container\\Container->resolve('App\\\\Http\\\\Contro...', Array)
#3 /home/ali/Window/Coding Sight/PhpstormProjects/Project/api-web-auth/vendor/laravel/framework/src/Illuminate/Foundation/Application.php(767): Illuminate\\Container\\Container->make('App\\\\Http\\\\Contro...', Array)
#4 /home/ali/Window/Coding Sight/PhpstormProjects/Project/api-web-auth/vendor/laravel/framework/src/Illuminate/Routing/Route.php(233): Illuminate\\Foundation\\Application->make('App\\\\Http\\\\Contro...')
#5 /home/ali/Window/Coding Sight/PhpstormProjects/Project/api-web-auth/vendor/laravel/framework/src/Illuminate/Routing/Route.php(833): Illuminate\\Routing\\Route->getController()
#6 /home/ali/Window/Coding Sight/PhpstormProjects/Project/api-web-auth/vendor/laravel/framework/src/Illuminate/Routing/Route.php(794): Illuminate\\Routing\\Route->controllerMiddleware()
#7 /home/ali/Window/Coding Sight/PhpstormProjects/Project/api-web-auth/vendor/laravel/framework/src/Illuminate/Routing/Router.php(693): Illuminate\\Routing\\Route->gatherMiddleware()
#8 /home/ali/Window/Coding Sight/PhpstormProjects/Project/api-web-auth/vendor/laravel/framework/src/Illuminate/Routing/Router.php(673): Illuminate\\Routing\\Router->gatherRouteMiddleware(Object(Illuminate\\Routing\\Route))
#9 /home/ali/Window/Coding Sight/PhpstormProjects/Project/api-web-auth/vendor/laravel/framework/src/Illuminate/Routing/Router.php(657): Illuminate\\Routing\\Router->runRouteWithinStack(Object(Illuminate\\Routing\\Route), Object(Illuminate\\Http\\Request))
#10 /home/ali/Window/Coding Sight/PhpstormProjects/Project/api-web-auth/vendor/laravel/framework/src/Illuminate/Routing/Router.php(623): Illuminate\\Routing\\Router->runRoute(Object(Illuminate\\Http\\Request), Object(Illuminate\\Routing\\Route))
#11 /home/ali/Window/Coding Sight/PhpstormProjects/Project/api-web-auth/vendor/laravel/framework/src/Illuminate/Routing/Router.php(612): Illuminate\\Routing\\Router->dispatchToRoute(Object(Illuminate\\Http\\Request))
#12 /home/ali/Window/Coding Sight/PhpstormProjects/Project/api-web-auth/vendor/laravel/framework/src/Illuminate/Foundation/Http/Kernel.php(176): Illuminate\\Routing\\Router->dispatch(Object(Illuminate\\Http\\Request))
#13 /home/ali/Window/Coding Sight/PhpstormProjects/Project/api-web-auth/vendor/laravel/framework/src/Illuminate/Routing/Pipeline.php(30): Illuminate\\Foundation\\Http\\Kernel->Illuminate\\Foundation\\Http\\{closure}(Object(Illuminate\\Http\\Request))
#14 /home/ali/Window/Coding Sight/PhpstormProjects/Project/api-web-auth/vendor/fideloper/proxy/src/TrustProxies.php(57): Illuminate\\Routing\\Pipeline->Illuminate\\Routing\\{closure}(Object(Illuminate\\Http\\Request))
#15 /home/ali/Window/Coding Sight/PhpstormProjects/Project/api-web-auth/vendor/laravel/framework/src/Illuminate/Pipeline/Pipeline.php(163): Fideloper\\Proxy\\TrustProxies->handle(Object(Illuminate\\Http\\Request), Object(Closure))
#16 /home/ali/Window/Coding Sight/PhpstormProjects/Project/api-web-auth/vendor/laravel/framework/src/Illuminate/Routing/Pipeline.php(53): Illuminate\\Pipeline\\Pipeline->Illuminate\\Pipeline\\{closure}(Object(Illuminate\\Http\\Request))
#17 /home/ali/Window/Coding Sight/PhpstormProjects/Project/api-web-auth/vendor/laravel/framework/src/Illuminate/Foundation/Http/Middleware/TransformsRequest.php(21): Illuminate\\Routing\\Pipeline->Illuminate\\Routing\\{closure}(Object(Illuminate\\Http\\Request))
#18 /home/ali/Window/Coding Sight/PhpstormProjects/Project/api-web-auth/vendor/laravel/framework/src/Illuminate/Pipeline/Pipeline.php(163): Illuminate\\Foundation\\Http\\Middleware\\TransformsRequest->handle(Object(Illuminate\\Http\\Request), Object(Closure))
#19 /home/ali/Window/Coding Sight/PhpstormProjects/Project/api-web-auth/vendor/laravel/framework/src/Illuminate/Routing/Pipeline.php(53): Illuminate\\Pipeline\\Pipeline->Illuminate\\Pipeline\\{closure}(Object(Illuminate\\Http\\Request))
#20 /home/ali/Window/Coding Sight/PhpstormProjects/Project/api-web-auth/vendor/laravel/framework/src/Illuminate/Foundation/Http/Middleware/TransformsRequest.php(21): Illuminate\\Routing\\Pipeline->Illuminate\\Routing\\{closure}(Object(Illuminate\\Http\\Request))
#21 /home/ali/Window/Coding Sight/PhpstormProjects/Project/api-web-auth/vendor/laravel/framework/src/Illuminate/Pipeline/Pipeline.php(163): Illuminate\\Foundation\\Http\\Middleware\\TransformsRequest->handle(Object(Illuminate\\Http\\Request), Object(Closure))
#22 /home/ali/Window/Coding Sight/PhpstormProjects/Project/api-web-auth/vendor/laravel/framework/src/Illuminate/Routing/Pipeline.php(53): Illuminate\\Pipeline\\Pipeline->Illuminate\\Pipeline\\{closure}(Object(Illuminate\\Http\\Request))
#23 /home/ali/Window/Coding Sight/PhpstormProjects/Project/api-web-auth/vendor/laravel/framework/src/Illuminate/Foundation/Http/Middleware/ValidatePostSize.php(27): Illuminate\\Routing\\Pipeline->Illuminate\\Routing\\{closure}(Object(Illuminate\\Http\\Request))
#24 /home/ali/Window/Coding Sight/PhpstormProjects/Project/api-web-auth/vendor/laravel/framework/src/Illuminate/Pipeline/Pipeline.php(163): Illuminate\\Foundation\\Http\\Middleware\\ValidatePostSize->handle(Object(Illuminate\\Http\\Request), Object(Closure))
#25 /home/ali/Window/Coding Sight/PhpstormProjects/Project/api-web-auth/vendor/laravel/framework/src/Illuminate/Routing/Pipeline.php(53): Illuminate\\Pipeline\\Pipeline->Illuminate\\Pipeline\\{closure}(Object(Illuminate\\Http\\Request))
#26 /home/ali/Window/Coding Sight/PhpstormProjects/Project/api-web-auth/vendor/laravel/framework/src/Illuminate/Foundation/Http/Middleware/CheckForMaintenanceMode.php(62): Illuminate\\Routing\\Pipeline->Illuminate\\Routing\\{closure}(Object(Illuminate\\Http\\Request))
#27 /home/ali/Window/Coding Sight/PhpstormProjects/Project/api-web-auth/vendor/laravel/framework/src/Illuminate/Pipeline/Pipeline.php(163): Illuminate\\Foundation\\Http\\Middleware\\CheckForMaintenanceMode->handle(Object(Illuminate\\Http\\Request), Object(Closure))
#28 /home/ali/Window/Coding Sight/PhpstormProjects/Project/api-web-auth/vendor/laravel/framework/src/Illuminate/Routing/Pipeline.php(53): Illuminate\\Pipeline\\Pipeline->Illuminate\\Pipeline\\{closure}(Object(Illuminate\\Http\\Request))
#29 /home/ali/Window/Coding Sight/PhpstormProjects/Project/api-web-auth/vendor/laravel/framework/src/Illuminate/Pipeline/Pipeline.php(104): Illuminate\\Routing\\Pipeline->Illuminate\\Routing\\{closure}(Object(Illuminate\\Http\\Request))
#30 /home/ali/Window/Coding Sight/PhpstormProjects/Project/api-web-auth/vendor/laravel/framework/src/Illuminate/Foundation/Http/Kernel.php(151): Illuminate\\Pipeline\\Pipeline->then(Object(Closure))
#31 /home/ali/Window/Coding Sight/PhpstormProjects/Project/api-web-auth/vendor/laravel/framework/src/Illuminate/Foundation/Http/Kernel.php(116): Illuminate\\Foundation\\Http\\Kernel->sendRequestThroughRouter(Object(Illuminate\\Http\\Request))
#32 /home/ali/Window/Coding Sight/PhpstormProjects/Project/api-web-auth/public/index.php(55): Illuminate\\Foundation\\Http\\Kernel->handle(Object(Illuminate\\Http\\Request))
#33 /home/ali/Window/Coding Sight/PhpstormProjects/Project/api-web-auth/server.php(21): require_once('/home/ali/Windo...')
#34 {main}
"} 
[2020-05-10 08:39:39] local.ERROR: Trying to get property 'role' of non-object (View: /home/ali/Window/Coding Sight/PhpstormProjects/Assets/hotel-management/resources/views/layouts/header.blade.php) (View: /home/ali/Window/Coding Sight/PhpstormProjects/Assets/hotel-management/resources/views/layouts/header.blade.php) (View: /home/ali/Window/Coding Sight/PhpstormProjects/Assets/hotel-management/resources/views/layouts/header.blade.php) {"exception":"[object] (ErrorException(code: 0): Trying to get property 'role' of non-object (View: /home/ali/Window/Coding Sight/PhpstormProjects/Assets/hotel-management/resources/views/layouts/header.blade.php) (View: /home/ali/Window/Coding Sight/PhpstormProjects/Assets/hotel-management/resources/views/layouts/header.blade.php) (View: /home/ali/Window/Coding Sight/PhpstormProjects/Assets/hotel-management/resources/views/layouts/header.blade.php) at /home/ali/Window/Coding Sight/PhpstormProjects/Assets/hotel-management/storage/framework/views/2a0c9c415d7f6ddae19e986142d0849f52af8701.php:3, ErrorException(code: 0): Trying to get property 'role' of non-object (View: /home/ali/Window/Coding Sight/PhpstormProjects/Assets/hotel-management/resources/views/layouts/header.blade.php) (View: /home/ali/Window/Coding Sight/PhpstormProjects/Assets/hotel-management/resources/views/layouts/header.blade.php) at /home/ali/Window/Coding Sight/PhpstormProjects/Assets/hotel-management/storage/framework/views/2a0c9c415d7f6ddae19e986142d0849f52af8701.php:3, ErrorException(code: 0): Trying to get property 'role' of non-object (View: /home/ali/Window/Coding Sight/PhpstormProjects/Assets/hotel-management/resources/views/layouts/header.blade.php) at /home/ali/Window/Coding Sight/PhpstormProjects/Assets/hotel-management/storage/framework/views/2a0c9c415d7f6ddae19e986142d0849f52af8701.php:3, ErrorException(code: 0): Trying to get property 'role' of non-object at /home/ali/Window/Coding Sight/PhpstormProjects/Assets/hotel-management/storage/framework/views/2a0c9c415d7f6ddae19e986142d0849f52af8701.php:3)
[stacktrace]
#0 /home/ali/Window/Coding Sight/PhpstormProjects/Assets/hotel-management/vendor/laravel/framework/src/Illuminate/View/Engines/PhpEngine.php(45): Illuminate\\View\\Engines\\CompilerEngine->handleViewException(Object(ErrorException), 1)
#1 /home/ali/Window/Coding Sight/PhpstormProjects/Assets/hotel-management/vendor/laravel/framework/src/Illuminate/View/Engines/CompilerEngine.php(59): Illuminate\\View\\Engines\\PhpEngine->evaluatePath('/home/ali/Windo...', Array)
#2 /home/ali/Window/Coding Sight/PhpstormProjects/Assets/hotel-management/vendor/laravel/framework/src/Illuminate/View/View.php(142): Illuminate\\View\\Engines\\CompilerEngine->get('/home/ali/Windo...', Array)
#3 /home/ali/Window/Coding Sight/PhpstormProjects/Assets/hotel-management/vendor/laravel/framework/src/Illuminate/View/View.php(125): Illuminate\\View\\View->getContents()
#4 /home/ali/Window/Coding Sight/PhpstormProjects/Assets/hotel-management/vendor/laravel/framework/src/Illuminate/View/View.php(90): Illuminate\\View\\View->renderContents()
#5 /home/ali/Window/Coding Sight/PhpstormProjects/Assets/hotel-management/vendor/laravel/framework/src/Illuminate/Http/Response.php(42): Illuminate\\View\\View->render()
#6 /home/ali/Window/Coding Sight/PhpstormProjects/Assets/hotel-management/vendor/symfony/http-foundation/Response.php(202): Illuminate\\Http\\Response->setContent(Object(Illuminate\\View\\View))
#7 /home/ali/Window/Coding Sight/PhpstormProjects/Assets/hotel-management/vendor/laravel/framework/src/Illuminate/Routing/Router.php(748): Symfony\\Component\\HttpFoundation\\Response->__construct(Object(Illuminate\\View\\View))
#8 /home/ali/Window/Coding Sight/PhpstormProjects/Assets/hotel-management/vendor/laravel/framework/src/Illuminate/Routing/Router.php(720): Illuminate\\Routing\\Router::toResponse(Object(Illuminate\\Http\\Request), Object(Illuminate\\View\\View))
#9 /home/ali/Window/Coding Sight/PhpstormProjects/Assets/hotel-management/vendor/laravel/framework/src/Illuminate/Routing/Router.php(680): Illuminate\\Routing\\Router->prepareResponse(Object(Illuminate\\Http\\Request), Object(Illuminate\\View\\View))
#10 /home/ali/Window/Coding Sight/PhpstormProjects/Assets/hotel-management/vendor/laravel/framework/src/Illuminate/Routing/Pipeline.php(30): Illuminate\\Routing\\Router->Illuminate\\Routing\\{closure}(Object(Illuminate\\Http\\Request))
#11 /home/ali/Window/Coding Sight/PhpstormProjects/Assets/hotel-management/vendor/laravel/framework/src/Illuminate/Routing/Middleware/SubstituteBindings.php(41): Illuminate\\Routing\\Pipeline->Illuminate\\Routing\\{closure}(Object(Illuminate\\Http\\Request))
#12 /home/ali/Window/Coding Sight/PhpstormProjects/Assets/hotel-management/vendor/laravel/framework/src/Illuminate/Pipeline/Pipeline.php(163): Illuminate\\Routing\\Middleware\\SubstituteBindings->handle(Object(Illuminate\\Http\\Request), Object(Closure))
#13 /home/ali/Window/Coding Sight/PhpstormProjects/Assets/hotel-management/vendor/laravel/framework/src/Illuminate/Routing/Pipeline.php(53): Illuminate\\Pipeline\\Pipeline->Illuminate\\Pipeline\\{closure}(Object(Illuminate\\Http\\Request))
#14 /home/ali/Window/Coding Sight/PhpstormProjects/Assets/hotel-management/vendor/laravel/framework/src/Illuminate/Foundation/Http/Middleware/VerifyCsrfToken.php(75): Illuminate\\Routing\\Pipeline->Illuminate\\Routing\\{closure}(Object(Illuminate\\Http\\Request))
#15 /home/ali/Window/Coding Sight/PhpstormProjects/Assets/hotel-management/vendor/laravel/framework/src/Illuminate/Pipeline/Pipeline.php(163): Illuminate\\Foundation\\Http\\Middleware\\VerifyCsrfToken->handle(Object(Illuminate\\Http\\Request), Object(Closure))
#16 /home/ali/Window/Coding Sight/PhpstormProjects/Assets/hotel-management/vendor/laravel/framework/src/Illuminate/Routing/Pipeline.php(53): Illuminate\\Pipeline\\Pipeline->Illuminate\\Pipeline\\{closure}(Object(Illuminate\\Http\\Request))
#17 /home/ali/Window/Coding Sight/PhpstormProjects/Assets/hotel-management/vendor/laravel/framework/src/Illuminate/View/Middleware/ShareErrorsFromSession.php(49): Illuminate\\Routing\\Pipeline->Illuminate\\Routing\\{closure}(Object(Illuminate\\Http\\Request))
#18 /home/ali/Window/Coding Sight/PhpstormProjects/Assets/hotel-management/vendor/laravel/framework/src/Illuminate/Pipeline/Pipeline.php(163): Illuminate\\View\\Middleware\\ShareErrorsFromSession->handle(Object(Illuminate\\Http\\Request), Object(Closure))
#19 /home/ali/Window/Coding Sight/PhpstormProjects/Assets/hotel-management/vendor/laravel/framework/src/Illuminate/Routing/Pipeline.php(53): Illuminate\\Pipeline\\Pipeline->Illuminate\\Pipeline\\{closure}(Object(Illuminate\\Http\\Request))
#20 /home/ali/Window/Coding Sight/PhpstormProjects/Assets/hotel-management/vendor/laravel/framework/src/Illuminate/Session/Middleware/StartSession.php(56): Illuminate\\Routing\\Pipeline->Illuminate\\Routing\\{closure}(Object(Illuminate\\Http\\Request))
#21 /home/ali/Window/Coding Sight/PhpstormProjects/Assets/hotel-management/vendor/laravel/framework/src/Illuminate/Pipeline/Pipeline.php(163): Illuminate\\Session\\Middleware\\StartSession->handle(Object(Illuminate\\Http\\Request), Object(Closure))
#22 /home/ali/Window/Coding Sight/PhpstormProjects/Assets/hotel-management/vendor/laravel/framework/src/Illuminate/Routing/Pipeline.php(53): Illuminate\\Pipeline\\Pipeline->Illuminate\\Pipeline\\{closure}(Object(Illuminate\\Http\\Request))
#23 /home/ali/Window/Coding Sight/PhpstormProjects/Assets/hotel-management/vendor/laravel/framework/src/Illuminate/Cookie/Middleware/AddQueuedCookiesToResponse.php(37): Illuminate\\Routing\\Pipeline->Illuminate\\Routing\\{closure}(Object(Illuminate\\Http\\Request))
#24 /home/ali/Window/Coding Sight/PhpstormProjects/Assets/hotel-management/vendor/laravel/framework/src/Illuminate/Pipeline/Pipeline.php(163): Illuminate\\Cookie\\Middleware\\AddQueuedCookiesToResponse->handle(Object(Illuminate\\Http\\Request), Object(Closure))
#25 /home/ali/Window/Coding Sight/PhpstormProjects/Assets/hotel-management/vendor/laravel/framework/src/Illuminate/Routing/Pipeline.php(53): Illuminate\\Pipeline\\Pipeline->Illuminate\\Pipeline\\{closure}(Object(Illuminate\\Http\\Request))
#26 /home/ali/Window/Coding Sight/PhpstormProjects/Assets/hotel-management/vendor/laravel/framework/src/Illuminate/Cookie/Middleware/EncryptCookies.php(66): Illuminate\\Routing\\Pipeline->Illuminate\\Routing\\{closure}(Object(Illuminate\\Http\\Request))
#27 /home/ali/Window/Coding Sight/PhpstormProjects/Assets/hotel-management/vendor/laravel/framework/src/Illuminate/Pipeline/Pipeline.php(163): Illuminate\\Cookie\\Middleware\\EncryptCookies->handle(Object(Illuminate\\Http\\Request), Object(Closure))
#28 /home/ali/Window/Coding Sight/PhpstormProjects/Assets/hotel-management/vendor/laravel/framework/src/Illuminate/Routing/Pipeline.php(53): Illuminate\\Pipeline\\Pipeline->Illuminate\\Pipeline\\{closure}(Object(Illuminate\\Http\\Request))
#29 /home/ali/Window/Coding Sight/PhpstormProjects/Assets/hotel-management/vendor/laravel/framework/src/Illuminate/Pipeline/Pipeline.php(104): Illuminate\\Routing\\Pipeline->Illuminate\\Routing\\{closure}(Object(Illuminate\\Http\\Request))
#30 /home/ali/Window/Coding Sight/PhpstormProjects/Assets/hotel-management/vendor/laravel/framework/src/Illuminate/Routing/Router.php(682): Illuminate\\Pipeline\\Pipeline->then(Object(Closure))
#31 /home/ali/Window/Coding Sight/PhpstormProjects/Assets/hotel-management/vendor/laravel/framework/src/Illuminate/Routing/Router.php(657): Illuminate\\Routing\\Router->runRouteWithinStack(Object(Illuminate\\Routing\\Route), Object(Illuminate\\Http\\Request))
#32 /home/ali/Window/Coding Sight/PhpstormProjects/Assets/hotel-management/vendor/laravel/framework/src/Illuminate/Routing/Router.php(623): Illuminate\\Routing\\Router->runRoute(Object(Illuminate\\Http\\Request), Object(Illuminate\\Routing\\Route))
#33 /home/ali/Window/Coding Sight/PhpstormProjects/Assets/hotel-management/vendor/laravel/framework/src/Illuminate/Routing/Router.php(612): Illuminate\\Routing\\Router->dispatchToRoute(Object(Illuminate\\Http\\Request))
#34 /home/ali/Window/Coding Sight/PhpstormProjects/Assets/hotel-management/vendor/laravel/framework/src/Illuminate/Foundation/Http/Kernel.php(176): Illuminate\\Routing\\Router->dispatch(Object(Illuminate\\Http\\Request))
#35 /home/ali/Window/Coding Sight/PhpstormProjects/Assets/hotel-management/vendor/laravel/framework/src/Illuminate/Routing/Pipeline.php(30): Illuminate\\Foundation\\Http\\Kernel->Illuminate\\Foundation\\Http\\{closure}(Object(Illuminate\\Http\\Request))
#36 /home/ali/Window/Coding Sight/PhpstormProjects/Assets/hotel-management/vendor/fideloper/proxy/src/TrustProxies.php(57): Illuminate\\Routing\\Pipeline->Illuminate\\Routing\\{closure}(Object(Illuminate\\Http\\Request))
#37 /home/ali/Window/Coding Sight/PhpstormProjects/Assets/hotel-management/vendor/laravel/framework/src/Illuminate/Pipeline/Pipeline.php(163): Fideloper\\Proxy\\TrustProxies->handle(Object(Illuminate\\Http\\Request), Object(Closure))
#38 /home/ali/Window/Coding Sight/PhpstormProjects/Assets/hotel-management/vendor/laravel/framework/src/Illuminate/Routing/Pipeline.php(53): Illuminate\\Pipeline\\Pipeline->Illuminate\\Pipeline\\{closure}(Object(Illuminate\\Http\\Request))
#39 /home/ali/Window/Coding Sight/PhpstormProjects/Assets/hotel-management/vendor/laravel/framework/src/Illuminate/Foundation/Http/Middleware/TransformsRequest.php(21): Illuminate\\Routing\\Pipeline->Illuminate\\Routing\\{closure}(Object(Illuminate\\Http\\Request))
#40 /home/ali/Window/Coding Sight/PhpstormProjects/Assets/hotel-management/vendor/laravel/framework/src/Illuminate/Pipeline/Pipeline.php(163): Illuminate\\Foundation\\Http\\Middleware\\TransformsRequest->handle(Object(Illuminate\\Http\\Request), Object(Closure))
#41 /home/ali/Window/Coding Sight/PhpstormProjects/Assets/hotel-management/vendor/laravel/framework/src/Illuminate/Routing/Pipeline.php(53): Illuminate\\Pipeline\\Pipeline->Illuminate\\Pipeline\\{closure}(Object(Illuminate\\Http\\Request))
#42 /home/ali/Window/Coding Sight/PhpstormProjects/Assets/hotel-management/vendor/laravel/framework/src/Illuminate/Foundation/Http/Middleware/TransformsRequest.php(21): Illuminate\\Routing\\Pipeline->Illuminate\\Routing\\{closure}(Object(Illuminate\\Http\\Request))
#43 /home/ali/Window/Coding Sight/PhpstormProjects/Assets/hotel-management/vendor/laravel/framework/src/Illuminate/Pipeline/Pipeline.php(163): Illuminate\\Foundation\\Http\\Middleware\\TransformsRequest->handle(Object(Illuminate\\Http\\Request), Object(Closure))
#44 /home/ali/Window/Coding Sight/PhpstormProjects/Assets/hotel-management/vendor/laravel/framework/src/Illuminate/Routing/Pipeline.php(53): Illuminate\\Pipeline\\Pipeline->Illuminate\\Pipeline\\{closure}(Object(Illuminate\\Http\\Request))
#45 /home/ali/Window/Coding Sight/PhpstormProjects/Assets/hotel-management/vendor/laravel/framework/src/Illuminate/Foundation/Http/Middleware/ValidatePostSize.php(27): Illuminate\\Routing\\Pipeline->Illuminate\\Routing\\{closure}(Object(Illuminate\\Http\\Request))
#46 /home/ali/Window/Coding Sight/PhpstormProjects/Assets/hotel-management/vendor/laravel/framework/src/Illuminate/Pipeline/Pipeline.php(163): Illuminate\\Foundation\\Http\\Middleware\\ValidatePostSize->handle(Object(Illuminate\\Http\\Request), Object(Closure))
#47 /home/ali/Window/Coding Sight/PhpstormProjects/Assets/hotel-management/vendor/laravel/framework/src/Illuminate/Routing/Pipeline.php(53): Illuminate\\Pipeline\\Pipeline->Illuminate\\Pipeline\\{closure}(Object(Illuminate\\Http\\Request))
#48 /home/ali/Window/Coding Sight/PhpstormProjects/Assets/hotel-management/vendor/laravel/framework/src/Illuminate/Foundation/Http/Middleware/CheckForMaintenanceMode.php(62): Illuminate\\Routing\\Pipeline->Illuminate\\Routing\\{closure}(Object(Illuminate\\Http\\Request))
#49 /home/ali/Window/Coding Sight/PhpstormProjects/Assets/hotel-management/vendor/laravel/framework/src/Illuminate/Pipeline/Pipeline.php(163): Illuminate\\Foundation\\Http\\Middleware\\CheckForMaintenanceMode->handle(Object(Illuminate\\Http\\Request), Object(Closure))
#50 /home/ali/Window/Coding Sight/PhpstormProjects/Assets/hotel-management/vendor/laravel/framework/src/Illuminate/Routing/Pipeline.php(53): Illuminate\\Pipeline\\Pipeline->Illuminate\\Pipeline\\{closure}(Object(Illuminate\\Http\\Request))
#51 /home/ali/Window/Coding Sight/PhpstormProjects/Assets/hotel-management/vendor/laravel/framework/src/Illuminate/Pipeline/Pipeline.php(104): Illuminate\\Routing\\Pipeline->Illuminate\\Routing\\{closure}(Object(Illuminate\\Http\\Request))
#52 /home/ali/Window/Coding Sight/PhpstormProjects/Assets/hotel-management/vendor/laravel/framework/src/Illuminate/Foundation/Http/Kernel.php(151): Illuminate\\Pipeline\\Pipeline->then(Object(Closure))
#53 /home/ali/Window/Coding Sight/PhpstormProjects/Assets/hotel-management/vendor/laravel/framework/src/Illuminate/Foundation/Http/Kernel.php(116): Illuminate\\Foundation\\Http\\Kernel->sendRequestThroughRouter(Object(Illuminate\\Http\\Request))
#54 /home/ali/Window/Coding Sight/PhpstormProjects/Assets/hotel-management/public/index.php(55): Illuminate\\Foundation\\Http\\Kernel->handle(Object(Illuminate\\Http\\Request))
#55 /home/ali/Window/Coding Sight/PhpstormProjects/Assets/hotel-management/server.php(21): require_once('/home/ali/Windo...')
#56 {main}
"} 
[2020-05-10 08:41:59] local.ERROR: Trying to get property 'role' of non-object (View: /home/ali/Window/Coding Sight/PhpstormProjects/Assets/hotel-management/resources/views/layouts/header.blade.php) (View: /home/ali/Window/Coding Sight/PhpstormProjects/Assets/hotel-management/resources/views/layouts/header.blade.php) (View: /home/ali/Window/Coding Sight/PhpstormProjects/Assets/hotel-management/resources/views/layouts/header.blade.php) {"exception":"[object] (ErrorException(code: 0): Trying to get property 'role' of non-object (View: /home/ali/Window/Coding Sight/PhpstormProjects/Assets/hotel-management/resources/views/layouts/header.blade.php) (View: /home/ali/Window/Coding Sight/PhpstormProjects/Assets/hotel-management/resources/views/layouts/header.blade.php) (View: /home/ali/Window/Coding Sight/PhpstormProjects/Assets/hotel-management/resources/views/layouts/header.blade.php) at /home/ali/Window/Coding Sight/PhpstormProjects/Assets/hotel-management/storage/framework/views/2a0c9c415d7f6ddae19e986142d0849f52af8701.php:3, ErrorException(code: 0): Trying to get property 'role' of non-object (View: /home/ali/Window/Coding Sight/PhpstormProjects/Assets/hotel-management/resources/views/layouts/header.blade.php) (View: /home/ali/Window/Coding Sight/PhpstormProjects/Assets/hotel-management/resources/views/layouts/header.blade.php) at /home/ali/Window/Coding Sight/PhpstormProjects/Assets/hotel-management/storage/framework/views/2a0c9c415d7f6ddae19e986142d0849f52af8701.php:3, ErrorException(code: 0): Trying to get property 'role' of non-object (View: /home/ali/Window/Coding Sight/PhpstormProjects/Assets/hotel-management/resources/views/layouts/header.blade.php) at /home/ali/Window/Coding Sight/PhpstormProjects/Assets/hotel-management/storage/framework/views/2a0c9c415d7f6ddae19e986142d0849f52af8701.php:3, ErrorException(code: 0): Trying to get property 'role' of non-object at /home/ali/Window/Coding Sight/PhpstormProjects/Assets/hotel-management/storage/framework/views/2a0c9c415d7f6ddae19e986142d0849f52af8701.php:3)
[stacktrace]
#0 /home/ali/Window/Coding Sight/PhpstormProjects/Assets/hotel-management/vendor/laravel/framework/src/Illuminate/View/Engines/PhpEngine.php(45): Illuminate\\View\\Engines\\CompilerEngine->handleViewException(Object(ErrorException), 1)
#1 /home/ali/Window/Coding Sight/PhpstormProjects/Assets/hotel-management/vendor/laravel/framework/src/Illuminate/View/Engines/CompilerEngine.php(59): Illuminate\\View\\Engines\\PhpEngine->evaluatePath('/home/ali/Windo...', Array)
#2 /home/ali/Window/Coding Sight/PhpstormProjects/Assets/hotel-management/vendor/laravel/framework/src/Illuminate/View/View.php(142): Illuminate\\View\\Engines\\CompilerEngine->get('/home/ali/Windo...', Array)
#3 /home/ali/Window/Coding Sight/PhpstormProjects/Assets/hotel-management/vendor/laravel/framework/src/Illuminate/View/View.php(125): Illuminate\\View\\View->getContents()
#4 /home/ali/Window/Coding Sight/PhpstormProjects/Assets/hotel-management/vendor/laravel/framework/src/Illuminate/View/View.php(90): Illuminate\\View\\View->renderContents()
#5 /home/ali/Window/Coding Sight/PhpstormProjects/Assets/hotel-management/vendor/laravel/framework/src/Illuminate/Http/Response.php(42): Illuminate\\View\\View->render()
#6 /home/ali/Window/Coding Sight/PhpstormProjects/Assets/hotel-management/vendor/symfony/http-foundation/Response.php(202): Illuminate\\Http\\Response->setContent(Object(Illuminate\\View\\View))
#7 /home/ali/Window/Coding Sight/PhpstormProjects/Assets/hotel-management/vendor/laravel/framework/src/Illuminate/Routing/Router.php(748): Symfony\\Component\\HttpFoundation\\Response->__construct(Object(Illuminate\\View\\View))
#8 /home/ali/Window/Coding Sight/PhpstormProjects/Assets/hotel-management/vendor/laravel/framework/src/Illuminate/Routing/Router.php(720): Illuminate\\Routing\\Router::toResponse(Object(Illuminate\\Http\\Request), Object(Illuminate\\View\\View))
#9 /home/ali/Window/Coding Sight/PhpstormProjects/Assets/hotel-management/vendor/laravel/framework/src/Illuminate/Routing/Router.php(680): Illuminate\\Routing\\Router->prepareResponse(Object(Illuminate\\Http\\Request), Object(Illuminate\\View\\View))
#10 /home/ali/Window/Coding Sight/PhpstormProjects/Assets/hotel-management/vendor/laravel/framework/src/Illuminate/Routing/Pipeline.php(30): Illuminate\\Routing\\Router->Illuminate\\Routing\\{closure}(Object(Illuminate\\Http\\Request))
#11 /home/ali/Window/Coding Sight/PhpstormProjects/Assets/hotel-management/vendor/laravel/framework/src/Illuminate/Routing/Middleware/SubstituteBindings.php(41): Illuminate\\Routing\\Pipeline->Illuminate\\Routing\\{closure}(Object(Illuminate\\Http\\Request))
#12 /home/ali/Window/Coding Sight/PhpstormProjects/Assets/hotel-management/vendor/laravel/framework/src/Illuminate/Pipeline/Pipeline.php(163): Illuminate\\Routing\\Middleware\\SubstituteBindings->handle(Object(Illuminate\\Http\\Request), Object(Closure))
#13 /home/ali/Window/Coding Sight/PhpstormProjects/Assets/hotel-management/vendor/laravel/framework/src/Illuminate/Routing/Pipeline.php(53): Illuminate\\Pipeline\\Pipeline->Illuminate\\Pipeline\\{closure}(Object(Illuminate\\Http\\Request))
#14 /home/ali/Window/Coding Sight/PhpstormProjects/Assets/hotel-management/vendor/laravel/framework/src/Illuminate/Foundation/Http/Middleware/VerifyCsrfToken.php(75): Illuminate\\Routing\\Pipeline->Illuminate\\Routing\\{closure}(Object(Illuminate\\Http\\Request))
#15 /home/ali/Window/Coding Sight/PhpstormProjects/Assets/hotel-management/vendor/laravel/framework/src/Illuminate/Pipeline/Pipeline.php(163): Illuminate\\Foundation\\Http\\Middleware\\VerifyCsrfToken->handle(Object(Illuminate\\Http\\Request), Object(Closure))
#16 /home/ali/Window/Coding Sight/PhpstormProjects/Assets/hotel-management/vendor/laravel/framework/src/Illuminate/Routing/Pipeline.php(53): Illuminate\\Pipeline\\Pipeline->Illuminate\\Pipeline\\{closure}(Object(Illuminate\\Http\\Request))
#17 /home/ali/Window/Coding Sight/PhpstormProjects/Assets/hotel-management/vendor/laravel/framework/src/Illuminate/View/Middleware/ShareErrorsFromSession.php(49): Illuminate\\Routing\\Pipeline->Illuminate\\Routing\\{closure}(Object(Illuminate\\Http\\Request))
#18 /home/ali/Window/Coding Sight/PhpstormProjects/Assets/hotel-management/vendor/laravel/framework/src/Illuminate/Pipeline/Pipeline.php(163): Illuminate\\View\\Middleware\\ShareErrorsFromSession->handle(Object(Illuminate\\Http\\Request), Object(Closure))
#19 /home/ali/Window/Coding Sight/PhpstormProjects/Assets/hotel-management/vendor/laravel/framework/src/Illuminate/Routing/Pipeline.php(53): Illuminate\\Pipeline\\Pipeline->Illuminate\\Pipeline\\{closure}(Object(Illuminate\\Http\\Request))
#20 /home/ali/Window/Coding Sight/PhpstormProjects/Assets/hotel-management/vendor/laravel/framework/src/Illuminate/Session/Middleware/StartSession.php(56): Illuminate\\Routing\\Pipeline->Illuminate\\Routing\\{closure}(Object(Illuminate\\Http\\Request))
#21 /home/ali/Window/Coding Sight/PhpstormProjects/Assets/hotel-management/vendor/laravel/framework/src/Illuminate/Pipeline/Pipeline.php(163): Illuminate\\Session\\Middleware\\StartSession->handle(Object(Illuminate\\Http\\Request), Object(Closure))
#22 /home/ali/Window/Coding Sight/PhpstormProjects/Assets/hotel-management/vendor/laravel/framework/src/Illuminate/Routing/Pipeline.php(53): Illuminate\\Pipeline\\Pipeline->Illuminate\\Pipeline\\{closure}(Object(Illuminate\\Http\\Request))
#23 /home/ali/Window/Coding Sight/PhpstormProjects/Assets/hotel-management/vendor/laravel/framework/src/Illuminate/Cookie/Middleware/AddQueuedCookiesToResponse.php(37): Illuminate\\Routing\\Pipeline->Illuminate\\Routing\\{closure}(Object(Illuminate\\Http\\Request))
#24 /home/ali/Window/Coding Sight/PhpstormProjects/Assets/hotel-management/vendor/laravel/framework/src/Illuminate/Pipeline/Pipeline.php(163): Illuminate\\Cookie\\Middleware\\AddQueuedCookiesToResponse->handle(Object(Illuminate\\Http\\Request), Object(Closure))
#25 /home/ali/Window/Coding Sight/PhpstormProjects/Assets/hotel-management/vendor/laravel/framework/src/Illuminate/Routing/Pipeline.php(53): Illuminate\\Pipeline\\Pipeline->Illuminate\\Pipeline\\{closure}(Object(Illuminate\\Http\\Request))
#26 /home/ali/Window/Coding Sight/PhpstormProjects/Assets/hotel-management/vendor/laravel/framework/src/Illuminate/Cookie/Middleware/EncryptCookies.php(66): Illuminate\\Routing\\Pipeline->Illuminate\\Routing\\{closure}(Object(Illuminate\\Http\\Request))
#27 /home/ali/Window/Coding Sight/PhpstormProjects/Assets/hotel-management/vendor/laravel/framework/src/Illuminate/Pipeline/Pipeline.php(163): Illuminate\\Cookie\\Middleware\\EncryptCookies->handle(Object(Illuminate\\Http\\Request), Object(Closure))
#28 /home/ali/Window/Coding Sight/PhpstormProjects/Assets/hotel-management/vendor/laravel/framework/src/Illuminate/Routing/Pipeline.php(53): Illuminate\\Pipeline\\Pipeline->Illuminate\\Pipeline\\{closure}(Object(Illuminate\\Http\\Request))
#29 /home/ali/Window/Coding Sight/PhpstormProjects/Assets/hotel-management/vendor/laravel/framework/src/Illuminate/Pipeline/Pipeline.php(104): Illuminate\\Routing\\Pipeline->Illuminate\\Routing\\{closure}(Object(Illuminate\\Http\\Request))
#30 /home/ali/Window/Coding Sight/PhpstormProjects/Assets/hotel-management/vendor/laravel/framework/src/Illuminate/Routing/Router.php(682): Illuminate\\Pipeline\\Pipeline->then(Object(Closure))
#31 /home/ali/Window/Coding Sight/PhpstormProjects/Assets/hotel-management/vendor/laravel/framework/src/Illuminate/Routing/Router.php(657): Illuminate\\Routing\\Router->runRouteWithinStack(Object(Illuminate\\Routing\\Route), Object(Illuminate\\Http\\Request))
#32 /home/ali/Window/Coding Sight/PhpstormProjects/Assets/hotel-management/vendor/laravel/framework/src/Illuminate/Routing/Router.php(623): Illuminate\\Routing\\Router->runRoute(Object(Illuminate\\Http\\Request), Object(Illuminate\\Routing\\Route))
#33 /home/ali/Window/Coding Sight/PhpstormProjects/Assets/hotel-management/vendor/laravel/framework/src/Illuminate/Routing/Router.php(612): Illuminate\\Routing\\Router->dispatchToRoute(Object(Illuminate\\Http\\Request))
#34 /home/ali/Window/Coding Sight/PhpstormProjects/Assets/hotel-management/vendor/laravel/framework/src/Illuminate/Foundation/Http/Kernel.php(176): Illuminate\\Routing\\Router->dispatch(Object(Illuminate\\Http\\Request))
#35 /home/ali/Window/Coding Sight/PhpstormProjects/Assets/hotel-management/vendor/laravel/framework/src/Illuminate/Routing/Pipeline.php(30): Illuminate\\Foundation\\Http\\Kernel->Illuminate\\Foundation\\Http\\{closure}(Object(Illuminate\\Http\\Request))
#36 /home/ali/Window/Coding Sight/PhpstormProjects/Assets/hotel-management/vendor/fideloper/proxy/src/TrustProxies.php(57): Illuminate\\Routing\\Pipeline->Illuminate\\Routing\\{closure}(Object(Illuminate\\Http\\Request))
#37 /home/ali/Window/Coding Sight/PhpstormProjects/Assets/hotel-management/vendor/laravel/framework/src/Illuminate/Pipeline/Pipeline.php(163): Fideloper\\Proxy\\TrustProxies->handle(Object(Illuminate\\Http\\Request), Object(Closure))
#38 /home/ali/Window/Coding Sight/PhpstormProjects/Assets/hotel-management/vendor/laravel/framework/src/Illuminate/Routing/Pipeline.php(53): Illuminate\\Pipeline\\Pipeline->Illuminate\\Pipeline\\{closure}(Object(Illuminate\\Http\\Request))
#39 /home/ali/Window/Coding Sight/PhpstormProjects/Assets/hotel-management/vendor/laravel/framework/src/Illuminate/Foundation/Http/Middleware/TransformsRequest.php(21): Illuminate\\Routing\\Pipeline->Illuminate\\Routing\\{closure}(Object(Illuminate\\Http\\Request))
#40 /home/ali/Window/Coding Sight/PhpstormProjects/Assets/hotel-management/vendor/laravel/framework/src/Illuminate/Pipeline/Pipeline.php(163): Illuminate\\Foundation\\Http\\Middleware\\TransformsRequest->handle(Object(Illuminate\\Http\\Request), Object(Closure))
#41 /home/ali/Window/Coding Sight/PhpstormProjects/Assets/hotel-management/vendor/laravel/framework/src/Illuminate/Routing/Pipeline.php(53): Illuminate\\Pipeline\\Pipeline->Illuminate\\Pipeline\\{closure}(Object(Illuminate\\Http\\Request))
#42 /home/ali/Window/Coding Sight/PhpstormProjects/Assets/hotel-management/vendor/laravel/framework/src/Illuminate/Foundation/Http/Middleware/TransformsRequest.php(21): Illuminate\\Routing\\Pipeline->Illuminate\\Routing\\{closure}(Object(Illuminate\\Http\\Request))
#43 /home/ali/Window/Coding Sight/PhpstormProjects/Assets/hotel-management/vendor/laravel/framework/src/Illuminate/Pipeline/Pipeline.php(163): Illuminate\\Foundation\\Http\\Middleware\\TransformsRequest->handle(Object(Illuminate\\Http\\Request), Object(Closure))
#44 /home/ali/Window/Coding Sight/PhpstormProjects/Assets/hotel-management/vendor/laravel/framework/src/Illuminate/Routing/Pipeline.php(53): Illuminate\\Pipeline\\Pipeline->Illuminate\\Pipeline\\{closure}(Object(Illuminate\\Http\\Request))
#45 /home/ali/Window/Coding Sight/PhpstormProjects/Assets/hotel-management/vendor/laravel/framework/src/Illuminate/Foundation/Http/Middleware/ValidatePostSize.php(27): Illuminate\\Routing\\Pipeline->Illuminate\\Routing\\{closure}(Object(Illuminate\\Http\\Request))
#46 /home/ali/Window/Coding Sight/PhpstormProjects/Assets/hotel-management/vendor/laravel/framework/src/Illuminate/Pipeline/Pipeline.php(163): Illuminate\\Foundation\\Http\\Middleware\\ValidatePostSize->handle(Object(Illuminate\\Http\\Request), Object(Closure))
#47 /home/ali/Window/Coding Sight/PhpstormProjects/Assets/hotel-management/vendor/laravel/framework/src/Illuminate/Routing/Pipeline.php(53): Illuminate\\Pipeline\\Pipeline->Illuminate\\Pipeline\\{closure}(Object(Illuminate\\Http\\Request))
#48 /home/ali/Window/Coding Sight/PhpstormProjects/Assets/hotel-management/vendor/laravel/framework/src/Illuminate/Foundation/Http/Middleware/CheckForMaintenanceMode.php(62): Illuminate\\Routing\\Pipeline->Illuminate\\Routing\\{closure}(Object(Illuminate\\Http\\Request))
#49 /home/ali/Window/Coding Sight/PhpstormProjects/Assets/hotel-management/vendor/laravel/framework/src/Illuminate/Pipeline/Pipeline.php(163): Illuminate\\Foundation\\Http\\Middleware\\CheckForMaintenanceMode->handle(Object(Illuminate\\Http\\Request), Object(Closure))
#50 /home/ali/Window/Coding Sight/PhpstormProjects/Assets/hotel-management/vendor/laravel/framework/src/Illuminate/Routing/Pipeline.php(53): Illuminate\\Pipeline\\Pipeline->Illuminate\\Pipeline\\{closure}(Object(Illuminate\\Http\\Request))
#51 /home/ali/Window/Coding Sight/PhpstormProjects/Assets/hotel-management/vendor/laravel/framework/src/Illuminate/Pipeline/Pipeline.php(104): Illuminate\\Routing\\Pipeline->Illuminate\\Routing\\{closure}(Object(Illuminate\\Http\\Request))
#52 /home/ali/Window/Coding Sight/PhpstormProjects/Assets/hotel-management/vendor/laravel/framework/src/Illuminate/Foundation/Http/Kernel.php(151): Illuminate\\Pipeline\\Pipeline->then(Object(Closure))
#53 /home/ali/Window/Coding Sight/PhpstormProjects/Assets/hotel-management/vendor/laravel/framework/src/Illuminate/Foundation/Http/Kernel.php(116): Illuminate\\Foundation\\Http\\Kernel->sendRequestThroughRouter(Object(Illuminate\\Http\\Request))
#54 /home/ali/Window/Coding Sight/PhpstormProjects/Assets/hotel-management/public/index.php(55): Illuminate\\Foundation\\Http\\Kernel->handle(Object(Illuminate\\Http\\Request))
#55 /home/ali/Window/Coding Sight/PhpstormProjects/Assets/hotel-management/server.php(21): require_once('/home/ali/Windo...')
#56 {main}
"} 
